<?xml version="1.0" encoding="UTF-8"?>
<coverage generated="1467094788923" clover="3.2.0">
	<project timestamp="1467094788924"  name="All Files" >
		<metrics statements="1258"  coveredstatements="1061"  conditionals="1227"  coveredconditionals="732"  methods="415"  coveredmethods="371"  elements="2900"  coveredelements="2164"  complexity="0"  packages="15"  files="55"  classes="55"  loc="4867"  ncloc="4867" />
		<package name="__mocks__" >
			<metrics statements="22"  coveredstatements="22"  conditionals="27"  coveredconditionals="13"  methods="16"  coveredmethods="6" />
			<file name="react-native-router-flux.js"  path="/Users/lebui/equix/src/__mocks__/react-native-router-flux.js" >
				<metrics statements="1"  coveredstatements="1"  conditionals="0"  coveredconditionals="0"  methods="3"  coveredmethods="0" />
				<line num="1"  count="8"  type="stmt" />
			</file>
			<file name="react-native.js"  path="/Users/lebui/equix/src/__mocks__/react-native.js" >
				<metrics statements="21"  coveredstatements="21"  conditionals="27"  coveredconditionals="13"  methods="13"  coveredmethods="6" />
				<line num="1"  count="2"  type="cond"  truecount="13"  falsecount="14" />
				<line num="12"  count="1"  type="stmt" />
				<line num="13"  count="1"  type="stmt" />
				<line num="20"  count="1"  type="stmt" />
				<line num="22"  count="1"  type="stmt" />
				<line num="25"  count="1"  type="stmt" />
				<line num="26"  count="1"  type="stmt" />
				<line num="28"  count="1"  type="stmt" />
				<line num="29"  count="1"  type="stmt" />
				<line num="36"  count="1"  type="stmt" />
				<line num="37"  count="1"  type="stmt" />
				<line num="38"  count="1"  type="stmt" />
				<line num="39"  count="1"  type="stmt" />
				<line num="40"  count="1"  type="stmt" />
				<line num="41"  count="1"  type="stmt" />
				<line num="42"  count="1"  type="stmt" />
				<line num="43"  count="1"  type="stmt" />
				<line num="44"  count="1"  type="stmt" />
				<line num="45"  count="1"  type="stmt" />
				<line num="47"  count="1"  type="stmt" />
				<line num="48"  count="1"  type="stmt" />
			</file>
		</package>
		<package name="components" >
			<metrics statements="8"  coveredstatements="8"  conditionals="31"  coveredconditionals="18"  methods="10"  coveredmethods="10" />
			<file name="FormTestView.js"  path="/Users/lebui/equix/src/components/FormTestView.js" >
				<metrics statements="8"  coveredstatements="8"  conditionals="31"  coveredconditionals="18"  methods="10"  coveredmethods="10" />
				<line num="1"  count="2"  type="cond"  truecount="18"  falsecount="13" />
				<line num="5"  count="1"  type="stmt" />
				<line num="7"  count="2"  type="stmt" />
				<line num="8"  count="1"  type="stmt" />
				<line num="12"  count="2"  type="stmt" />
				<line num="13"  count="2"  type="stmt" />
				<line num="14"  count="1"  type="stmt" />
				<line num="20"  count="1"  type="stmt" />
			</file>
		</package>
		<package name="lib" >
			<metrics statements="68"  coveredstatements="65"  conditionals="34"  coveredconditionals="26"  methods="27"  coveredmethods="26" />
			<file name="QuantEdge.js"  path="/Users/lebui/equix/src/lib/QuantEdge.js" >
				<metrics statements="41"  coveredstatements="40"  conditionals="16"  coveredconditionals="11"  methods="24"  coveredmethods="23" />
				<line num="1"  count="153"  type="cond"  truecount="5"  falsecount="3" />
				<line num="5"  count="11"  type="cond"  truecount="4"  falsecount="2" />
				<line num="6"  count="9"  type="stmt" />
				<line num="7"  count="9"  type="stmt" />
				<line num="11"  count="11"  type="stmt" />
				<line num="12"  count="11"  type="cond"  truecount="2"  falsecount="0" />
				<line num="13"  count="9"  type="stmt" />
				<line num="15"  count="9"  type="stmt" />
				<line num="19"  count="10"  type="stmt" />
				<line num="20"  count="10"  type="stmt" />
				<line num="21"  count="10"  type="stmt" />
				<line num="25"  count="2"  type="stmt" />
				<line num="26"  count="2"  type="stmt" />
				<line num="27"  count="2"  type="stmt" />
				<line num="28"  count="2"  type="stmt" />
				<line num="32"  count="2"  type="stmt" />
				<line num="36"  count="2"  type="stmt" />
				<line num="37"  count="2"  type="stmt" />
				<line num="38"  count="2"  type="stmt" />
				<line num="42"  count="2"  type="stmt" />
				<line num="46"  count="6"  type="stmt" />
				<line num="47"  count="6"  type="stmt" />
				<line num="48"  count="6"  type="stmt" />
				<line num="49"  count="6"  type="stmt" />
				<line num="50"  count="6"  type="stmt" />
				<line num="51"  count="6"  type="stmt" />
				<line num="52"  count="6"  type="stmt" />
				<line num="53"  count="6"  type="stmt" />
				<line num="54"  count="6"  type="stmt" />
				<line num="57"  count="1"  type="stmt" />
				<line num="58"  count="1"  type="stmt" />
				<line num="61"  count="1"  type="stmt" />
				<line num="64"  count="1"  type="stmt" />
				<line num="67"  count="19"  type="stmt" />
				<line num="70"  count="2"  type="stmt" />
				<line num="73"  count="2"  type="stmt" />
				<line num="76"  count="14"  type="stmt" />
				<line num="79"  count="5"  type="stmt" />
				<line num="82"  count="1"  type="stmt" />
				<line num="85"  count="0"  type="stmt" />
				<line num="88"  count="9"  type="stmt" />
			</file>
			<file name="config.js"  path="/Users/lebui/equix/src/lib/config.js" >
				<metrics statements="1"  coveredstatements="1"  conditionals="0"  coveredconditionals="0"  methods="0"  coveredmethods="0" />
				<line num="1"  count="14"  type="stmt" />
			</file>
			<file name="constants.js"  path="/Users/lebui/equix/src/lib/constants.js" >
				<metrics statements="1"  coveredstatements="1"  conditionals="4"  coveredconditionals="3"  methods="1"  coveredmethods="1" />
				<line num="1"  count="17"  type="cond"  truecount="3"  falsecount="1" />
			</file>
			<file name="fieldValidation.js"  path="/Users/lebui/equix/src/lib/fieldValidation.js" >
				<metrics statements="25"  coveredstatements="23"  conditionals="14"  coveredconditionals="12"  methods="2"  coveredmethods="2" />
				<line num="1"  count="2"  type="stmt" />
				<line num="70"  count="6"  type="cond"  truecount="3"  falsecount="1" />
				<line num="71"  count="6"  type="stmt" />
				<line num="72"  count="6"  type="cond"  truecount="2"  falsecount="0" />
				<line num="78"  count="3"  type="stmt" />
				<line num="79"  count="3"  type="stmt" />
				<line num="80"  count="3"  type="cond"  truecount="4"  falsecount="0" />
				<line num="81"  count="2"  type="stmt" />
				<line num="83"  count="3"  type="cond"  truecount="2"  falsecount="0" />
				<line num="84"  count="1"  type="stmt" />
				<line num="86"  count="1"  type="stmt" />
				<line num="87"  count="1"  type="stmt" />
				<line num="89"  count="2"  type="stmt" />
				<line num="91"  count="2"  type="stmt" />
				<line num="92"  count="2"  type="stmt" />
				<line num="94"  count="0"  type="stmt" />
				<line num="103"  count="2"  type="stmt" />
				<line num="105"  count="2"  type="stmt" />
				<line num="106"  count="2"  type="stmt" />
				<line num="107"  count="2"  type="cond"  truecount="1"  falsecount="1" />
				<line num="108"  count="2"  type="stmt" />
				<line num="110"  count="0"  type="stmt" />
				<line num="112"  count="2"  type="stmt" />
				<line num="113"  count="2"  type="stmt" />
				<line num="115"  count="3"  type="stmt" />
			</file>
		</package>
		<package name="lib.__mocks__" >
			<metrics statements="21"  coveredstatements="21"  conditionals="60"  coveredconditionals="25"  methods="31"  coveredmethods="31" />
			<file name="AppAuthToken.js"  path="/Users/lebui/equix/src/lib/__mocks__/AppAuthToken.js" >
				<metrics statements="6"  coveredstatements="6"  conditionals="22"  coveredconditionals="9"  methods="12"  coveredmethods="12" />
				<line num="1"  count="6"  type="cond"  truecount="6"  falsecount="4" />
				<line num="12"  count="2"  type="stmt" />
				<line num="13"  count="2"  type="cond"  truecount="1"  falsecount="3" />
				<line num="23"  count="1"  type="cond"  truecount="1"  falsecount="3" />
				<line num="32"  count="1"  type="cond"  truecount="1"  falsecount="3" />
				<line num="38"  count="2"  type="stmt" />
			</file>
			<file name="Backend.js"  path="/Users/lebui/equix/src/lib/__mocks__/Backend.js" >
				<metrics statements="12"  coveredstatements="12"  conditionals="34"  coveredconditionals="12"  methods="18"  coveredmethods="18" />
				<line num="1"  count="18"  type="cond"  truecount="6"  falsecount="4" />
				<line num="13"  count="3"  type="stmt" />
				<line num="22"  count="7"  type="stmt" />
				<line num="23"  count="7"  type="stmt" />
				<line num="26"  count="7"  type="stmt" />
				<line num="29"  count="7"  type="cond"  truecount="1"  falsecount="3" />
				<line num="36"  count="1"  type="cond"  truecount="1"  falsecount="3" />
				<line num="43"  count="1"  type="cond"  truecount="1"  falsecount="3" />
				<line num="50"  count="1"  type="cond"  truecount="1"  falsecount="3" />
				<line num="57"  count="1"  type="cond"  truecount="1"  falsecount="3" />
				<line num="64"  count="1"  type="cond"  truecount="1"  falsecount="3" />
				<line num="71"  count="3"  type="stmt" />
			</file>
			<file name="BackendFactory.js"  path="/Users/lebui/equix/src/lib/__mocks__/BackendFactory.js" >
				<metrics statements="3"  coveredstatements="3"  conditionals="4"  coveredconditionals="4"  methods="1"  coveredmethods="1" />
				<line num="1"  count="2"  type="stmt" />
				<line num="13"  count="5"  type="cond"  truecount="4"  falsecount="0" />
				<line num="14"  count="5"  type="stmt" />
			</file>
		</package>
		<package name="lib.base" >
			<metrics statements="735"  coveredstatements="556"  conditionals="630"  coveredconditionals="361"  methods="206"  coveredmethods="188" />
			<file name="DataManager.js"  path="/Users/lebui/equix/src/lib/base/DataManager.js" >
				<metrics statements="201"  coveredstatements="182"  conditionals="115"  coveredconditionals="93"  methods="28"  coveredmethods="28" />
				<line num="1"  count="294"  type="cond"  truecount="5"  falsecount="3" />
				<line num="4"  count="14"  type="stmt" />
				<line num="5"  count="14"  type="cond"  truecount="4"  falsecount="6" />
				<line num="10"  count="14"  type="stmt" />
				<line num="11"  count="14"  type="stmt" />
				<line num="12"  count="14"  type="stmt" />
				<line num="13"  count="14"  type="stmt" />
				<line num="14"  count="14"  type="stmt" />
				<line num="15"  count="14"  type="stmt" />
				<line num="16"  count="14"  type="stmt" />
				<line num="18"  count="14"  type="stmt" />
				<line num="20"  count="14"  type="stmt" />
				<line num="25"  count="14"  type="stmt" />
				<line num="29"  count="11"  type="stmt" />
				<line num="30"  count="14"  type="stmt" />
				<line num="34"  count="7"  type="stmt" />
				<line num="36"  count="7"  type="cond"  truecount="2"  falsecount="0" />
				<line num="38"  count="1"  type="stmt" />
				<line num="41"  count="1"  type="stmt" />
				<line num="42"  count="1"  type="stmt" />
				<line num="43"  count="1"  type="cond"  truecount="1"  falsecount="1" />
				<line num="44"  count="1"  type="stmt" />
				<line num="46"  count="1"  type="stmt" />
				<line num="47"  count="1"  type="stmt" />
				<line num="49"  count="1"  type="stmt" />
				<line num="50"  count="1"  type="cond"  truecount="1"  falsecount="1" />
				<line num="51"  count="1"  type="stmt" />
				<line num="53"  count="1"  type="stmt" />
				<line num="54"  count="1"  type="stmt" />
				<line num="56"  count="1"  type="stmt" />
				<line num="57"  count="1"  type="stmt" />
				<line num="60"  count="1"  type="stmt" />
				<line num="61"  count="1"  type="stmt" />
				<line num="66"  count="5"  type="stmt" />
				<line num="67"  count="5"  type="stmt" />
				<line num="68"  count="5"  type="cond"  truecount="2"  falsecount="0" />
				<line num="69"  count="3"  type="stmt" />
				<line num="72"  count="2"  type="cond"  truecount="2"  falsecount="0" />
				<line num="73"  count="1"  type="stmt" />
				<line num="76"  count="2"  type="cond"  truecount="2"  falsecount="0" />
				<line num="77"  count="1"  type="stmt" />
				<line num="79"  count="2"  type="stmt" />
				<line num="83"  count="1"  type="stmt" />
				<line num="88"  count="54"  type="stmt" />
				<line num="89"  count="54"  type="stmt" />
				<line num="90"  count="54"  type="stmt" />
				<line num="95"  count="17"  type="stmt" />
				<line num="96"  count="17"  type="stmt" />
				<line num="97"  count="17"  type="stmt" />
				<line num="101"  count="20"  type="stmt" />
				<line num="102"  count="20"  type="cond"  truecount="4"  falsecount="0" />
				<line num="103"  count="5"  type="stmt" />
				<line num="105"  count="15"  type="cond"  truecount="2"  falsecount="0" />
				<line num="106"  count="1"  type="stmt" />
				<line num="107"  count="1"  type="stmt" />
				<line num="108"  count="2"  type="stmt" />
				<line num="109"  count="2"  type="stmt" />
				<line num="110"  count="2"  type="cond"  truecount="1"  falsecount="1" />
				<line num="111"  count="2"  type="stmt" />
				<line num="112"  count="2"  type="cond"  truecount="2"  falsecount="0" />
				<line num="113"  count="1"  type="stmt" />
				<line num="114"  count="1"  type="stmt" />
				<line num="116"  count="1"  type="stmt" />
				<line num="117"  count="1"  type="stmt" />
				<line num="118"  count="1"  type="stmt" />
				<line num="121"  count="2"  type="stmt" />
				<line num="122"  count="2"  type="cond"  truecount="2"  falsecount="0" />
				<line num="123"  count="1"  type="stmt" />
				<line num="124"  count="1"  type="stmt" />
				<line num="125"  count="1"  type="stmt" />
				<line num="127"  count="1"  type="stmt" />
				<line num="133"  count="14"  type="stmt" />
				<line num="135"  count="14"  type="cond"  truecount="1"  falsecount="1" />
				<line num="136"  count="14"  type="stmt" />
				<line num="137"  count="14"  type="cond"  truecount="2"  falsecount="0" />
				<line num="139"  count="13"  type="stmt" />
				<line num="140"  count="13"  type="stmt" />
				<line num="141"  count="13"  type="stmt" />
				<line num="144"  count="1"  type="stmt" />
				<line num="145"  count="1"  type="stmt" />
				<line num="146"  count="1"  type="stmt" />
				<line num="149"  count="14"  type="stmt" />
				<line num="150"  count="14"  type="cond"  truecount="2"  falsecount="0" />
				<line num="151"  count="13"  type="stmt" />
				<line num="152"  count="13"  type="stmt" />
				<line num="153"  count="13"  type="stmt" />
				<line num="155"  count="1"  type="stmt" />
				<line num="159"  count="0"  type="stmt" />
				<line num="164"  count="8"  type="stmt" />
				<line num="165"  count="8"  type="cond"  truecount="2"  falsecount="0" />
				<line num="166"  count="2"  type="stmt" />
				<line num="167"  count="2"  type="stmt" />
				<line num="168"  count="2"  type="stmt" />
				<line num="170"  count="6"  type="stmt" />
				<line num="175"  count="4"  type="stmt" />
				<line num="176"  count="4"  type="cond"  truecount="1"  falsecount="1" />
				<line num="177"  count="4"  type="stmt" />
				<line num="182"  count="3"  type="stmt" />
				<line num="183"  count="3"  type="cond"  truecount="2"  falsecount="0" />
				<line num="184"  count="2"  type="stmt" />
				<line num="185"  count="4"  type="stmt" />
				<line num="186"  count="4"  type="stmt" />
				<line num="189"  count="1"  type="stmt" />
				<line num="193"  count="0"  type="stmt" />
				<line num="198"  count="2"  type="stmt" />
				<line num="199"  count="2"  type="cond"  truecount="2"  falsecount="0" />
				<line num="200"  count="1"  type="stmt" />
				<line num="201"  count="2"  type="stmt" />
				<line num="202"  count="2"  type="stmt" />
				<line num="205"  count="1"  type="stmt" />
				<line num="208"  count="0"  type="stmt" />
				<line num="213"  count="9"  type="stmt" />
				<line num="214"  count="9"  type="cond"  truecount="4"  falsecount="1" />
				<line num="215"  count="0"  type="stmt" />
				<line num="216"  count="9"  type="stmt" />
				<line num="217"  count="9"  type="cond"  truecount="2"  falsecount="0" />
				<line num="218"  count="8"  type="stmt" />
				<line num="219"  count="8"  type="stmt" />
				<line num="220"  count="8"  type="stmt" />
				<line num="222"  count="1"  type="stmt" />
				<line num="225"  count="0"  type="stmt" />
				<line num="231"  count="1"  type="stmt" />
				<line num="232"  count="1"  type="cond"  truecount="3"  falsecount="1" />
				<line num="233"  count="0"  type="stmt" />
				<line num="234"  count="1"  type="stmt" />
				<line num="235"  count="1"  type="cond"  truecount="1"  falsecount="1" />
				<line num="236"  count="1"  type="stmt" />
				<line num="239"  count="0"  type="stmt" />
				<line num="244"  count="3"  type="stmt" />
				<line num="245"  count="3"  type="stmt" />
				<line num="246"  count="3"  type="cond"  truecount="3"  falsecount="1" />
				<line num="247"  count="0"  type="stmt" />
				<line num="249"  count="0"  type="stmt" />
				<line num="250"  count="0"  type="stmt" />
				<line num="253"  count="0"  type="stmt" />
				<line num="258"  count="43"  type="stmt" />
				<line num="259"  count="43"  type="stmt" />
				<line num="260"  count="43"  type="cond"  truecount="4"  falsecount="0" />
				<line num="261"  count="20"  type="cond"  truecount="1"  falsecount="1" />
				<line num="262"  count="20"  type="stmt" />
				<line num="264"  count="0"  type="stmt" />
				<line num="265"  count="20"  type="stmt" />
				<line num="266"  count="20"  type="stmt" />
				<line num="269"  count="0"  type="stmt" />
				<line num="274"  count="2"  type="stmt" />
				<line num="275"  count="2"  type="cond"  truecount="5"  falsecount="0" />
				<line num="276"  count="1"  type="stmt" />
				<line num="277"  count="1"  type="stmt" />
				<line num="278"  count="1"  type="cond"  truecount="1"  falsecount="1" />
				<line num="279"  count="1"  type="stmt" />
				<line num="282"  count="0"  type="stmt" />
				<line num="287"  count="2"  type="stmt" />
				<line num="288"  count="2"  type="cond"  truecount="3"  falsecount="1" />
				<line num="289"  count="0"  type="stmt" />
				<line num="291"  count="2"  type="stmt" />
				<line num="292"  count="2"  type="cond"  truecount="2"  falsecount="0" />
				<line num="293"  count="1"  type="stmt" />
				<line num="296"  count="0"  type="stmt" />
				<line num="301"  count="6"  type="stmt" />
				<line num="302"  count="6"  type="cond"  truecount="5"  falsecount="0" />
				<line num="303"  count="2"  type="stmt" />
				<line num="304"  count="4"  type="stmt" />
				<line num="305"  count="4"  type="cond"  truecount="2"  falsecount="0" />
				<line num="306"  count="1"  type="stmt" />
				<line num="309"  count="0"  type="stmt" />
				<line num="314"  count="57"  type="cond"  truecount="2"  falsecount="0" />
				<line num="315"  count="57"  type="stmt" />
				<line num="319"  count="8"  type="stmt" />
				<line num="320"  count="8"  type="stmt" />
				<line num="321"  count="8"  type="cond"  truecount="4"  falsecount="0" />
				<line num="323"  count="1"  type="stmt" />
				<line num="324"  count="1"  type="stmt" />
				<line num="325"  count="1"  type="stmt" />
				<line num="328"  count="1"  type="stmt" />
				<line num="329"  count="1"  type="stmt" />
				<line num="330"  count="1"  type="stmt" />
				<line num="331"  count="1"  type="stmt" />
				<line num="334"  count="1"  type="stmt" />
				<line num="335"  count="1"  type="stmt" />
				<line num="336"  count="1"  type="stmt" />
				<line num="340"  count="0"  type="stmt" />
				<line num="345"  count="5"  type="stmt" />
				<line num="346"  count="5"  type="cond"  truecount="2"  falsecount="0" />
				<line num="348"  count="1"  type="cond"  truecount="1"  falsecount="1" />
				<line num="350"  count="1"  type="stmt" />
				<line num="351"  count="1"  type="stmt" />
				<line num="352"  count="1"  type="stmt" />
				<line num="353"  count="1"  type="stmt" />
				<line num="354"  count="1"  type="stmt" />
				<line num="356"  count="1"  type="stmt" />
				<line num="360"  count="1"  type="stmt" />
				<line num="365"  count="4"  type="stmt" />
				<line num="366"  count="4"  type="cond"  truecount="4"  falsecount="0" />
				<line num="367"  count="2"  type="stmt" />
				<line num="368"  count="2"  type="stmt" />
				<line num="369"  count="2"  type="stmt" />
				<line num="370"  count="2"  type="cond"  truecount="2"  falsecount="0" />
				<line num="374"  count="1"  type="stmt" />
				<line num="378"  count="0"  type="stmt" />
				<line num="383"  count="17"  type="stmt" />
				<line num="387"  count="14"  type="stmt" />
			</file>
			<file name="DateTime.js"  path="/Users/lebui/equix/src/lib/base/DateTime.js" >
				<metrics statements="36"  coveredstatements="36"  conditionals="58"  coveredconditionals="51"  methods="32"  coveredmethods="32" />
				<line num="1"  count="8"  type="stmt" />
				<line num="12"  count="8"  type="stmt" />
				<line num="17"  count="8"  type="stmt" />
				<line num="22"  count="8"  type="stmt" />
				<line num="27"  count="8"  type="stmt" />
				<line num="32"  count="8"  type="stmt" />
				<line num="37"  count="8"  type="stmt" />
				<line num="42"  count="8"  type="stmt" />
				<line num="51"  count="8"  type="stmt" />
				<line num="64"  count="8"  type="stmt" />
				<line num="76"  count="8"  type="stmt" />
				<line num="88"  count="8"  type="stmt" />
				<line num="93"  count="8"  type="stmt" />
				<line num="98"  count="8"  type="stmt" />
				<line num="103"  count="8"  type="stmt" />
				<line num="108"  count="8"  type="stmt" />
				<line num="113"  count="8"  type="stmt" />
				<line num="120"  count="8"  type="stmt" />
				<line num="136"  count="8"  type="stmt" />
				<line num="150"  count="8"  type="stmt" />
				<line num="158"  count="8"  type="stmt" />
				<line num="166"  count="8"  type="stmt" />
				<line num="177"  count="8"  type="stmt" />
				<line num="193"  count="8"  type="stmt" />
				<line num="197"  count="8"  type="stmt" />
				<line num="201"  count="8"  type="stmt" />
				<line num="205"  count="8"  type="stmt" />
				<line num="209"  count="8"  type="stmt" />
				<line num="214"  count="8"  type="stmt" />
				<line num="220"  count="8"  type="stmt" />
				<line num="234"  count="8"  type="stmt" />
				<line num="245"  count="31"  type="cond"  truecount="45"  falsecount="7" />
				<line num="246"  count="14"  type="cond"  truecount="2"  falsecount="0" />
				<line num="247"  count="13"  type="cond"  truecount="4"  falsecount="0" />
				<line num="249"  count="1"  type="stmt" />
				<line num="254"  count="12"  type="stmt" />
			</file>
			<file name="FunctionUtils.js"  path="/Users/lebui/equix/src/lib/base/FunctionUtils.js" >
				<metrics statements="37"  coveredstatements="35"  conditionals="185"  coveredconditionals="80"  methods="28"  coveredmethods="15" />
				<line num="1"  count="26"  type="stmt" />
				<line num="9"  count="26"  type="stmt" />
				<line num="19"  count="26"  type="stmt" />
				<line num="32"  count="26"  type="stmt" />
				<line num="43"  count="26"  type="stmt" />
				<line num="109"  count="26"  type="stmt" />
				<line num="163"  count="26"  type="stmt" />
				<line num="171"  count="26"  type="stmt" />
				<line num="191"  count="26"  type="stmt" />
				<line num="228"  count="26"  type="stmt" />
				<line num="247"  count="26"  type="stmt" />
				<line num="268"  count="26"  type="stmt" />
				<line num="273"  count="26"  type="stmt" />
				<line num="280"  count="26"  type="stmt" />
				<line num="286"  count="26"  type="stmt" />
				<line num="304"  count="26"  type="stmt" />
				<line num="316"  count="26"  type="stmt" />
				<line num="323"  count="26"  type="stmt" />
				<line num="329"  count="26"  type="stmt" />
				<line num="342"  count="26"  type="stmt" />
				<line num="356"  count="26"  type="stmt" />
				<line num="370"  count="26"  type="stmt" />
				<line num="379"  count="26"  type="stmt" />
				<line num="387"  count="26"  type="stmt" />
				<line num="417"  count="26"  type="stmt" />
				<line num="437"  count="26"  type="stmt" />
				<line num="462"  count="124"  type="cond"  truecount="75"  falsecount="105" />
				<line num="463"  count="2"  type="stmt" />
				<line num="464"  count="2"  type="cond"  truecount="5"  falsecount="0" />
				<line num="465"  count="1"  type="stmt" />
				<line num="467"  count="1"  type="stmt" />
				<line num="469"  count="1"  type="stmt" />
				<line num="470"  count="1"  type="stmt" />
				<line num="472"  count="1"  type="stmt" />
				<line num="473"  count="1"  type="stmt" />
				<line num="475"  count="0"  type="stmt" />
				<line num="477"  count="0"  type="stmt" />
			</file>
			<file name="MessageDef.js"  path="/Users/lebui/equix/src/lib/base/MessageDef.js" >
				<metrics statements="29"  coveredstatements="29"  conditionals="0"  coveredconditionals="0"  methods="23"  coveredmethods="22" />
				<line num="1"  count="16"  type="stmt" />
				<line num="5"  count="16"  type="stmt" />
				<line num="12"  count="16"  type="stmt" />
				<line num="18"  count="16"  type="stmt" />
				<line num="25"  count="16"  type="stmt" />
				<line num="34"  count="16"  type="stmt" />
				<line num="44"  count="16"  type="stmt" />
				<line num="52"  count="16"  type="stmt" />
				<line num="63"  count="16"  type="stmt" />
				<line num="75"  count="16"  type="stmt" />
				<line num="84"  count="16"  type="stmt" />
				<line num="94"  count="16"  type="stmt" />
				<line num="103"  count="16"  type="stmt" />
				<line num="110"  count="16"  type="stmt" />
				<line num="124"  count="16"  type="stmt" />
				<line num="131"  count="16"  type="stmt" />
				<line num="139"  count="16"  type="stmt" />
				<line num="145"  count="16"  type="stmt" />
				<line num="153"  count="16"  type="stmt" />
				<line num="158"  count="16"  type="stmt" />
				<line num="166"  count="16"  type="stmt" />
				<line num="173"  count="16"  type="stmt" />
				<line num="181"  count="16"  type="stmt" />
				<line num="188"  count="21"  type="stmt" />
				<line num="189"  count="1"  type="stmt" />
				<line num="190"  count="1"  type="stmt" />
				<line num="191"  count="1"  type="stmt" />
				<line num="192"  count="1"  type="stmt" />
				<line num="193"  count="1"  type="stmt" />
			</file>
			<file name="MultiHandler.js"  path="/Users/lebui/equix/src/lib/base/MultiHandler.js" >
				<metrics statements="38"  coveredstatements="37"  conditionals="32"  coveredconditionals="27"  methods="13"  coveredmethods="13" />
				<line num="1"  count="60"  type="cond"  truecount="5"  falsecount="3" />
				<line num="2"  count="15"  type="stmt" />
				<line num="4"  count="28"  type="cond"  truecount="4"  falsecount="2" />
				<line num="8"  count="15"  type="stmt" />
				<line num="12"  count="28"  type="stmt" />
				<line num="13"  count="28"  type="cond"  truecount="2"  falsecount="0" />
				<line num="14"  count="1"  type="stmt" />
				<line num="15"  count="27"  type="stmt" />
				<line num="16"  count="27"  type="stmt" />
				<line num="17"  count="27"  type="stmt" />
				<line num="21"  count="41"  type="cond"  truecount="4"  falsecount="0" />
				<line num="22"  count="37"  type="stmt" />
				<line num="23"  count="22"  type="stmt" />
				<line num="25"  count="37"  type="cond"  truecount="2"  falsecount="0" />
				<line num="26"  count="35"  type="stmt" />
				<line num="28"  count="2"  type="stmt" />
				<line num="31"  count="4"  type="stmt" />
				<line num="36"  count="7"  type="stmt" />
				<line num="37"  count="9"  type="stmt" />
				<line num="39"  count="7"  type="cond"  truecount="2"  falsecount="0" />
				<line num="40"  count="1"  type="stmt" />
				<line num="42"  count="6"  type="stmt" />
				<line num="47"  count="6"  type="cond"  truecount="4"  falsecount="0" />
				<line num="48"  count="1"  type="stmt" />
				<line num="49"  count="5"  type="stmt" />
				<line num="50"  count="5"  type="stmt" />
				<line num="51"  count="7"  type="stmt" />
				<line num="52"  count="7"  type="stmt" />
				<line num="53"  count="7"  type="stmt" />
				<line num="55"  count="0"  type="stmt" />
				<line num="61"  count="5"  type="cond"  truecount="4"  falsecount="0" />
				<line num="62"  count="1"  type="stmt" />
				<line num="63"  count="4"  type="stmt" />
				<line num="64"  count="4"  type="stmt" />
				<line num="65"  count="9"  type="stmt" />
				<line num="66"  count="9"  type="stmt" />
				<line num="67"  count="9"  type="stmt" />
				<line num="69"  count="15"  type="stmt" />
			</file>
			<file name="NetworkManager.js"  path="/Users/lebui/equix/src/lib/base/NetworkManager.js" >
				<metrics statements="222"  coveredstatements="108"  conditionals="148"  coveredconditionals="60"  methods="28"  coveredmethods="26" />
				<line num="1"  count="216"  type="cond"  truecount="5"  falsecount="3" />
				<line num="4"  count="12"  type="stmt" />
				<line num="5"  count="12"  type="stmt" />
				<line num="6"  count="12"  type="stmt" />
				<line num="15"  count="24"  type="cond"  truecount="7"  falsecount="7" />
				<line num="17"  count="12"  type="stmt" />
				<line num="18"  count="12"  type="stmt" />
				<line num="19"  count="12"  type="stmt" />
				<line num="20"  count="12"  type="stmt" />
				<line num="21"  count="12"  type="stmt" />
				<line num="23"  count="12"  type="stmt" />
				<line num="32"  count="12"  type="stmt" />
				<line num="36"  count="14"  type="stmt" />
				<line num="37"  count="14"  type="stmt" />
				<line num="38"  count="14"  type="stmt" />
				<line num="39"  count="14"  type="stmt" />
				<line num="40"  count="14"  type="stmt" />
				<line num="41"  count="14"  type="stmt" />
				<line num="45"  count="1"  type="stmt" />
				<line num="49"  count="12"  type="stmt" />
				<line num="50"  count="12"  type="stmt" />
				<line num="51"  count="12"  type="stmt" />
				<line num="52"  count="12"  type="stmt" />
				<line num="54"  count="0"  type="stmt" />
				<line num="59"  count="2"  type="stmt" />
				<line num="60"  count="2"  type="stmt" />
				<line num="61"  count="2"  type="cond"  truecount="1"  falsecount="1" />
				<line num="62"  count="2"  type="stmt" />
				<line num="63"  count="2"  type="cond"  truecount="1"  falsecount="1" />
				<line num="64"  count="0"  type="stmt" />
				<line num="65"  count="0"  type="stmt" />
				<line num="68"  count="0"  type="stmt" />
				<line num="73"  count="1"  type="stmt" />
				<line num="74"  count="1"  type="cond"  truecount="1"  falsecount="1" />
				<line num="75"  count="1"  type="stmt" />
				<line num="76"  count="1"  type="stmt" />
				<line num="77"  count="1"  type="cond"  truecount="3"  falsecount="1" />
				<line num="78"  count="1"  type="stmt" />
				<line num="79"  count="0"  type="cond"  truecount="0"  falsecount="2" />
				<line num="80"  count="0"  type="stmt" />
				<line num="83"  count="0"  type="cond"  truecount="0"  falsecount="2" />
				<line num="84"  count="0"  type="stmt" />
				<line num="88"  count="0"  type="stmt" />
				<line num="93"  count="1"  type="stmt" />
				<line num="94"  count="1"  type="cond"  truecount="1"  falsecount="1" />
				<line num="95"  count="1"  type="stmt" />
				<line num="96"  count="1"  type="cond"  truecount="1"  falsecount="1" />
				<line num="97"  count="0"  type="stmt" />
				<line num="98"  count="0"  type="stmt" />
				<line num="101"  count="0"  type="stmt" />
				<line num="106"  count="1"  type="stmt" />
				<line num="107"  count="1"  type="cond"  truecount="2"  falsecount="2" />
				<line num="108"  count="1"  type="stmt" />
				<line num="110"  count="0"  type="stmt" />
				<line num="111"  count="0"  type="stmt" />
				<line num="113"  count="0"  type="stmt" />
				<line num="115"  count="0"  type="stmt" />
				<line num="119"  count="1"  type="stmt" />
				<line num="123"  count="73"  type="stmt" />
				<line num="124"  count="73"  type="cond"  truecount="4"  falsecount="0" />
				<line num="125"  count="30"  type="stmt" />
				<line num="126"  count="30"  type="stmt" />
				<line num="129"  count="43"  type="stmt" />
				<line num="130"  count="43"  type="cond"  truecount="2"  falsecount="0" />
				<line num="131"  count="4"  type="stmt" />
				<line num="132"  count="43"  type="cond"  truecount="2"  falsecount="0" />
				<line num="133"  count="6"  type="stmt" />
				<line num="134"  count="43"  type="stmt" />
				<line num="135"  count="43"  type="cond"  truecount="3"  falsecount="1" />
				<line num="136"  count="43"  type="stmt" />
				<line num="137"  count="43"  type="cond"  truecount="1"  falsecount="1" />
				<line num="138"  count="43"  type="stmt" />
				<line num="140"  count="43"  type="stmt" />
				<line num="141"  count="43"  type="cond"  truecount="4"  falsecount="0" />
				<line num="142"  count="42"  type="stmt" />
				<line num="145"  count="0"  type="stmt" />
				<line num="150"  count="44"  type="stmt" />
				<line num="151"  count="44"  type="stmt" />
				<line num="155"  count="1"  type="stmt" />
				<line num="156"  count="1"  type="cond"  truecount="1"  falsecount="1" />
				<line num="157"  count="0"  type="stmt" />
				<line num="158"  count="0"  type="stmt" />
				<line num="159"  count="0"  type="cond"  truecount="0"  falsecount="2" />
				<line num="160"  count="0"  type="stmt" />
				<line num="161"  count="0"  type="stmt" />
				<line num="164"  count="0"  type="cond"  truecount="0"  falsecount="2" />
				<line num="165"  count="0"  type="stmt" />
				<line num="166"  count="0"  type="stmt" />
				<line num="167"  count="0"  type="stmt" />
				<line num="170"  count="0"  type="stmt" />
				<line num="171"  count="0"  type="stmt" />
				<line num="172"  count="0"  type="cond"  truecount="0"  falsecount="2" />
				<line num="173"  count="0"  type="stmt" />
				<line num="174"  count="0"  type="stmt" />
				<line num="176"  count="0"  type="stmt" />
				<line num="177"  count="0"  type="cond"  truecount="0"  falsecount="2" />
				<line num="178"  count="0"  type="cond"  truecount="0"  falsecount="2" />
				<line num="179"  count="0"  type="stmt" />
				<line num="181"  count="0"  type="stmt" />
				<line num="182"  count="0"  type="stmt" />
				<line num="184"  count="0"  type="cond"  truecount="0"  falsecount="2" />
				<line num="185"  count="0"  type="stmt" />
				<line num="187"  count="0"  type="stmt" />
				<line num="191"  count="0"  type="stmt" />
				<line num="196"  count="1"  type="stmt" />
				<line num="197"  count="1"  type="cond"  truecount="1"  falsecount="1" />
				<line num="198"  count="0"  type="stmt" />
				<line num="199"  count="0"  type="stmt" />
				<line num="201"  count="0"  type="stmt" />
				<line num="206"  count="1"  type="stmt" />
				<line num="207"  count="1"  type="cond"  truecount="1"  falsecount="1" />
				<line num="208"  count="0"  type="stmt" />
				<line num="209"  count="0"  type="stmt" />
				<line num="210"  count="0"  type="cond"  truecount="0"  falsecount="2" />
				<line num="211"  count="0"  type="cond"  truecount="0"  falsecount="2" />
				<line num="212"  count="0"  type="stmt" />
				<line num="213"  count="0"  type="stmt" />
				<line num="214"  count="0"  type="stmt" />
				<line num="216"  count="0"  type="cond"  truecount="0"  falsecount="2" />
				<line num="217"  count="0"  type="stmt" />
				<line num="220"  count="0"  type="cond"  truecount="0"  falsecount="4" />
				<line num="221"  count="0"  type="stmt" />
				<line num="222"  count="0"  type="stmt" />
				<line num="223"  count="0"  type="stmt" />
				<line num="224"  count="0"  type="cond"  truecount="0"  falsecount="4" />
				<line num="227"  count="0"  type="stmt" />
				<line num="228"  count="0"  type="stmt" />
				<line num="229"  count="0"  type="stmt" />
				<line num="230"  count="0"  type="cond"  truecount="0"  falsecount="4" />
				<line num="233"  count="0"  type="stmt" />
				<line num="234"  count="0"  type="stmt" />
				<line num="235"  count="0"  type="stmt" />
				<line num="238"  count="0"  type="cond"  truecount="0"  falsecount="2" />
				<line num="239"  count="0"  type="stmt" />
				<line num="240"  count="0"  type="stmt" />
				<line num="242"  count="0"  type="stmt" />
				<line num="244"  count="0"  type="stmt" />
				<line num="249"  count="1"  type="stmt" />
				<line num="250"  count="1"  type="stmt" />
				<line num="251"  count="1"  type="stmt" />
				<line num="252"  count="0"  type="cond"  truecount="0"  falsecount="2" />
				<line num="253"  count="0"  type="stmt" />
				<line num="254"  count="0"  type="stmt" />
				<line num="256"  count="0"  type="cond"  truecount="0"  falsecount="2" />
				<line num="258"  count="0"  type="stmt" />
				<line num="259"  count="0"  type="cond"  truecount="0"  falsecount="2" />
				<line num="260"  count="0"  type="stmt" />
				<line num="262"  count="0"  type="stmt" />
				<line num="263"  count="0"  type="cond"  truecount="0"  falsecount="2" />
				<line num="264"  count="0"  type="stmt" />
				<line num="265"  count="0"  type="stmt" />
				<line num="266"  count="0"  type="stmt" />
				<line num="267"  count="0"  type="cond"  truecount="0"  falsecount="2" />
				<line num="268"  count="0"  type="stmt" />
				<line num="269"  count="0"  type="stmt" />
				<line num="270"  count="0"  type="cond"  truecount="0"  falsecount="2" />
				<line num="271"  count="0"  type="stmt" />
				<line num="272"  count="0"  type="stmt" />
				<line num="274"  count="0"  type="stmt" />
				<line num="277"  count="0"  type="cond"  truecount="0"  falsecount="4" />
				<line num="278"  count="0"  type="stmt" />
				<line num="280"  count="1"  type="stmt" />
				<line num="285"  count="473"  type="stmt" />
				<line num="290"  count="59"  type="stmt" />
				<line num="291"  count="59"  type="stmt" />
				<line num="295"  count="58"  type="stmt" />
				<line num="296"  count="58"  type="cond"  truecount="2"  falsecount="0" />
				<line num="297"  count="40"  type="stmt" />
				<line num="298"  count="18"  type="cond"  truecount="1"  falsecount="1" />
				<line num="299"  count="0"  type="stmt" />
				<line num="300"  count="58"  type="stmt" />
				<line num="301"  count="58"  type="stmt" />
				<line num="305"  count="6"  type="cond"  truecount="4"  falsecount="0" />
				<line num="306"  count="2"  type="stmt" />
				<line num="307"  count="4"  type="stmt" />
				<line num="308"  count="4"  type="cond"  truecount="2"  falsecount="0" />
				<line num="309"  count="1"  type="stmt" />
				<line num="310"  count="3"  type="cond"  truecount="2"  falsecount="0" />
				<line num="311"  count="1"  type="stmt" />
				<line num="312"  count="2"  type="stmt" />
				<line num="316"  count="56"  type="stmt" />
				<line num="317"  count="56"  type="stmt" />
				<line num="318"  count="56"  type="cond"  truecount="8"  falsecount="12" />
				<line num="320"  count="6"  type="stmt" />
				<line num="321"  count="6"  type="stmt" />
				<line num="323"  count="0"  type="stmt" />
				<line num="324"  count="0"  type="stmt" />
				<line num="326"  count="0"  type="stmt" />
				<line num="327"  count="0"  type="stmt" />
				<line num="329"  count="2"  type="stmt" />
				<line num="330"  count="2"  type="stmt" />
				<line num="332"  count="0"  type="stmt" />
				<line num="333"  count="0"  type="stmt" />
				<line num="335"  count="0"  type="stmt" />
				<line num="336"  count="0"  type="stmt" />
				<line num="338"  count="0"  type="stmt" />
				<line num="339"  count="0"  type="stmt" />
				<line num="341"  count="0"  type="stmt" />
				<line num="342"  count="0"  type="stmt" />
				<line num="344"  count="9"  type="stmt" />
				<line num="345"  count="9"  type="stmt" />
				<line num="347"  count="8"  type="stmt" />
				<line num="348"  count="8"  type="stmt" />
				<line num="350"  count="0"  type="stmt" />
				<line num="351"  count="0"  type="stmt" />
				<line num="353"  count="0"  type="stmt" />
				<line num="354"  count="0"  type="stmt" />
				<line num="356"  count="0"  type="stmt" />
				<line num="357"  count="0"  type="stmt" />
				<line num="359"  count="0"  type="stmt" />
				<line num="360"  count="0"  type="stmt" />
				<line num="362"  count="6"  type="stmt" />
				<line num="363"  count="6"  type="stmt" />
				<line num="365"  count="0"  type="stmt" />
				<line num="366"  count="0"  type="stmt" />
				<line num="369"  count="2"  type="stmt" />
				<line num="370"  count="2"  type="stmt" />
				<line num="372"  count="22"  type="stmt" />
				<line num="373"  count="22"  type="stmt" />
				<line num="375"  count="1"  type="stmt" />
				<line num="377"  count="56"  type="stmt" />
				<line num="378"  count="56"  type="stmt" />
			</file>
			<file name="PartialMessageStorage.js"  path="/Users/lebui/equix/src/lib/base/PartialMessageStorage.js" >
				<metrics statements="18"  coveredstatements="18"  conditionals="18"  coveredconditionals="14"  methods="8"  coveredmethods="8" />
				<line num="1"  count="26"  type="cond"  truecount="6"  falsecount="4" />
				<line num="2"  count="13"  type="stmt" />
				<line num="3"  count="7"  type="stmt" />
				<line num="4"  count="7"  type="stmt" />
				<line num="5"  count="13"  type="stmt" />
				<line num="8"  count="1"  type="stmt" />
				<line num="11"  count="6"  type="cond"  truecount="2"  falsecount="0" />
				<line num="12"  count="1"  type="stmt" />
				<line num="13"  count="1"  type="stmt" />
				<line num="15"  count="5"  type="cond"  truecount="4"  falsecount="0" />
				<line num="16"  count="2"  type="stmt" />
				<line num="17"  count="2"  type="stmt" />
				<line num="19"  count="3"  type="cond"  truecount="2"  falsecount="0" />
				<line num="20"  count="1"  type="stmt" />
				<line num="21"  count="1"  type="stmt" />
				<line num="23"  count="2"  type="stmt" />
				<line num="24"  count="2"  type="stmt" />
				<line num="25"  count="13"  type="stmt" />
			</file>
			<file name="RabbitMQClient.js"  path="/Users/lebui/equix/src/lib/base/RabbitMQClient.js" >
				<metrics statements="83"  coveredstatements="43"  conditionals="48"  coveredconditionals="20"  methods="21"  coveredmethods="20" />
				<line num="1"  count="182"  type="cond"  truecount="5"  falsecount="3" />
				<line num="3"  count="13"  type="stmt" />
				<line num="4"  count="13"  type="stmt" />
				<line num="5"  count="26"  type="cond"  truecount="4"  falsecount="2" />
				<line num="10"  count="13"  type="stmt" />
				<line num="11"  count="13"  type="stmt" />
				<line num="12"  count="13"  type="stmt" />
				<line num="22"  count="13"  type="stmt" />
				<line num="26"  count="16"  type="stmt" />
				<line num="27"  count="16"  type="cond"  truecount="1"  falsecount="1" />
				<line num="28"  count="0"  type="stmt" />
				<line num="29"  count="16"  type="stmt" />
				<line num="33"  count="13"  type="stmt" />
				<line num="34"  count="13"  type="cond"  truecount="1"  falsecount="1" />
				<line num="35"  count="0"  type="stmt" />
				<line num="37"  count="13"  type="cond"  truecount="1"  falsecount="1" />
				<line num="38"  count="13"  type="stmt" />
				<line num="43"  count="13"  type="stmt" />
				<line num="45"  count="13"  type="stmt" />
				<line num="46"  count="13"  type="stmt" />
				<line num="47"  count="13"  type="stmt" />
				<line num="48"  count="13"  type="stmt" />
				<line num="49"  count="13"  type="stmt" />
				<line num="54"  count="0"  type="cond"  truecount="0"  falsecount="2" />
				<line num="55"  count="0"  type="stmt" />
				<line num="56"  count="0"  type="stmt" />
				<line num="58"  count="0"  type="stmt" />
				<line num="59"  count="0"  type="stmt" />
				<line num="60"  count="0"  type="stmt" />
				<line num="61"  count="0"  type="stmt" />
				<line num="62"  count="0"  type="stmt" />
				<line num="66"  count="1"  type="stmt" />
				<line num="70"  count="1"  type="cond"  truecount="1"  falsecount="1" />
				<line num="71"  count="0"  type="stmt" />
				<line num="72"  count="0"  type="stmt" />
				<line num="74"  count="1"  type="cond"  truecount="1"  falsecount="1" />
				<line num="75"  count="0"  type="stmt" />
				<line num="76"  count="0"  type="stmt" />
				<line num="77"  count="0"  type="stmt" />
				<line num="82"  count="4"  type="cond"  truecount="1"  falsecount="1" />
				<line num="83"  count="4"  type="cond"  truecount="1"  falsecount="1" />
				<line num="84"  count="0"  type="cond"  truecount="0"  falsecount="2" />
				<line num="85"  count="0"  type="stmt" />
				<line num="86"  count="0"  type="stmt" />
				<line num="88"  count="0"  type="stmt" />
				<line num="89"  count="0"  type="stmt" />
				<line num="90"  count="0"  type="stmt" />
				<line num="91"  count="0"  type="stmt" />
				<line num="96"  count="1"  type="stmt" />
				<line num="97"  count="1"  type="stmt" />
				<line num="98"  count="1"  type="cond"  truecount="1"  falsecount="1" />
				<line num="99"  count="0"  type="stmt" />
				<line num="100"  count="0"  type="stmt" />
				<line num="102"  count="1"  type="stmt" />
				<line num="103"  count="0"  type="cond"  truecount="0"  falsecount="4" />
				<line num="104"  count="0"  type="stmt" />
				<line num="105"  count="0"  type="stmt" />
				<line num="106"  count="0"  type="stmt" />
				<line num="107"  count="0"  type="stmt" />
				<line num="109"  count="0"  type="cond"  truecount="0"  falsecount="2" />
				<line num="110"  count="0"  type="stmt" />
				<line num="112"  count="1"  type="stmt" />
				<line num="118"  count="1"  type="stmt" />
				<line num="119"  count="1"  type="cond"  truecount="1"  falsecount="1" />
				<line num="120"  count="0"  type="stmt" />
				<line num="124"  count="1"  type="stmt" />
				<line num="125"  count="1"  type="cond"  truecount="1"  falsecount="1" />
				<line num="126"  count="0"  type="stmt" />
				<line num="130"  count="45"  type="stmt" />
				<line num="131"  count="45"  type="cond"  truecount="1"  falsecount="1" />
				<line num="132"  count="0"  type="cond"  truecount="0"  falsecount="2" />
				<line num="133"  count="0"  type="stmt" />
				<line num="134"  count="0"  type="stmt" />
				<line num="139"  count="0"  type="stmt" />
				<line num="140"  count="0"  type="stmt" />
				<line num="142"  count="0"  type="stmt" />
				<line num="144"  count="0"  type="stmt" />
				<line num="148"  count="14"  type="stmt" />
				<line num="149"  count="14"  type="stmt" />
				<line num="153"  count="1"  type="stmt" />
				<line num="157"  count="44"  type="stmt" />
				<line num="161"  count="57"  type="stmt" />
				<line num="165"  count="44"  type="stmt" />
			</file>
			<file name="RequestManager.js"  path="/Users/lebui/equix/src/lib/base/RequestManager.js" >
				<metrics statements="71"  coveredstatements="68"  conditionals="26"  coveredconditionals="16"  methods="25"  coveredmethods="24" />
				<line num="1"  count="170"  type="cond"  truecount="5"  falsecount="3" />
				<line num="4"  count="10"  type="stmt" />
				<line num="5"  count="10"  type="stmt" />
				<line num="6"  count="20"  type="cond"  truecount="7"  falsecount="7" />
				<line num="8"  count="10"  type="stmt" />
				<line num="11"  count="11"  type="stmt" />
				<line num="12"  count="11"  type="cond"  truecount="2"  falsecount="0" />
				<line num="13"  count="10"  type="stmt" />
				<line num="14"  count="11"  type="cond"  truecount="2"  falsecount="0" />
				<line num="15"  count="8"  type="stmt" />
				<line num="16"  count="11"  type="stmt" />
				<line num="17"  count="11"  type="stmt" />
				<line num="18"  count="11"  type="stmt" />
				<line num="22"  count="11"  type="stmt" />
				<line num="23"  count="11"  type="stmt" />
				<line num="24"  count="11"  type="stmt" />
				<line num="25"  count="11"  type="stmt" />
				<line num="26"  count="11"  type="stmt" />
				<line num="30"  count="3"  type="stmt" />
				<line num="31"  count="3"  type="stmt" />
				<line num="32"  count="3"  type="stmt" />
				<line num="33"  count="3"  type="stmt" />
				<line num="34"  count="3"  type="stmt" />
				<line num="35"  count="3"  type="stmt" />
				<line num="39"  count="3"  type="stmt" />
				<line num="40"  count="3"  type="stmt" />
				<line num="41"  count="3"  type="stmt" />
				<line num="42"  count="3"  type="stmt" />
				<line num="43"  count="3"  type="stmt" />
				<line num="47"  count="3"  type="stmt" />
				<line num="48"  count="3"  type="stmt" />
				<line num="52"  count="3"  type="stmt" />
				<line num="53"  count="3"  type="stmt" />
				<line num="54"  count="3"  type="stmt" />
				<line num="58"  count="7"  type="stmt" />
				<line num="59"  count="7"  type="stmt" />
				<line num="60"  count="7"  type="stmt" />
				<line num="63"  count="2"  type="stmt" />
				<line num="64"  count="2"  type="stmt" />
				<line num="65"  count="2"  type="stmt" />
				<line num="68"  count="2"  type="stmt" />
				<line num="69"  count="2"  type="stmt" />
				<line num="70"  count="2"  type="stmt" />
				<line num="71"  count="2"  type="stmt" />
				<line num="74"  count="2"  type="stmt" />
				<line num="75"  count="2"  type="stmt" />
				<line num="76"  count="2"  type="stmt" />
				<line num="79"  count="20"  type="stmt" />
				<line num="80"  count="20"  type="stmt" />
				<line num="81"  count="20"  type="stmt" />
				<line num="84"  count="6"  type="stmt" />
				<line num="85"  count="6"  type="stmt" />
				<line num="86"  count="6"  type="stmt" />
				<line num="90"  count="3"  type="stmt" />
				<line num="91"  count="3"  type="stmt" />
				<line num="92"  count="3"  type="stmt" />
				<line num="96"  count="1"  type="stmt" />
				<line num="97"  count="1"  type="stmt" />
				<line num="98"  count="1"  type="stmt" />
				<line num="102"  count="14"  type="stmt" />
				<line num="103"  count="14"  type="stmt" />
				<line num="104"  count="14"  type="stmt" />
				<line num="109"  count="2"  type="stmt" />
				<line num="110"  count="2"  type="stmt" />
				<line num="111"  count="2"  type="stmt" />
				<line num="114"  count="0"  type="stmt" />
				<line num="115"  count="0"  type="stmt" />
				<line num="116"  count="0"  type="stmt" />
				<line num="119"  count="1"  type="stmt" />
				<line num="120"  count="1"  type="stmt" />
				<line num="121"  count="10"  type="stmt" />
			</file>
		</package>
		<package name="lib.enum" >
			<metrics statements="12"  coveredstatements="12"  conditionals="0"  coveredconditionals="0"  methods="0"  coveredmethods="0" />
			<file name="BroadcastKey.js"  path="/Users/lebui/equix/src/lib/enum/BroadcastKey.js" >
				<metrics statements="1"  coveredstatements="1"  conditionals="0"  coveredconditionals="0"  methods="0"  coveredmethods="0" />
				<line num="1"  count="15"  type="stmt" />
			</file>
			<file name="Global.js"  path="/Users/lebui/equix/src/lib/enum/Global.js" >
				<metrics statements="1"  coveredstatements="1"  conditionals="0"  coveredconditionals="0"  methods="0"  coveredmethods="0" />
				<line num="1"  count="16"  type="stmt" />
			</file>
			<file name="MessageType.js"  path="/Users/lebui/equix/src/lib/enum/MessageType.js" >
				<metrics statements="1"  coveredstatements="1"  conditionals="0"  coveredconditionals="0"  methods="0"  coveredmethods="0" />
				<line num="1"  count="16"  type="stmt" />
			</file>
			<file name="MsgBroadcast.js"  path="/Users/lebui/equix/src/lib/enum/MsgBroadcast.js" >
				<metrics statements="1"  coveredstatements="1"  conditionals="0"  coveredconditionals="0"  methods="0"  coveredmethods="0" />
				<line num="1"  count="14"  type="stmt" />
			</file>
			<file name="MsgEntity.js"  path="/Users/lebui/equix/src/lib/enum/MsgEntity.js" >
				<metrics statements="1"  coveredstatements="1"  conditionals="0"  coveredconditionals="0"  methods="0"  coveredmethods="0" />
				<line num="1"  count="14"  type="stmt" />
			</file>
			<file name="MsgResponse.js"  path="/Users/lebui/equix/src/lib/enum/MsgResponse.js" >
				<metrics statements="1"  coveredstatements="1"  conditionals="0"  coveredconditionals="0"  methods="0"  coveredmethods="0" />
				<line num="1"  count="15"  type="stmt" />
			</file>
			<file name="OrderTypeEnum.js"  path="/Users/lebui/equix/src/lib/enum/OrderTypeEnum.js" >
				<metrics statements="1"  coveredstatements="1"  conditionals="0"  coveredconditionals="0"  methods="0"  coveredmethods="0" />
				<line num="1"  count="1"  type="stmt" />
			</file>
			<file name="RealtimeKey.js"  path="/Users/lebui/equix/src/lib/enum/RealtimeKey.js" >
				<metrics statements="1"  coveredstatements="1"  conditionals="0"  coveredconditionals="0"  methods="0"  coveredmethods="0" />
				<line num="1"  count="14"  type="stmt" />
			</file>
			<file name="RequestType.js"  path="/Users/lebui/equix/src/lib/enum/RequestType.js" >
				<metrics statements="1"  coveredstatements="1"  conditionals="0"  coveredconditionals="0"  methods="0"  coveredmethods="0" />
				<line num="1"  count="16"  type="stmt" />
			</file>
			<file name="ResourcesKeyEnum.js"  path="/Users/lebui/equix/src/lib/enum/ResourcesKeyEnum.js" >
				<metrics statements="1"  coveredstatements="1"  conditionals="0"  coveredconditionals="0"  methods="0"  coveredmethods="0" />
				<line num="1"  count="4"  type="stmt" />
			</file>
			<file name="RoutingType.js"  path="/Users/lebui/equix/src/lib/enum/RoutingType.js" >
				<metrics statements="1"  coveredstatements="1"  conditionals="0"  coveredconditionals="0"  methods="0"  coveredmethods="0" />
				<line num="1"  count="15"  type="stmt" />
			</file>
			<file name="StateOrderEnum.js"  path="/Users/lebui/equix/src/lib/enum/StateOrderEnum.js" >
				<metrics statements="1"  coveredstatements="1"  conditionals="0"  coveredconditionals="0"  methods="0"  coveredmethods="0" />
				<line num="1"  count="1"  type="stmt" />
			</file>
		</package>
		<package name="reducers.AddCode" >
			<metrics statements="48"  coveredstatements="48"  conditionals="40"  coveredconditionals="28"  methods="12"  coveredmethods="9" />
			<file name="AddCodeActions.js"  path="/Users/lebui/equix/src/reducers/AddCode/AddCodeActions.js" >
				<metrics statements="29"  coveredstatements="29"  conditionals="30"  coveredconditionals="18"  methods="11"  coveredmethods="8" />
				<line num="1"  count="1"  type="stmt" />
				<line num="36"  count="1"  type="stmt" />
				<line num="41"  count="1"  type="stmt" />
				<line num="47"  count="1"  type="stmt" />
				<line num="54"  count="1"  type="stmt" />
				<line num="60"  count="1"  type="stmt" />
				<line num="64"  count="1"  type="stmt" />
				<line num="75"  count="1"  type="stmt" />
				<line num="84"  count="1"  type="stmt" />
				<line num="95"  count="5"  type="cond"  truecount="3"  falsecount="3" />
				<line num="96"  count="2"  type="stmt" />
				<line num="97"  count="2"  type="cond"  truecount="2"  falsecount="0" />
				<line num="98"  count="1"  type="stmt" />
				<line num="101"  count="2"  type="stmt" />
				<line num="102"  count="2"  type="cond"  truecount="1"  falsecount="1" />
				<line num="103"  count="2"  type="stmt" />
				<line num="104"  count="2"  type="stmt" />
				<line num="105"  count="2"  type="cond"  truecount="1"  falsecount="1" />
				<line num="106"  count="2"  type="stmt" />
				<line num="107"  count="2"  type="cond"  truecount="2"  falsecount="0" />
				<line num="108"  count="1"  type="stmt" />
				<line num="109"  count="3"  type="cond"  truecount="3"  falsecount="3" />
				<line num="110"  count="1"  type="stmt" />
				<line num="115"  count="4"  type="cond"  truecount="3"  falsecount="3" />
				<line num="116"  count="2"  type="cond"  truecount="2"  falsecount="0" />
				<line num="117"  count="1"  type="stmt" />
				<line num="118"  count="1"  type="stmt" />
				<line num="120"  count="2"  type="cond"  truecount="1"  falsecount="1" />
				<line num="121"  count="2"  type="stmt" />
			</file>
			<file name="AddCodeInitialState.js"  path="/Users/lebui/equix/src/reducers/AddCode/AddCodeInitialState.js" >
				<metrics statements="5"  coveredstatements="5"  conditionals="0"  coveredconditionals="0"  methods="0"  coveredmethods="0" />
				<line num="1"  count="1"  type="stmt" />
				<line num="17"  count="1"  type="stmt" />
				<line num="26"  count="1"  type="stmt" />
				<line num="40"  count="1"  type="stmt" />
				<line num="41"  count="1"  type="stmt" />
			</file>
			<file name="AddCodeReducer.js"  path="/Users/lebui/equix/src/reducers/AddCode/AddCodeReducer.js" >
				<metrics statements="14"  coveredstatements="14"  conditionals="10"  coveredconditionals="10"  methods="1"  coveredmethods="1" />
				<line num="1"  count="1"  type="stmt" />
				<line num="21"  count="5"  type="cond"  truecount="4"  falsecount="0" />
				<line num="22"  count="5"  type="cond"  truecount="2"  falsecount="0" />
				<line num="23"  count="4"  type="stmt" />
				<line num="24"  count="4"  type="cond"  truecount="4"  falsecount="0" />
				<line num="26"  count="1"  type="stmt" />
				<line num="27"  count="1"  type="stmt" />
				<line num="29"  count="1"  type="stmt" />
				<line num="31"  count="1"  type="stmt" />
				<line num="33"  count="1"  type="stmt" />
				<line num="35"  count="1"  type="stmt" />
				<line num="37"  count="1"  type="stmt" />
				<line num="38"  count="1"  type="stmt" />
				<line num="42"  count="1"  type="stmt" />
			</file>
		</package>
		<package name="reducers.OpenPositions" >
			<metrics statements="40"  coveredstatements="40"  conditionals="37"  coveredconditionals="23"  methods="8"  coveredmethods="7" />
			<file name="openPositionAction.js"  path="/Users/lebui/equix/src/reducers/OpenPositions/openPositionAction.js" >
				<metrics statements="13"  coveredstatements="13"  conditionals="24"  coveredconditionals="10"  methods="7"  coveredmethods="6" />
				<line num="1"  count="1"  type="stmt" />
				<line num="32"  count="1"  type="stmt" />
				<line num="53"  count="1"  type="stmt" />
				<line num="60"  count="1"  type="stmt" />
				<line num="74"  count="1"  type="stmt" />
				<line num="80"  count="1"  type="stmt" />
				<line num="87"  count="3"  type="cond"  truecount="10"  falsecount="14" />
				<line num="88"  count="2"  type="stmt" />
				<line num="89"  count="2"  type="stmt" />
				<line num="91"  count="2"  type="stmt" />
				<line num="92"  count="2"  type="stmt" />
				<line num="93"  count="2"  type="stmt" />
				<line num="94"  count="2"  type="stmt" />
			</file>
			<file name="openPositionInitialState.js"  path="/Users/lebui/equix/src/reducers/OpenPositions/openPositionInitialState.js" >
				<metrics statements="5"  coveredstatements="5"  conditionals="0"  coveredconditionals="0"  methods="0"  coveredmethods="0" />
				<line num="1"  count="1"  type="stmt" />
				<line num="17"  count="1"  type="stmt" />
				<line num="27"  count="1"  type="stmt" />
				<line num="41"  count="1"  type="stmt" />
				<line num="42"  count="1"  type="stmt" />
			</file>
			<file name="openPositionReducer.js"  path="/Users/lebui/equix/src/reducers/OpenPositions/openPositionReducer.js" >
				<metrics statements="22"  coveredstatements="22"  conditionals="13"  coveredconditionals="13"  methods="1"  coveredmethods="1" />
				<line num="1"  count="1"  type="stmt" />
				<line num="25"  count="6"  type="cond"  truecount="4"  falsecount="0" />
				<line num="26"  count="6"  type="cond"  truecount="2"  falsecount="0" />
				<line num="27"  count="5"  type="stmt" />
				<line num="29"  count="5"  type="cond"  truecount="3"  falsecount="0" />
				<line num="31"  count="1"  type="stmt" />
				<line num="32"  count="1"  type="stmt" />
				<line num="34"  count="1"  type="stmt" />
				<line num="37"  count="1"  type="stmt" />
				<line num="39"  count="2"  type="stmt" />
				<line num="40"  count="2"  type="stmt" />
				<line num="41"  count="2"  type="cond"  truecount="2"  falsecount="0" />
				<line num="42"  count="1"  type="stmt" />
				<line num="45"  count="2"  type="stmt" />
				<line num="46"  count="2"  type="stmt" />
				<line num="47"  count="2"  type="cond"  truecount="2"  falsecount="0" />
				<line num="48"  count="1"  type="stmt" />
				<line num="51"  count="2"  type="stmt" />
				<line num="52"  count="2"  type="stmt" />
				<line num="55"  count="2"  type="stmt" />
				<line num="56"  count="2"  type="stmt" />
				<line num="58"  count="1"  type="stmt" />
			</file>
		</package>
		<package name="reducers.OrderDetail" >
			<metrics statements="43"  coveredstatements="43"  conditionals="56"  coveredconditionals="39"  methods="19"  coveredmethods="19" />
			<file name="OrderDetailAction.js"  path="/Users/lebui/equix/src/reducers/OrderDetail/OrderDetailAction.js" >
				<metrics statements="16"  coveredstatements="16"  conditionals="45"  coveredconditionals="30"  methods="18"  coveredmethods="18" />
				<line num="1"  count="1"  type="stmt" />
				<line num="28"  count="1"  type="stmt" />
				<line num="43"  count="1"  type="stmt" />
				<line num="49"  count="1"  type="stmt" />
				<line num="55"  count="1"  type="stmt" />
				<line num="61"  count="1"  type="stmt" />
				<line num="81"  count="1"  type="stmt" />
				<line num="95"  count="1"  type="stmt" />
				<line num="109"  count="1"  type="stmt" />
				<line num="122"  count="1"  type="stmt" />
				<line num="128"  count="1"  type="stmt" />
				<line num="132"  count="1"  type="stmt" />
				<line num="152"  count="1"  type="stmt" />
				<line num="162"  count="1"  type="stmt" />
				<line num="168"  count="9"  type="cond"  truecount="30"  falsecount="15" />
				<line num="169"  count="2"  type="stmt" />
			</file>
			<file name="OrderDetailInitialState.js"  path="/Users/lebui/equix/src/reducers/OrderDetail/OrderDetailInitialState.js" >
				<metrics statements="5"  coveredstatements="5"  conditionals="0"  coveredconditionals="0"  methods="0"  coveredmethods="0" />
				<line num="1"  count="1"  type="stmt" />
				<line num="17"  count="1"  type="stmt" />
				<line num="27"  count="1"  type="stmt" />
				<line num="68"  count="1"  type="stmt" />
				<line num="69"  count="1"  type="stmt" />
			</file>
			<file name="OrderDetailReducer.js"  path="/Users/lebui/equix/src/reducers/OrderDetail/OrderDetailReducer.js" >
				<metrics statements="22"  coveredstatements="22"  conditionals="11"  coveredconditionals="9"  methods="1"  coveredmethods="1" />
				<line num="1"  count="1"  type="stmt" />
				<line num="22"  count="6"  type="cond"  truecount="3"  falsecount="1" />
				<line num="23"  count="6"  type="cond"  truecount="1"  falsecount="1" />
				<line num="24"  count="6"  type="stmt" />
				<line num="25"  count="6"  type="cond"  truecount="5"  falsecount="0" />
				<line num="27"  count="1"  type="stmt" />
				<line num="30"  count="1"  type="stmt" />
				<line num="31"  count="1"  type="stmt" />
				<line num="33"  count="1"  type="stmt" />
				<line num="35"  count="1"  type="stmt" />
				<line num="36"  count="1"  type="stmt" />
				<line num="38"  count="1"  type="stmt" />
				<line num="45"  count="1"  type="stmt" />
				<line num="46"  count="1"  type="stmt" />
				<line num="48"  count="1"  type="stmt" />
				<line num="51"  count="1"  type="stmt" />
				<line num="52"  count="1"  type="stmt" />
				<line num="54"  count="1"  type="stmt" />
				<line num="62"  count="1"  type="stmt" />
				<line num="63"  count="1"  type="stmt" />
				<line num="64"  count="1"  type="stmt" />
				<line num="67"  count="1"  type="stmt" />
			</file>
		</package>
		<package name="reducers.OrderModify" >
			<metrics statements="43"  coveredstatements="43"  conditionals="56"  coveredconditionals="39"  methods="19"  coveredmethods="19" />
			<file name="OrderModifyAction.js"  path="/Users/lebui/equix/src/reducers/OrderModify/OrderModifyAction.js" >
				<metrics statements="16"  coveredstatements="16"  conditionals="45"  coveredconditionals="30"  methods="18"  coveredmethods="18" />
				<line num="1"  count="1"  type="stmt" />
				<line num="29"  count="1"  type="stmt" />
				<line num="44"  count="1"  type="stmt" />
				<line num="50"  count="1"  type="stmt" />
				<line num="56"  count="1"  type="stmt" />
				<line num="62"  count="1"  type="stmt" />
				<line num="82"  count="1"  type="stmt" />
				<line num="96"  count="1"  type="stmt" />
				<line num="110"  count="1"  type="stmt" />
				<line num="123"  count="1"  type="stmt" />
				<line num="129"  count="1"  type="stmt" />
				<line num="133"  count="1"  type="stmt" />
				<line num="153"  count="1"  type="stmt" />
				<line num="163"  count="1"  type="stmt" />
				<line num="169"  count="9"  type="cond"  truecount="30"  falsecount="15" />
				<line num="170"  count="2"  type="stmt" />
			</file>
			<file name="OrderModifyInitialState.js"  path="/Users/lebui/equix/src/reducers/OrderModify/OrderModifyInitialState.js" >
				<metrics statements="5"  coveredstatements="5"  conditionals="0"  coveredconditionals="0"  methods="0"  coveredmethods="0" />
				<line num="1"  count="1"  type="stmt" />
				<line num="17"  count="1"  type="stmt" />
				<line num="27"  count="1"  type="stmt" />
				<line num="70"  count="1"  type="stmt" />
				<line num="71"  count="1"  type="stmt" />
			</file>
			<file name="OrderModifyReducer.js"  path="/Users/lebui/equix/src/reducers/OrderModify/OrderModifyReducer.js" >
				<metrics statements="22"  coveredstatements="22"  conditionals="11"  coveredconditionals="9"  methods="1"  coveredmethods="1" />
				<line num="1"  count="1"  type="stmt" />
				<line num="22"  count="6"  type="cond"  truecount="3"  falsecount="1" />
				<line num="23"  count="6"  type="cond"  truecount="1"  falsecount="1" />
				<line num="24"  count="6"  type="stmt" />
				<line num="25"  count="6"  type="cond"  truecount="5"  falsecount="0" />
				<line num="27"  count="1"  type="stmt" />
				<line num="30"  count="1"  type="stmt" />
				<line num="31"  count="1"  type="stmt" />
				<line num="33"  count="1"  type="stmt" />
				<line num="35"  count="1"  type="stmt" />
				<line num="36"  count="1"  type="stmt" />
				<line num="38"  count="1"  type="stmt" />
				<line num="45"  count="1"  type="stmt" />
				<line num="46"  count="1"  type="stmt" />
				<line num="48"  count="1"  type="stmt" />
				<line num="51"  count="1"  type="stmt" />
				<line num="52"  count="1"  type="stmt" />
				<line num="54"  count="1"  type="stmt" />
				<line num="62"  count="1"  type="stmt" />
				<line num="63"  count="1"  type="stmt" />
				<line num="64"  count="1"  type="stmt" />
				<line num="67"  count="1"  type="stmt" />
			</file>
		</package>
		<package name="reducers.UserInfo" >
			<metrics statements="8"  coveredstatements="8"  conditionals="4"  coveredconditionals="3"  methods="4"  coveredmethods="4" />
			<file name="userInfoAction.js"  path="/Users/lebui/equix/src/reducers/UserInfo/userInfoAction.js" >
				<metrics statements="8"  coveredstatements="8"  conditionals="4"  coveredconditionals="3"  methods="4"  coveredmethods="4" />
				<line num="1"  count="1"  type="stmt" />
				<line num="32"  count="1"  type="stmt" />
				<line num="40"  count="1"  type="stmt" />
				<line num="47"  count="2"  type="cond"  truecount="3"  falsecount="1" />
				<line num="48"  count="1"  type="stmt" />
				<line num="49"  count="1"  type="stmt" />
				<line num="50"  count="1"  type="stmt" />
				<line num="51"  count="1"  type="stmt" />
			</file>
		</package>
		<package name="reducers.WatchList" >
			<metrics statements="51"  coveredstatements="50"  conditionals="67"  coveredconditionals="33"  methods="13"  coveredmethods="12" />
			<file name="WatchListAction.js"  path="/Users/lebui/equix/src/reducers/WatchList/WatchListAction.js" >
				<metrics statements="21"  coveredstatements="21"  conditionals="50"  coveredconditionals="21"  methods="11"  coveredmethods="10" />
				<line num="1"  count="1"  type="stmt" />
				<line num="49"  count="1"  type="stmt" />
				<line num="75"  count="1"  type="stmt" />
				<line num="81"  count="1"  type="stmt" />
				<line num="88"  count="1"  type="stmt" />
				<line num="100"  count="1"  type="stmt" />
				<line num="129"  count="1"  type="stmt" />
				<line num="171"  count="1"  type="stmt" />
				<line num="177"  count="5"  type="cond"  truecount="17"  falsecount="29" />
				<line num="178"  count="5"  type="stmt" />
				<line num="179"  count="5"  type="stmt" />
				<line num="180"  count="5"  type="stmt" />
				<line num="181"  count="5"  type="stmt" />
				<line num="183"  count="5"  type="cond"  truecount="4"  falsecount="0" />
				<line num="184"  count="4"  type="stmt" />
				<line num="185"  count="4"  type="stmt" />
				<line num="186"  count="4"  type="stmt" />
				<line num="187"  count="4"  type="stmt" />
				<line num="190"  count="1"  type="stmt" />
				<line num="191"  count="1"  type="stmt" />
				<line num="192"  count="1"  type="stmt" />
			</file>
			<file name="WatchListActionInitialState.js"  path="/Users/lebui/equix/src/reducers/WatchList/WatchListActionInitialState.js" >
				<metrics statements="5"  coveredstatements="5"  conditionals="0"  coveredconditionals="0"  methods="0"  coveredmethods="0" />
				<line num="1"  count="1"  type="stmt" />
				<line num="17"  count="1"  type="stmt" />
				<line num="27"  count="1"  type="stmt" />
				<line num="46"  count="1"  type="stmt" />
				<line num="47"  count="1"  type="stmt" />
			</file>
			<file name="WatchListActionReducer.js"  path="/Users/lebui/equix/src/reducers/WatchList/WatchListActionReducer.js" >
				<metrics statements="25"  coveredstatements="24"  conditionals="17"  coveredconditionals="12"  methods="2"  coveredmethods="2" />
				<line num="1"  count="1"  type="stmt" />
				<line num="27"  count="4"  type="cond"  truecount="4"  falsecount="0" />
				<line num="28"  count="4"  type="cond"  truecount="1"  falsecount="1" />
				<line num="29"  count="4"  type="stmt" />
				<line num="30"  count="4"  type="cond"  truecount="3"  falsecount="0" />
				<line num="32"  count="1"  type="stmt" />
				<line num="33"  count="1"  type="stmt" />
				<line num="35"  count="1"  type="stmt" />
				<line num="37"  count="1"  type="stmt" />
				<line num="38"  count="1"  type="stmt" />
				<line num="39"  count="0"  type="stmt" />
				<line num="41"  count="1"  type="stmt" />
				<line num="42"  count="1"  type="stmt" />
				<line num="43"  count="1"  type="stmt" />
				<line num="44"  count="2"  type="cond"  truecount="3"  falsecount="3" />
				<line num="45"  count="1"  type="stmt" />
				<line num="46"  count="1"  type="stmt" />
				<line num="49"  count="1"  type="cond"  truecount="1"  falsecount="1" />
				<line num="50"  count="1"  type="stmt" />
				<line num="51"  count="1"  type="stmt" />
				<line num="55"  count="1"  type="stmt" />
				<line num="58"  count="1"  type="stmt" />
				<line num="59"  count="1"  type="stmt" />
				<line num="60"  count="1"  type="stmt" />
				<line num="64"  count="1"  type="stmt" />
			</file>
		</package>
		<package name="reducers.auth" >
			<metrics statements="81"  coveredstatements="81"  conditionals="88"  coveredconditionals="59"  methods="31"  coveredmethods="30" />
			<file name="authActions.js"  path="/Users/lebui/equix/src/reducers/auth/authActions.js" >
				<metrics statements="29"  coveredstatements="29"  conditionals="50"  coveredconditionals="24"  methods="29"  coveredmethods="28" />
				<line num="1"  count="1"  type="stmt" />
				<line num="79"  count="1"  type="stmt" />
				<line num="87"  count="1"  type="stmt" />
				<line num="97"  count="1"  type="stmt" />
				<line num="103"  count="1"  type="stmt" />
				<line num="109"  count="1"  type="stmt" />
				<line num="113"  count="1"  type="stmt" />
				<line num="127"  count="1"  type="stmt" />
				<line num="137"  count="1"  type="stmt" />
				<line num="142"  count="1"  type="stmt" />
				<line num="150"  count="1"  type="stmt" />
				<line num="169"  count="1"  type="stmt" />
				<line num="175"  count="1"  type="stmt" />
				<line num="181"  count="1"  type="stmt" />
				<line num="187"  count="1"  type="stmt" />
				<line num="193"  count="1"  type="stmt" />
				<line num="200"  count="1"  type="stmt" />
				<line num="207"  count="1"  type="stmt" />
				<line num="222"  count="1"  type="stmt" />
				<line num="232"  count="1"  type="stmt" />
				<line num="249"  count="1"  type="stmt" />
				<line num="260"  count="1"  type="stmt" />
				<line num="271"  count="1"  type="stmt" />
				<line num="301"  count="1"  type="stmt" />
				<line num="312"  count="11"  type="cond"  truecount="21"  falsecount="25" />
				<line num="313"  count="2"  type="cond"  truecount="1"  falsecount="1" />
				<line num="314"  count="2"  type="cond"  truecount="2"  falsecount="0" />
				<line num="315"  count="1"  type="stmt" />
				<line num="317"  count="1"  type="stmt" />
			</file>
			<file name="authFormValidation.js"  path="/Users/lebui/equix/src/reducers/auth/authFormValidation.js" >
				<metrics statements="21"  coveredstatements="21"  conditionals="22"  coveredconditionals="21"  methods="1"  coveredmethods="1" />
				<line num="1"  count="2"  type="stmt" />
				<line num="28"  count="2"  type="stmt" />
				<line num="29"  count="7"  type="cond"  truecount="2"  falsecount="0" />
				<line num="30"  count="7"  type="cond"  truecount="4"  falsecount="0" />
				<line num="35"  count="1"  type="stmt" />
				<line num="36"  count="1"  type="stmt" />
				<line num="37"  count="1"  type="stmt" />
				<line num="42"  count="2"  type="stmt" />
				<line num="43"  count="2"  type="cond"  truecount="6"  falsecount="0" />
				<line num="47"  count="1"  type="stmt" />
				<line num="50"  count="1"  type="stmt" />
				<line num="53"  count="2"  type="stmt" />
				<line num="54"  count="2"  type="stmt" />
				<line num="57"  count="3"  type="cond"  truecount="4"  falsecount="0" />
				<line num="61"  count="3"  type="cond"  truecount="4"  falsecount="0" />
				<line num="62"  count="2"  type="cond"  truecount="1"  falsecount="1" />
				<line num="63"  count="2"  type="stmt" />
				<line num="67"  count="3"  type="stmt" />
				<line num="69"  count="3"  type="stmt" />
				<line num="70"  count="3"  type="stmt" />
				<line num="76"  count="1"  type="stmt" />
			</file>
			<file name="authInitialState.js"  path="/Users/lebui/equix/src/reducers/auth/authInitialState.js" >
				<metrics statements="5"  coveredstatements="5"  conditionals="0"  coveredconditionals="0"  methods="0"  coveredmethods="0" />
				<line num="1"  count="3"  type="stmt" />
				<line num="17"  count="3"  type="stmt" />
				<line num="27"  count="3"  type="stmt" />
				<line num="49"  count="3"  type="stmt" />
				<line num="50"  count="3"  type="stmt" />
			</file>
			<file name="authReducer.js"  path="/Users/lebui/equix/src/reducers/auth/authReducer.js" >
				<metrics statements="26"  coveredstatements="26"  conditionals="16"  coveredconditionals="14"  methods="1"  coveredmethods="1" />
				<line num="1"  count="1"  type="stmt" />
				<line num="63"  count="11"  type="cond"  truecount="3"  falsecount="1" />
				<line num="64"  count="11"  type="cond"  truecount="1"  falsecount="1" />
				<line num="65"  count="11"  type="stmt" />
				<line num="66"  count="11"  type="cond"  truecount="10"  falsecount="0" />
				<line num="72"  count="1"  type="stmt" />
				<line num="76"  count="1"  type="stmt" />
				<line num="79"  count="1"  type="stmt" />
				<line num="85"  count="1"  type="stmt" />
				<line num="86"  count="1"  type="stmt" />
				<line num="90"  count="1"  type="stmt" />
				<line num="97"  count="1"  type="stmt" />
				<line num="98"  count="1"  type="stmt" />
				<line num="108"  count="1"  type="stmt" />
				<line num="112"  count="1"  type="stmt" />
				<line num="113"  count="1"  type="stmt" />
				<line num="116"  count="1"  type="stmt" />
				<line num="117"  count="1"  type="stmt" />
				<line num="118"  count="1"  type="stmt" />
				<line num="122"  count="1"  type="stmt" />
				<line num="131"  count="1"  type="stmt" />
				<line num="143"  count="1"  type="stmt" />
				<line num="151"  count="1"  type="stmt" />
				<line num="159"  count="1"  type="stmt" />
				<line num="166"  count="1"  type="stmt" />
				<line num="171"  count="1"  type="stmt" />
			</file>
		</package>
		<package name="reducers.mocks" >
			<metrics statements="5"  coveredstatements="5"  conditionals="4"  coveredconditionals="4"  methods="1"  coveredmethods="1" />
			<file name="Store.js"  path="/Users/lebui/equix/src/reducers/mocks/Store.js" >
				<metrics statements="5"  coveredstatements="5"  conditionals="4"  coveredconditionals="4"  methods="1"  coveredmethods="1" />
				<line num="12"  count="9"  type="stmt" />
				<line num="13"  count="18"  type="cond"  truecount="4"  falsecount="0" />
				<line num="15"  count="9"  type="stmt" />
				<line num="23"  count="9"  type="stmt" />
				<line num="25"  count="9"  type="stmt" />
			</file>
		</package>
		<package name="reducers.orderList" >
			<metrics statements="73"  coveredstatements="59"  conditionals="93"  coveredconditionals="61"  methods="18"  coveredmethods="9" />
			<file name="orderListActions.js"  path="/Users/lebui/equix/src/reducers/orderList/orderListActions.js" >
				<metrics statements="15"  coveredstatements="12"  conditionals="56"  coveredconditionals="32"  methods="14"  coveredmethods="7" />
				<line num="1"  count="1"  type="stmt" />
				<line num="36"  count="1"  type="stmt" />
				<line num="54"  count="1"  type="stmt" />
				<line num="59"  count="1"  type="stmt" />
				<line num="65"  count="1"  type="stmt" />
				<line num="71"  count="1"  type="stmt" />
				<line num="77"  count="1"  type="stmt" />
				<line num="105"  count="1"  type="stmt" />
				<line num="142"  count="1"  type="stmt" />
				<line num="194"  count="1"  type="stmt" />
				<line num="202"  count="1"  type="stmt" />
				<line num="210"  count="9"  type="cond"  truecount="32"  falsecount="22" />
				<line num="211"  count="0"  type="stmt" />
				<line num="212"  count="0"  type="cond"  truecount="0"  falsecount="2" />
				<line num="213"  count="0"  type="stmt" />
			</file>
			<file name="orderListInitialState.js"  path="/Users/lebui/equix/src/reducers/orderList/orderListInitialState.js" >
				<metrics statements="5"  coveredstatements="5"  conditionals="0"  coveredconditionals="0"  methods="0"  coveredmethods="0" />
				<line num="1"  count="1"  type="stmt" />
				<line num="17"  count="1"  type="stmt" />
				<line num="27"  count="1"  type="stmt" />
				<line num="44"  count="1"  type="stmt" />
				<line num="45"  count="1"  type="stmt" />
			</file>
			<file name="orderListReducer.js"  path="/Users/lebui/equix/src/reducers/orderList/orderListReducer.js" >
				<metrics statements="53"  coveredstatements="42"  conditionals="37"  coveredconditionals="29"  methods="4"  coveredmethods="2" />
				<line num="1"  count="1"  type="stmt" />
				<line num="28"  count="10"  type="cond"  truecount="3"  falsecount="1" />
				<line num="29"  count="10"  type="cond"  truecount="1"  falsecount="1" />
				<line num="31"  count="10"  type="cond"  truecount="7"  falsecount="0" />
				<line num="36"  count="2"  type="stmt" />
				<line num="39"  count="10"  type="cond"  truecount="3"  falsecount="1" />
				<line num="41"  count="1"  type="stmt" />
				<line num="45"  count="1"  type="stmt" />
				<line num="47"  count="1"  type="stmt" />
				<line num="54"  count="1"  type="stmt" />
				<line num="56"  count="0"  type="stmt" />
				<line num="60"  count="0"  type="stmt" />
				<line num="62"  count="6"  type="stmt" />
				<line num="63"  count="6"  type="cond"  truecount="2"  falsecount="0" />
				<line num="64"  count="1"  type="stmt" />
				<line num="65"  count="5"  type="cond"  truecount="2"  falsecount="0" />
				<line num="66"  count="1"  type="stmt" />
				<line num="68"  count="4"  type="stmt" />
				<line num="70"  count="6"  type="cond"  truecount="1"  falsecount="1" />
				<line num="71"  count="0"  type="stmt" />
				<line num="73"  count="6"  type="stmt" />
				<line num="74"  count="3"  type="stmt" />
				<line num="76"  count="6"  type="cond"  truecount="2"  falsecount="0" />
				<line num="77"  count="3"  type="stmt" />
				<line num="78"  count="3"  type="stmt" />
				<line num="80"  count="3"  type="stmt" />
				<line num="83"  count="6"  type="stmt" />
				<line num="84"  count="6"  type="cond"  truecount="2"  falsecount="0" />
				<line num="86"  count="1"  type="stmt" />
				<line num="87"  count="1"  type="cond"  truecount="1"  falsecount="1" />
				<line num="88"  count="0"  type="stmt" />
				<line num="90"  count="1"  type="stmt" />
				<line num="91"  count="0"  type="stmt" />
				<line num="94"  count="1"  type="cond"  truecount="1"  falsecount="1" />
				<line num="95"  count="0"  type="stmt" />
				<line num="96"  count="0"  type="stmt" />
				<line num="99"  count="1"  type="stmt" />
				<line num="101"  count="5"  type="cond"  truecount="2"  falsecount="0" />
				<line num="102"  count="1"  type="stmt" />
				<line num="103"  count="1"  type="cond"  truecount="1"  falsecount="1" />
				<line num="104"  count="0"  type="stmt" />
				<line num="106"  count="1"  type="stmt" />
				<line num="107"  count="0"  type="stmt" />
				<line num="110"  count="1"  type="cond"  truecount="1"  falsecount="1" />
				<line num="111"  count="0"  type="stmt" />
				<line num="112"  count="0"  type="stmt" />
				<line num="115"  count="1"  type="stmt" />
				<line num="118"  count="4"  type="stmt" />
				<line num="120"  count="6"  type="stmt" />
				<line num="123"  count="6"  type="stmt" />
				<line num="124"  count="6"  type="stmt" />
				<line num="125"  count="6"  type="stmt" />
				<line num="127"  count="2"  type="stmt" />
			</file>
		</package>
	</project>
</coverage>
