{
"/Users/lebui/equix/src/lib/enum/Global.js":{"path":"/Users/lebui/equix/src/lib/enum/Global.js","s":{"1":16},"b":{},"f":{},"fnMap":{},"statementMap":{"1":{"start":{"line":1,"column":0},"end":{"line":17,"column":17}}},"branchMap":{},"l":{"1":16}},
"/Users/lebui/equix/src/lib/base/DataManager.js":{"path":"/Users/lebui/equix/src/lib/base/DataManager.js","s":{"1":14,"2":14,"3":11,"4":14,"5":294,"6":294,"7":294,"8":294,"9":294,"10":294,"11":14,"12":14,"13":14,"14":14,"15":0,"16":14,"17":14,"18":14,"19":14,"20":11,"21":14,"22":14,"23":0,"24":0,"25":0,"26":0,"27":0,"28":0,"29":0,"30":11,"31":10,"32":0,"33":14,"34":14,"35":14,"36":14,"37":14,"38":14,"39":14,"40":14,"41":14,"42":14,"43":14,"44":11,"45":10,"46":10,"47":14,"48":7,"49":7,"50":1,"51":1,"52":1,"53":1,"54":0,"55":1,"56":1,"57":1,"58":1,"59":1,"60":1,"61":1,"62":1,"63":1,"64":1,"65":1,"66":1,"67":5,"68":5,"69":5,"70":3,"71":2,"72":1,"73":2,"74":1,"75":2,"76":1,"77":54,"78":54,"79":54,"80":17,"81":17,"82":17,"83":20,"84":20,"85":5,"86":15,"87":1,"88":1,"89":2,"90":2,"91":2,"92":2,"93":2,"94":1,"95":1,"96":1,"97":1,"98":1,"99":2,"100":2,"101":1,"102":1,"103":1,"104":1,"105":14,"106":14,"107":14,"108":14,"109":13,"110":13,"111":13,"112":1,"113":1,"114":1,"115":14,"116":14,"117":13,"118":13,"119":13,"120":1,"121":0,"122":8,"123":8,"124":2,"125":2,"126":2,"127":6,"128":4,"129":4,"130":4,"131":3,"132":3,"133":2,"134":4,"135":4,"136":1,"137":0,"138":2,"139":2,"140":1,"141":2,"142":2,"143":1,"144":0,"145":9,"146":9,"147":0,"148":9,"149":9,"150":8,"151":8,"152":8,"153":1,"154":0,"155":1,"156":1,"157":0,"158":1,"159":1,"160":1,"161":0,"162":3,"163":3,"164":3,"165":0,"166":0,"167":0,"168":0,"169":43,"170":43,"171":43,"172":20,"173":20,"174":0,"175":20,"176":20,"177":0,"178":2,"179":2,"180":1,"181":1,"182":1,"183":1,"184":0,"185":2,"186":2,"187":0,"188":2,"189":2,"190":1,"191":0,"192":6,"193":6,"194":2,"195":4,"196":4,"197":1,"198":0,"199":57,"200":57,"201":8,"202":8,"203":8,"204":1,"205":1,"206":1,"207":1,"208":1,"209":1,"210":1,"211":1,"212":1,"213":1,"214":0,"215":5,"216":5,"217":1,"218":1,"219":1,"220":1,"221":1,"222":1,"223":1,"224":1,"225":4,"226":4,"227":2,"228":2,"229":2,"230":2,"231":1,"232":0,"233":17,"234":4,"235":14,"236":14},"b":{"1":[294,294],"2":[294,0],"3":[14,0],"4":[0,14],"5":[14,0],"6":[14,14],"7":[0,0],"8":[0,0],"9":[0,10],"10":[1,5],"11":[0,1],"12":[1,0],"13":[3,2],"14":[1,1],"15":[1,1],"16":[5,15],"17":[20,15],"18":[1,14],"19":[2,0],"20":[1,1],"21":[1,1],"22":[14,0],"23":[13,1],"24":[13,1],"25":[2,6],"26":[4,0],"27":[2,1],"28":[1,1],"29":[0,9],"30":[9,9,9],"31":[8,1],"32":[0,1],"33":[1,1],"34":[1,0],"35":[0,3],"36":[3,3],"37":[20,23],"38":[43,43],"39":[20,0],"40":[1,1],"41":[2,1,1],"42":[1,0],"43":[0,2],"44":[2,2],"45":[1,1],"46":[2,4],"47":[6,5,4],"48":[1,3],"49":[40,17],"50":[1,1,1,5],"51":[1,3],"52":[1,0],"53":[2,2],"54":[4,3],"55":[1,1]},"f":{"1":14,"2":14,"3":14,"4":14,"5":10,"6":14,"7":10,"8":7,"9":54,"10":17,"11":20,"12":8,"13":4,"14":3,"15":2,"16":9,"17":1,"18":3,"19":43,"20":2,"21":2,"22":6,"23":57,"24":8,"25":5,"26":4,"27":17,"28":4},"fnMap":{"1":{"name":"(anonymous_1)","line":1,"loc":{"start":{"line":1,"column":87},"end":{"line":1,"column":97}}},"2":{"name":"defineProperties","line":1,"loc":{"start":{"line":1,"column":98},"end":{"line":1,"column":137}}},"3":{"name":"(anonymous_3)","line":1,"loc":{"start":{"line":1,"column":389},"end":{"line":1,"column":433}}},"4":{"name":"_interopRequireWildcard","line":5,"loc":{"start":{"line":5,"column":46},"end":{"line":5,"column":83}}},"5":{"name":"_classCallCheck","line":5,"loc":{"start":{"line":5,"column":281},"end":{"line":5,"column":327}}},"6":{"name":"(anonymous_6)","line":27,"loc":{"start":{"line":27,"column":12},"end":{"line":27,"column":22}}},"7":{"name":"DataManager","line":29,"loc":{"start":{"line":29,"column":0},"end":{"line":29,"column":22}}},"8":{"name":"processReceiveMsg","line":30,"loc":{"start":{"line":30,"column":68},"end":{"line":33,"column":11}}},"9":{"name":"regisResponseHandler","line":83,"loc":{"start":{"line":83,"column":55},"end":{"line":87,"column":24}}},"10":{"name":"clearReciveDataDic","line":90,"loc":{"start":{"line":90,"column":53},"end":{"line":93,"column":0}}},"11":{"name":"regisRealtimeHandler","line":97,"loc":{"start":{"line":97,"column":62},"end":{"line":100,"column":20}}},"12":{"name":"regisFunction","line":159,"loc":{"start":{"line":159,"column":48},"end":{"line":163,"column":20}}},"13":{"name":"unregisFunction","line":170,"loc":{"start":{"line":170,"column":96},"end":{"line":174,"column":20}}},"14":{"name":"regisListDataRealtimeHandler","line":177,"loc":{"start":{"line":177,"column":104},"end":{"line":181,"column":20}}},"15":{"name":"unregisListDataRealtimeHandler","line":193,"loc":{"start":{"line":193,"column":65},"end":{"line":197,"column":20}}},"16":{"name":"regisBroadcastHandler","line":208,"loc":{"start":{"line":208,"column":56},"end":{"line":212,"column":20}}},"17":{"name":"unregisBroadcastHandler","line":225,"loc":{"start":{"line":225,"column":58},"end":{"line":230,"column":20}}},"18":{"name":"processResponse","line":239,"loc":{"start":{"line":239,"column":50},"end":{"line":243,"column":19}}},"19":{"name":"reProcessResponse","line":253,"loc":{"start":{"line":253,"column":52},"end":{"line":257,"column":19}}},"20":{"name":"processRealtime","line":269,"loc":{"start":{"line":269,"column":50},"end":{"line":273,"column":19}}},"21":{"name":"processListDataRealtime","line":282,"loc":{"start":{"line":282,"column":58},"end":{"line":286,"column":30}}},"22":{"name":"processBroadcast","line":296,"loc":{"start":{"line":296,"column":51},"end":{"line":300,"column":19}}},"23":{"name":"getRequestKey","line":309,"loc":{"start":{"line":309,"column":48},"end":{"line":313,"column":15}}},"24":{"name":"updateMemmoryBroadcast","line":315,"loc":{"start":{"line":315,"column":57},"end":{"line":318,"column":11}}},"25":{"name":"updateMemmoryResponse","line":340,"loc":{"start":{"line":340,"column":56},"end":{"line":344,"column":11}}},"26":{"name":"updateMemmoryEntity","line":360,"loc":{"start":{"line":360,"column":54},"end":{"line":364,"column":11}}},"27":{"name":"isHistory","line":378,"loc":{"start":{"line":378,"column":44},"end":{"line":382,"column":11}}},"28":{"name":"processProadcastDone","line":383,"loc":{"start":{"line":383,"column":49},"end":{"line":386,"column":24}}}},"statementMap":{"1":{"start":{"line":1,"column":13},"end":{"line":1,"column":70}},"2":{"start":{"line":1,"column":70},"end":{"line":1,"column":581}},"3":{"start":{"line":1,"column":98},"end":{"line":1,"column":382}},"4":{"start":{"line":1,"column":138},"end":{"line":1,"column":381}},"5":{"start":{"line":1,"column":170},"end":{"line":1,"column":194}},"6":{"start":{"line":1,"column":194},"end":{"line":1,"column":245}},"7":{"start":{"line":1,"column":245},"end":{"line":1,"column":274}},"8":{"start":{"line":1,"column":274},"end":{"line":1,"column":324}},"9":{"start":{"line":1,"column":299},"end":{"line":1,"column":324}},"10":{"start":{"line":1,"column":324},"end":{"line":1,"column":380}},"11":{"start":{"line":1,"column":382},"end":{"line":1,"column":577}},"12":{"start":{"line":1,"column":434},"end":{"line":1,"column":499}},"13":{"start":{"line":1,"column":448},"end":{"line":1,"column":499}},"14":{"start":{"line":1,"column":499},"end":{"line":1,"column":556}},"15":{"start":{"line":1,"column":514},"end":{"line":1,"column":556}},"16":{"start":{"line":1,"column":556},"end":{"line":1,"column":575}},"17":{"start":{"line":4,"column":0},"end":{"line":4,"column":40}},"18":{"start":{"line":4,"column":40},"end":{"line":4,"column":89}},"19":{"start":{"line":5,"column":0},"end":{"line":5,"column":46}},"20":{"start":{"line":5,"column":46},"end":{"line":5,"column":281}},"21":{"start":{"line":5,"column":84},"end":{"line":5,"column":280}},"22":{"start":{"line":5,"column":108},"end":{"line":5,"column":119}},"23":{"start":{"line":5,"column":126},"end":{"line":5,"column":140}},"24":{"start":{"line":5,"column":140},"end":{"line":5,"column":246}},"25":{"start":{"line":5,"column":154},"end":{"line":5,"column":245}},"26":{"start":{"line":5,"column":174},"end":{"line":5,"column":244}},"27":{"start":{"line":5,"column":223},"end":{"line":5,"column":244}},"28":{"start":{"line":5,"column":246},"end":{"line":5,"column":265}},"29":{"start":{"line":5,"column":265},"end":{"line":5,"column":279}},"30":{"start":{"line":5,"column":281},"end":{"line":5,"column":426}},"31":{"start":{"line":5,"column":328},"end":{"line":5,"column":425}},"32":{"start":{"line":5,"column":367},"end":{"line":5,"column":424}},"33":{"start":{"line":5,"column":426},"end":{"line":5,"column":457}},"34":{"start":{"line":10,"column":0},"end":{"line":10,"column":49}},"35":{"start":{"line":11,"column":0},"end":{"line":11,"column":51}},"36":{"start":{"line":12,"column":0},"end":{"line":12,"column":51}},"37":{"start":{"line":13,"column":0},"end":{"line":13,"column":49}},"38":{"start":{"line":14,"column":0},"end":{"line":14,"column":45}},"39":{"start":{"line":15,"column":0},"end":{"line":15,"column":49}},"40":{"start":{"line":16,"column":0},"end":{"line":16,"column":59}},"41":{"start":{"line":18,"column":0},"end":{"line":18,"column":39}},"42":{"start":{"line":20,"column":0},"end":{"line":25,"column":29}},"43":{"start":{"line":25,"column":29},"end":{"line":387,"column":75}},"44":{"start":{"line":29,"column":0},"end":{"line":30,"column":11}},"45":{"start":{"line":29,"column":23},"end":{"line":29,"column":57}},"46":{"start":{"line":30,"column":0},"end":{"line":30,"column":10}},"47":{"start":{"line":30,"column":11},"end":{"line":387,"column":52}},"48":{"start":{"line":34,"column":0},"end":{"line":83,"column":18}},"49":{"start":{"line":36,"column":0},"end":{"line":79,"column":43}},"50":{"start":{"line":38,"column":0},"end":{"line":38,"column":23}},"51":{"start":{"line":41,"column":0},"end":{"line":57,"column":48}},"52":{"start":{"line":42,"column":0},"end":{"line":42,"column":44}},"53":{"start":{"line":43,"column":0},"end":{"line":43,"column":21}},"54":{"start":{"line":43,"column":12},"end":{"line":43,"column":21}},"55":{"start":{"line":44,"column":0},"end":{"line":44,"column":30}},"56":{"start":{"line":46,"column":0},"end":{"line":46,"column":34}},"57":{"start":{"line":47,"column":0},"end":{"line":47,"column":64}},"58":{"start":{"line":49,"column":0},"end":{"line":49,"column":42}},"59":{"start":{"line":50,"column":0},"end":{"line":51,"column":13}},"60":{"start":{"line":51,"column":0},"end":{"line":51,"column":12}},"61":{"start":{"line":53,"column":0},"end":{"line":53,"column":23}},"62":{"start":{"line":54,"column":0},"end":{"line":54,"column":38}},"63":{"start":{"line":56,"column":0},"end":{"line":56,"column":106}},"64":{"start":{"line":57,"column":0},"end":{"line":57,"column":47}},"65":{"start":{"line":60,"column":0},"end":{"line":61,"column":66}},"66":{"start":{"line":61,"column":0},"end":{"line":61,"column":65}},"67":{"start":{"line":66,"column":0},"end":{"line":66,"column":34}},"68":{"start":{"line":67,"column":0},"end":{"line":67,"column":58}},"69":{"start":{"line":68,"column":0},"end":{"line":79,"column":42}},"70":{"start":{"line":69,"column":0},"end":{"line":69,"column":40}},"71":{"start":{"line":72,"column":0},"end":{"line":73,"column":40}},"72":{"start":{"line":73,"column":0},"end":{"line":73,"column":39}},"73":{"start":{"line":76,"column":0},"end":{"line":77,"column":40}},"74":{"start":{"line":77,"column":0},"end":{"line":77,"column":39}},"75":{"start":{"line":79,"column":0},"end":{"line":79,"column":41}},"76":{"start":{"line":83,"column":0},"end":{"line":83,"column":17}},"77":{"start":{"line":88,"column":0},"end":{"line":88,"column":50}},"78":{"start":{"line":89,"column":0},"end":{"line":89,"column":43}},"79":{"start":{"line":90,"column":0},"end":{"line":90,"column":18}},"80":{"start":{"line":95,"column":0},"end":{"line":95,"column":29}},"81":{"start":{"line":96,"column":0},"end":{"line":96,"column":26}},"82":{"start":{"line":97,"column":0},"end":{"line":97,"column":25}},"83":{"start":{"line":101,"column":0},"end":{"line":159,"column":18}},"84":{"start":{"line":102,"column":0},"end":{"line":103,"column":7}},"85":{"start":{"line":103,"column":0},"end":{"line":103,"column":7}},"86":{"start":{"line":105,"column":0},"end":{"line":155,"column":57}},"87":{"start":{"line":106,"column":0},"end":{"line":106,"column":30}},"88":{"start":{"line":107,"column":0},"end":{"line":127,"column":57}},"89":{"start":{"line":108,"column":0},"end":{"line":108,"column":29}},"90":{"start":{"line":109,"column":0},"end":{"line":109,"column":42}},"91":{"start":{"line":110,"column":0},"end":{"line":118,"column":47}},"92":{"start":{"line":111,"column":0},"end":{"line":111,"column":54}},"93":{"start":{"line":112,"column":0},"end":{"line":118,"column":46}},"94":{"start":{"line":113,"column":0},"end":{"line":113,"column":40}},"95":{"start":{"line":114,"column":0},"end":{"line":114,"column":31}},"96":{"start":{"line":116,"column":0},"end":{"line":116,"column":51}},"97":{"start":{"line":117,"column":0},"end":{"line":117,"column":9}},"98":{"start":{"line":118,"column":0},"end":{"line":118,"column":45}},"99":{"start":{"line":121,"column":0},"end":{"line":121,"column":46}},"100":{"start":{"line":122,"column":0},"end":{"line":127,"column":56}},"101":{"start":{"line":123,"column":0},"end":{"line":123,"column":47}},"102":{"start":{"line":124,"column":0},"end":{"line":124,"column":35}},"103":{"start":{"line":125,"column":0},"end":{"line":125,"column":48}},"104":{"start":{"line":127,"column":0},"end":{"line":127,"column":55}},"105":{"start":{"line":133,"column":0},"end":{"line":133,"column":41}},"106":{"start":{"line":135,"column":0},"end":{"line":146,"column":46}},"107":{"start":{"line":136,"column":0},"end":{"line":136,"column":53}},"108":{"start":{"line":137,"column":0},"end":{"line":146,"column":45}},"109":{"start":{"line":139,"column":0},"end":{"line":139,"column":40}},"110":{"start":{"line":140,"column":0},"end":{"line":140,"column":29}},"111":{"start":{"line":141,"column":0},"end":{"line":141,"column":30}},"112":{"start":{"line":144,"column":0},"end":{"line":144,"column":48}},"113":{"start":{"line":145,"column":0},"end":{"line":145,"column":8}},"114":{"start":{"line":146,"column":0},"end":{"line":146,"column":44}},"115":{"start":{"line":149,"column":0},"end":{"line":149,"column":45}},"116":{"start":{"line":150,"column":0},"end":{"line":155,"column":56}},"117":{"start":{"line":151,"column":0},"end":{"line":151,"column":46}},"118":{"start":{"line":152,"column":0},"end":{"line":152,"column":34}},"119":{"start":{"line":153,"column":0},"end":{"line":153,"column":47}},"120":{"start":{"line":155,"column":0},"end":{"line":155,"column":55}},"121":{"start":{"line":159,"column":0},"end":{"line":159,"column":17}},"122":{"start":{"line":164,"column":0},"end":{"line":164,"column":53}},"123":{"start":{"line":165,"column":0},"end":{"line":170,"column":64}},"124":{"start":{"line":166,"column":0},"end":{"line":166,"column":46}},"125":{"start":{"line":167,"column":0},"end":{"line":167,"column":34}},"126":{"start":{"line":168,"column":0},"end":{"line":168,"column":55}},"127":{"start":{"line":170,"column":0},"end":{"line":170,"column":63}},"128":{"start":{"line":175,"column":0},"end":{"line":175,"column":45}},"129":{"start":{"line":176,"column":0},"end":{"line":177,"column":59}},"130":{"start":{"line":177,"column":0},"end":{"line":177,"column":58}},"131":{"start":{"line":182,"column":0},"end":{"line":193,"column":18}},"132":{"start":{"line":183,"column":0},"end":{"line":189,"column":41}},"133":{"start":{"line":184,"column":0},"end":{"line":186,"column":42}},"134":{"start":{"line":185,"column":0},"end":{"line":185,"column":30}},"135":{"start":{"line":186,"column":0},"end":{"line":186,"column":41}},"136":{"start":{"line":189,"column":0},"end":{"line":189,"column":40}},"137":{"start":{"line":193,"column":0},"end":{"line":193,"column":17}},"138":{"start":{"line":198,"column":0},"end":{"line":208,"column":18}},"139":{"start":{"line":199,"column":0},"end":{"line":205,"column":43}},"140":{"start":{"line":200,"column":0},"end":{"line":202,"column":44}},"141":{"start":{"line":201,"column":0},"end":{"line":201,"column":30}},"142":{"start":{"line":202,"column":0},"end":{"line":202,"column":43}},"143":{"start":{"line":205,"column":0},"end":{"line":205,"column":42}},"144":{"start":{"line":208,"column":0},"end":{"line":208,"column":17}},"145":{"start":{"line":213,"column":0},"end":{"line":225,"column":18}},"146":{"start":{"line":214,"column":0},"end":{"line":215,"column":7}},"147":{"start":{"line":215,"column":0},"end":{"line":215,"column":7}},"148":{"start":{"line":216,"column":0},"end":{"line":216,"column":46}},"149":{"start":{"line":217,"column":0},"end":{"line":222,"column":57}},"150":{"start":{"line":218,"column":0},"end":{"line":218,"column":46}},"151":{"start":{"line":219,"column":0},"end":{"line":219,"column":34}},"152":{"start":{"line":220,"column":0},"end":{"line":220,"column":48}},"153":{"start":{"line":222,"column":0},"end":{"line":222,"column":56}},"154":{"start":{"line":225,"column":0},"end":{"line":225,"column":17}},"155":{"start":{"line":231,"column":0},"end":{"line":239,"column":18}},"156":{"start":{"line":232,"column":0},"end":{"line":233,"column":7}},"157":{"start":{"line":233,"column":0},"end":{"line":233,"column":7}},"158":{"start":{"line":234,"column":0},"end":{"line":234,"column":46}},"159":{"start":{"line":235,"column":0},"end":{"line":236,"column":60}},"160":{"start":{"line":236,"column":0},"end":{"line":236,"column":59}},"161":{"start":{"line":239,"column":0},"end":{"line":239,"column":17}},"162":{"start":{"line":244,"column":0},"end":{"line":253,"column":18}},"163":{"start":{"line":245,"column":0},"end":{"line":245,"column":47}},"164":{"start":{"line":246,"column":0},"end":{"line":250,"column":42}},"165":{"start":{"line":247,"column":0},"end":{"line":247,"column":18}},"166":{"start":{"line":249,"column":0},"end":{"line":249,"column":39}},"167":{"start":{"line":250,"column":0},"end":{"line":250,"column":41}},"168":{"start":{"line":253,"column":0},"end":{"line":253,"column":17}},"169":{"start":{"line":258,"column":0},"end":{"line":269,"column":18}},"170":{"start":{"line":259,"column":0},"end":{"line":259,"column":47}},"171":{"start":{"line":260,"column":0},"end":{"line":266,"column":42}},"172":{"start":{"line":261,"column":0},"end":{"line":264,"column":18}},"173":{"start":{"line":262,"column":0},"end":{"line":262,"column":23}},"174":{"start":{"line":264,"column":0},"end":{"line":264,"column":18}},"175":{"start":{"line":265,"column":0},"end":{"line":265,"column":39}},"176":{"start":{"line":266,"column":0},"end":{"line":266,"column":41}},"177":{"start":{"line":269,"column":0},"end":{"line":269,"column":17}},"178":{"start":{"line":274,"column":0},"end":{"line":282,"column":18}},"179":{"start":{"line":275,"column":0},"end":{"line":276,"column":7}},"180":{"start":{"line":276,"column":0},"end":{"line":276,"column":7}},"181":{"start":{"line":277,"column":0},"end":{"line":277,"column":45}},"182":{"start":{"line":278,"column":0},"end":{"line":279,"column":40}},"183":{"start":{"line":279,"column":0},"end":{"line":279,"column":39}},"184":{"start":{"line":282,"column":0},"end":{"line":282,"column":17}},"185":{"start":{"line":287,"column":0},"end":{"line":296,"column":18}},"186":{"start":{"line":288,"column":0},"end":{"line":289,"column":8}},"187":{"start":{"line":289,"column":0},"end":{"line":289,"column":7}},"188":{"start":{"line":291,"column":0},"end":{"line":291,"column":54}},"189":{"start":{"line":292,"column":0},"end":{"line":293,"column":66}},"190":{"start":{"line":293,"column":0},"end":{"line":293,"column":65}},"191":{"start":{"line":296,"column":0},"end":{"line":296,"column":17}},"192":{"start":{"line":301,"column":0},"end":{"line":309,"column":18}},"193":{"start":{"line":302,"column":0},"end":{"line":303,"column":7}},"194":{"start":{"line":303,"column":0},"end":{"line":303,"column":7}},"195":{"start":{"line":304,"column":0},"end":{"line":304,"column":46}},"196":{"start":{"line":305,"column":0},"end":{"line":306,"column":40}},"197":{"start":{"line":306,"column":0},"end":{"line":306,"column":39}},"198":{"start":{"line":309,"column":0},"end":{"line":309,"column":17}},"199":{"start":{"line":314,"column":0},"end":{"line":314,"column":111}},"200":{"start":{"line":315,"column":0},"end":{"line":315,"column":18}},"201":{"start":{"line":319,"column":0},"end":{"line":340,"column":18}},"202":{"start":{"line":320,"column":0},"end":{"line":320,"column":20}},"203":{"start":{"line":321,"column":0},"end":{"line":337,"column":9}},"204":{"start":{"line":323,"column":0},"end":{"line":323,"column":58}},"205":{"start":{"line":324,"column":0},"end":{"line":324,"column":51}},"206":{"start":{"line":325,"column":0},"end":{"line":325,"column":6}},"207":{"start":{"line":328,"column":0},"end":{"line":328,"column":41}},"208":{"start":{"line":329,"column":0},"end":{"line":329,"column":43}},"209":{"start":{"line":330,"column":0},"end":{"line":330,"column":51}},"210":{"start":{"line":331,"column":0},"end":{"line":331,"column":6}},"211":{"start":{"line":334,"column":0},"end":{"line":334,"column":45}},"212":{"start":{"line":335,"column":0},"end":{"line":335,"column":51}},"213":{"start":{"line":336,"column":0},"end":{"line":336,"column":6}},"214":{"start":{"line":340,"column":0},"end":{"line":340,"column":17}},"215":{"start":{"line":345,"column":0},"end":{"line":360,"column":18}},"216":{"start":{"line":346,"column":0},"end":{"line":357,"column":9}},"217":{"start":{"line":348,"column":0},"end":{"line":354,"column":42}},"218":{"start":{"line":350,"column":0},"end":{"line":350,"column":48}},"219":{"start":{"line":351,"column":0},"end":{"line":351,"column":44}},"220":{"start":{"line":352,"column":0},"end":{"line":352,"column":44}},"221":{"start":{"line":353,"column":0},"end":{"line":353,"column":40}},"222":{"start":{"line":354,"column":0},"end":{"line":354,"column":41}},"223":{"start":{"line":356,"column":0},"end":{"line":356,"column":6}},"224":{"start":{"line":360,"column":0},"end":{"line":360,"column":17}},"225":{"start":{"line":365,"column":0},"end":{"line":378,"column":18}},"226":{"start":{"line":366,"column":0},"end":{"line":367,"column":7}},"227":{"start":{"line":367,"column":0},"end":{"line":367,"column":7}},"228":{"start":{"line":368,"column":0},"end":{"line":368,"column":47}},"229":{"start":{"line":369,"column":0},"end":{"line":369,"column":49}},"230":{"start":{"line":370,"column":0},"end":{"line":375,"column":9}},"231":{"start":{"line":374,"column":0},"end":{"line":374,"column":6}},"232":{"start":{"line":378,"column":0},"end":{"line":378,"column":17}},"233":{"start":{"line":383,"column":0},"end":{"line":383,"column":12}},"234":{"start":{"line":387,"column":0},"end":{"line":387,"column":47}},"235":{"start":{"line":387,"column":52},"end":{"line":387,"column":71}},"236":{"start":{"line":387,"column":75},"end":{"line":387,"column":103}}},"branchMap":{"1":{"line":1,"type":"binary-expr","locations":[{"start":{"line":1,"column":216},"end":{"line":1,"column":237}},{"start":{"line":1,"column":239},"end":{"line":1,"column":244}}]},"2":{"line":1,"type":"if","locations":[{"start":{"line":1,"column":274},"end":{"line":1,"column":274}},{"start":{"line":1,"column":274},"end":{"line":1,"column":274}}]},"3":{"line":1,"type":"if","locations":[{"start":{"line":1,"column":434},"end":{"line":1,"column":434}},{"start":{"line":1,"column":434},"end":{"line":1,"column":434}}]},"4":{"line":1,"type":"if","locations":[{"start":{"line":1,"column":499},"end":{"line":1,"column":499}},{"start":{"line":1,"column":499},"end":{"line":1,"column":499}}]},"5":{"line":5,"type":"if","locations":[{"start":{"line":5,"column":84},"end":{"line":5,"column":84}},{"start":{"line":5,"column":84},"end":{"line":5,"column":84}}]},"6":{"line":5,"type":"binary-expr","locations":[{"start":{"line":5,"column":87},"end":{"line":5,"column":90}},{"start":{"line":5,"column":92},"end":{"line":5,"column":106}}]},"7":{"line":5,"type":"if","locations":[{"start":{"line":5,"column":140},"end":{"line":5,"column":140}},{"start":{"line":5,"column":140},"end":{"line":5,"column":140}}]},"8":{"line":5,"type":"if","locations":[{"start":{"line":5,"column":174},"end":{"line":5,"column":174}},{"start":{"line":5,"column":174},"end":{"line":5,"column":174}}]},"9":{"line":5,"type":"if","locations":[{"start":{"line":5,"column":328},"end":{"line":5,"column":328}},{"start":{"line":5,"column":328},"end":{"line":5,"column":328}}]},"10":{"line":36,"type":"if","locations":[{"start":{"line":36,"column":0},"end":{"line":36,"column":0}},{"start":{"line":36,"column":0},"end":{"line":36,"column":0}}]},"11":{"line":43,"type":"if","locations":[{"start":{"line":43,"column":0},"end":{"line":43,"column":0}},{"start":{"line":43,"column":0},"end":{"line":43,"column":0}}]},"12":{"line":50,"type":"if","locations":[{"start":{"line":50,"column":0},"end":{"line":50,"column":0}},{"start":{"line":50,"column":0},"end":{"line":50,"column":0}}]},"13":{"line":68,"type":"if","locations":[{"start":{"line":68,"column":0},"end":{"line":68,"column":0}},{"start":{"line":68,"column":0},"end":{"line":68,"column":0}}]},"14":{"line":72,"type":"if","locations":[{"start":{"line":72,"column":0},"end":{"line":72,"column":0}},{"start":{"line":72,"column":0},"end":{"line":72,"column":0}}]},"15":{"line":76,"type":"if","locations":[{"start":{"line":76,"column":0},"end":{"line":76,"column":0}},{"start":{"line":76,"column":0},"end":{"line":76,"column":0}}]},"16":{"line":102,"type":"if","locations":[{"start":{"line":102,"column":0},"end":{"line":102,"column":0}},{"start":{"line":102,"column":0},"end":{"line":102,"column":0}}]},"17":{"line":102,"type":"binary-expr","locations":[{"start":{"line":102,"column":3},"end":{"line":102,"column":19}},{"start":{"line":102,"column":21},"end":{"line":102,"column":41}}]},"18":{"line":105,"type":"if","locations":[{"start":{"line":105,"column":0},"end":{"line":105,"column":0}},{"start":{"line":105,"column":0},"end":{"line":105,"column":0}}]},"19":{"line":110,"type":"if","locations":[{"start":{"line":110,"column":0},"end":{"line":110,"column":0}},{"start":{"line":110,"column":0},"end":{"line":110,"column":0}}]},"20":{"line":112,"type":"if","locations":[{"start":{"line":112,"column":0},"end":{"line":112,"column":0}},{"start":{"line":112,"column":0},"end":{"line":112,"column":0}}]},"21":{"line":122,"type":"if","locations":[{"start":{"line":122,"column":0},"end":{"line":122,"column":0}},{"start":{"line":122,"column":0},"end":{"line":122,"column":0}}]},"22":{"line":135,"type":"if","locations":[{"start":{"line":135,"column":0},"end":{"line":135,"column":0}},{"start":{"line":135,"column":0},"end":{"line":135,"column":0}}]},"23":{"line":137,"type":"if","locations":[{"start":{"line":137,"column":0},"end":{"line":137,"column":0}},{"start":{"line":137,"column":0},"end":{"line":137,"column":0}}]},"24":{"line":150,"type":"if","locations":[{"start":{"line":150,"column":0},"end":{"line":150,"column":0}},{"start":{"line":150,"column":0},"end":{"line":150,"column":0}}]},"25":{"line":165,"type":"if","locations":[{"start":{"line":165,"column":0},"end":{"line":165,"column":0}},{"start":{"line":165,"column":0},"end":{"line":165,"column":0}}]},"26":{"line":176,"type":"if","locations":[{"start":{"line":176,"column":0},"end":{"line":176,"column":0}},{"start":{"line":176,"column":0},"end":{"line":176,"column":0}}]},"27":{"line":183,"type":"if","locations":[{"start":{"line":183,"column":0},"end":{"line":183,"column":0}},{"start":{"line":183,"column":0},"end":{"line":183,"column":0}}]},"28":{"line":199,"type":"if","locations":[{"start":{"line":199,"column":0},"end":{"line":199,"column":0}},{"start":{"line":199,"column":0},"end":{"line":199,"column":0}}]},"29":{"line":214,"type":"if","locations":[{"start":{"line":214,"column":0},"end":{"line":214,"column":0}},{"start":{"line":214,"column":0},"end":{"line":214,"column":0}}]},"30":{"line":214,"type":"binary-expr","locations":[{"start":{"line":214,"column":3},"end":{"line":214,"column":19}},{"start":{"line":214,"column":21},"end":{"line":214,"column":43}},{"start":{"line":214,"column":45},"end":{"line":214,"column":65}}]},"31":{"line":217,"type":"if","locations":[{"start":{"line":217,"column":0},"end":{"line":217,"column":0}},{"start":{"line":217,"column":0},"end":{"line":217,"column":0}}]},"32":{"line":232,"type":"if","locations":[{"start":{"line":232,"column":0},"end":{"line":232,"column":0}},{"start":{"line":232,"column":0},"end":{"line":232,"column":0}}]},"33":{"line":232,"type":"binary-expr","locations":[{"start":{"line":232,"column":3},"end":{"line":232,"column":19}},{"start":{"line":232,"column":21},"end":{"line":232,"column":41}}]},"34":{"line":235,"type":"if","locations":[{"start":{"line":235,"column":0},"end":{"line":235,"column":0}},{"start":{"line":235,"column":0},"end":{"line":235,"column":0}}]},"35":{"line":246,"type":"if","locations":[{"start":{"line":246,"column":0},"end":{"line":246,"column":0}},{"start":{"line":246,"column":0},"end":{"line":246,"column":0}}]},"36":{"line":246,"type":"binary-expr","locations":[{"start":{"line":246,"column":3},"end":{"line":246,"column":16}},{"start":{"line":246,"column":18},"end":{"line":246,"column":32}}]},"37":{"line":260,"type":"if","locations":[{"start":{"line":260,"column":0},"end":{"line":260,"column":0}},{"start":{"line":260,"column":0},"end":{"line":260,"column":0}}]},"38":{"line":260,"type":"binary-expr","locations":[{"start":{"line":260,"column":3},"end":{"line":260,"column":16}},{"start":{"line":260,"column":18},"end":{"line":260,"column":32}}]},"39":{"line":261,"type":"if","locations":[{"start":{"line":261,"column":0},"end":{"line":261,"column":0}},{"start":{"line":261,"column":0},"end":{"line":261,"column":0}}]},"40":{"line":275,"type":"if","locations":[{"start":{"line":275,"column":0},"end":{"line":275,"column":0}},{"start":{"line":275,"column":0},"end":{"line":275,"column":0}}]},"41":{"line":275,"type":"binary-expr","locations":[{"start":{"line":275,"column":3},"end":{"line":275,"column":19}},{"start":{"line":275,"column":21},"end":{"line":275,"column":41}},{"start":{"line":275,"column":43},"end":{"line":275,"column":56}}]},"42":{"line":278,"type":"if","locations":[{"start":{"line":278,"column":0},"end":{"line":278,"column":0}},{"start":{"line":278,"column":0},"end":{"line":278,"column":0}}]},"43":{"line":288,"type":"if","locations":[{"start":{"line":288,"column":0},"end":{"line":288,"column":0}},{"start":{"line":288,"column":0},"end":{"line":288,"column":0}}]},"44":{"line":288,"type":"binary-expr","locations":[{"start":{"line":288,"column":3},"end":{"line":288,"column":26}},{"start":{"line":288,"column":28},"end":{"line":288,"column":55}}]},"45":{"line":292,"type":"if","locations":[{"start":{"line":292,"column":0},"end":{"line":292,"column":0}},{"start":{"line":292,"column":0},"end":{"line":292,"column":0}}]},"46":{"line":302,"type":"if","locations":[{"start":{"line":302,"column":0},"end":{"line":302,"column":0}},{"start":{"line":302,"column":0},"end":{"line":302,"column":0}}]},"47":{"line":302,"type":"binary-expr","locations":[{"start":{"line":302,"column":3},"end":{"line":302,"column":19}},{"start":{"line":302,"column":21},"end":{"line":302,"column":41}},{"start":{"line":302,"column":43},"end":{"line":302,"column":56}}]},"48":{"line":305,"type":"if","locations":[{"start":{"line":305,"column":0},"end":{"line":305,"column":0}},{"start":{"line":305,"column":0},"end":{"line":305,"column":0}}]},"49":{"line":314,"type":"cond-expr","locations":[{"start":{"line":314,"column":71},"end":{"line":314,"column":89}},{"start":{"line":314,"column":90},"end":{"line":314,"column":109}}]},"50":{"line":321,"type":"switch","locations":[{"start":{"line":322,"column":0},"end":{"line":325,"column":6}},{"start":{"line":327,"column":0},"end":{"line":331,"column":6}},{"start":{"line":333,"column":0},"end":{"line":336,"column":6}},{"start":{"line":337,"column":0},"end":{"line":337,"column":8}}]},"51":{"line":346,"type":"switch","locations":[{"start":{"line":347,"column":0},"end":{"line":356,"column":6}},{"start":{"line":357,"column":0},"end":{"line":357,"column":8}}]},"52":{"line":348,"type":"if","locations":[{"start":{"line":348,"column":0},"end":{"line":348,"column":0}},{"start":{"line":348,"column":0},"end":{"line":348,"column":0}}]},"53":{"line":366,"type":"if","locations":[{"start":{"line":366,"column":0},"end":{"line":366,"column":0}},{"start":{"line":366,"column":0},"end":{"line":366,"column":0}}]},"54":{"line":366,"type":"binary-expr","locations":[{"start":{"line":366,"column":3},"end":{"line":366,"column":33}},{"start":{"line":366,"column":35},"end":{"line":366,"column":76}}]},"55":{"line":370,"type":"switch","locations":[{"start":{"line":372,"column":0},"end":{"line":374,"column":6}},{"start":{"line":375,"column":0},"end":{"line":375,"column":8}}]}},"l":{"1":294,"4":14,"5":14,"10":14,"11":14,"12":14,"13":14,"14":14,"15":14,"16":14,"18":14,"20":14,"25":14,"29":11,"30":14,"34":7,"36":7,"38":1,"41":1,"42":1,"43":1,"44":1,"46":1,"47":1,"49":1,"50":1,"51":1,"53":1,"54":1,"56":1,"57":1,"60":1,"61":1,"66":5,"67":5,"68":5,"69":3,"72":2,"73":1,"76":2,"77":1,"79":2,"83":1,"88":54,"89":54,"90":54,"95":17,"96":17,"97":17,"101":20,"102":20,"103":5,"105":15,"106":1,"107":1,"108":2,"109":2,"110":2,"111":2,"112":2,"113":1,"114":1,"116":1,"117":1,"118":1,"121":2,"122":2,"123":1,"124":1,"125":1,"127":1,"133":14,"135":14,"136":14,"137":14,"139":13,"140":13,"141":13,"144":1,"145":1,"146":1,"149":14,"150":14,"151":13,"152":13,"153":13,"155":1,"159":0,"164":8,"165":8,"166":2,"167":2,"168":2,"170":6,"175":4,"176":4,"177":4,"182":3,"183":3,"184":2,"185":4,"186":4,"189":1,"193":0,"198":2,"199":2,"200":1,"201":2,"202":2,"205":1,"208":0,"213":9,"214":9,"215":0,"216":9,"217":9,"218":8,"219":8,"220":8,"222":1,"225":0,"231":1,"232":1,"233":0,"234":1,"235":1,"236":1,"239":0,"244":3,"245":3,"246":3,"247":0,"249":0,"250":0,"253":0,"258":43,"259":43,"260":43,"261":20,"262":20,"264":0,"265":20,"266":20,"269":0,"274":2,"275":2,"276":1,"277":1,"278":1,"279":1,"282":0,"287":2,"288":2,"289":0,"291":2,"292":2,"293":1,"296":0,"301":6,"302":6,"303":2,"304":4,"305":4,"306":1,"309":0,"314":57,"315":57,"319":8,"320":8,"321":8,"323":1,"324":1,"325":1,"328":1,"329":1,"330":1,"331":1,"334":1,"335":1,"336":1,"340":0,"345":5,"346":5,"348":1,"350":1,"351":1,"352":1,"353":1,"354":1,"356":1,"360":1,"365":4,"366":4,"367":2,"368":2,"369":2,"370":2,"374":1,"378":0,"383":17,"387":14}},
"/Users/lebui/equix/src/lib/base/MessageDef.js":{"path":"/Users/lebui/equix/src/lib/base/MessageDef.js","s":{"1":16,"2":16,"3":16,"4":16,"5":16,"6":16,"7":16,"8":16,"9":16,"10":16,"11":16,"12":16,"13":16,"14":16,"15":16,"16":16,"17":16,"18":16,"19":16,"20":16,"21":16,"22":16,"23":16,"24":16,"25":16,"26":16,"27":13,"28":2,"29":2,"30":2,"31":2,"32":13,"33":1,"34":1,"35":1,"36":13,"37":1,"38":1,"39":1,"40":1,"41":13,"42":1,"43":1,"44":1,"45":1,"46":1,"47":1,"48":13,"49":1,"50":1,"51":1,"52":1,"53":1,"54":1,"55":1,"56":13,"57":1,"58":1,"59":1,"60":1,"61":1,"62":13,"63":12,"64":12,"65":12,"66":12,"67":12,"68":12,"69":12,"70":12,"71":13,"72":4,"73":4,"74":4,"75":4,"76":4,"77":4,"78":4,"79":4,"80":4,"81":13,"82":4,"83":4,"84":4,"85":4,"86":4,"87":4,"88":13,"89":3,"90":3,"91":3,"92":3,"93":3,"94":3,"95":3,"96":13,"97":4,"98":4,"99":4,"100":4,"101":4,"102":4,"103":13,"104":4,"105":4,"106":4,"107":4,"108":13,"109":8,"110":8,"111":8,"112":8,"113":8,"114":8,"115":8,"116":8,"117":8,"118":8,"119":13,"120":2,"121":2,"122":2,"123":13,"124":21,"125":21,"126":21,"127":21,"128":21,"129":21,"130":13,"131":7,"132":7,"133":7,"134":7,"135":13,"136":4,"137":4,"138":4,"139":4,"140":4,"141":4,"142":13,"143":3,"144":3,"145":3,"146":13,"147":3,"148":3,"149":3,"150":3,"151":3,"152":13,"153":1,"154":1,"155":1,"156":1,"157":1,"158":13,"159":14,"160":14,"161":14,"162":14,"163":14,"164":14,"165":13,"166":0,"167":0,"168":0,"169":0,"170":0,"171":13,"172":1,"173":1,"174":1,"175":1,"176":1},"b":{},"f":{"1":2,"2":1,"3":1,"4":1,"5":1,"6":1,"7":12,"8":4,"9":4,"10":3,"11":4,"12":4,"13":8,"14":2,"15":21,"16":7,"17":4,"18":3,"19":3,"20":1,"21":14,"22":0,"23":1},"fnMap":{"1":{"name":"RealtimeEntity","line":188,"loc":{"start":{"line":188,"column":136},"end":{"line":188,"column":185}}},"2":{"name":"NetworkStatusBroadcast","line":188,"loc":{"start":{"line":188,"column":273},"end":{"line":188,"column":317}}},"3":{"name":"CompressedMessage","line":188,"loc":{"start":{"line":188,"column":381},"end":{"line":188,"column":409}}},"4":{"name":"PartialMessage","line":188,"loc":{"start":{"line":188,"column":593},"end":{"line":188,"column":618}}},"5":{"name":"PingRequest","line":188,"loc":{"start":{"line":188,"column":825},"end":{"line":188,"column":847}}},"6":{"name":"SubscribeEntityRequest","line":188,"loc":{"start":{"line":188,"column":1115},"end":{"line":188,"column":1187}}},"7":{"name":"FirstLoginRequest","line":188,"loc":{"start":{"line":188,"column":1469},"end":{"line":188,"column":1497}}},"8":{"name":"SecondLoginRequest","line":188,"loc":{"start":{"line":188,"column":1794},"end":{"line":188,"column":1823}}},"9":{"name":"UserLogoutRequest","line":188,"loc":{"start":{"line":188,"column":2137},"end":{"line":188,"column":2165}}},"10":{"name":"GetUserLayoutRequest","line":188,"loc":{"start":{"line":188,"column":2428},"end":{"line":188,"column":2459}}},"11":{"name":"ResendOtpPassRequest","line":188,"loc":{"start":{"line":188,"column":2735},"end":{"line":188,"column":2766}}},"12":{"name":"CreateTerminalEnvironmentRequest","line":188,"loc":{"start":{"line":188,"column":3011},"end":{"line":188,"column":3054}}},"13":{"name":"GetListTradingDealRequest","line":188,"loc":{"start":{"line":188,"column":3299},"end":{"line":188,"column":3433}}},"14":{"name":"GetListBussinessInfo","line":188,"loc":{"start":{"line":188,"column":3857},"end":{"line":188,"column":3888}}},"15":{"name":"PriceSubscribeRequest","line":188,"loc":{"start":{"line":188,"column":4085},"end":{"line":188,"column":4132}}},"16":{"name":"GetListSymbolRequest","line":188,"loc":{"start":{"line":188,"column":4403},"end":{"line":188,"column":4434}}},"17":{"name":"UpdateUserInfoRequest","line":188,"loc":{"start":{"line":188,"column":4664},"end":{"line":188,"column":4716}}},"18":{"name":"GetListMemberSymbolMappingRequest","line":188,"loc":{"start":{"line":188,"column":4982},"end":{"line":188,"column":5037}}},"19":{"name":"UpdateUserLayoutRequest","line":188,"loc":{"start":{"line":188,"column":5255},"end":{"line":188,"column":5299}}},"20":{"name":"NewOrderSingleRequest","line":188,"loc":{"start":{"line":188,"column":5562},"end":{"line":188,"column":5614}}},"21":{"name":"GetListAccountRequest","line":188,"loc":{"start":{"line":188,"column":5883},"end":{"line":188,"column":5935}}},"22":{"name":"CancelOrderRequest","line":188,"loc":{"start":{"line":188,"column":6196},"end":{"line":188,"column":6236}}},"23":{"name":"UpdateOrderRequest","line":188,"loc":{"start":{"line":188,"column":6484},"end":{"line":188,"column":6524}}}},"statementMap":{"1":{"start":{"line":1,"column":0},"end":{"line":1,"column":57}},"2":{"start":{"line":1,"column":57},"end":{"line":5,"column":30}},"3":{"start":{"line":5,"column":30},"end":{"line":12,"column":46}},"4":{"start":{"line":12,"column":46},"end":{"line":18,"column":36}},"5":{"start":{"line":18,"column":36},"end":{"line":25,"column":30}},"6":{"start":{"line":25,"column":30},"end":{"line":34,"column":24}},"7":{"start":{"line":34,"column":24},"end":{"line":44,"column":46}},"8":{"start":{"line":44,"column":46},"end":{"line":52,"column":36}},"9":{"start":{"line":52,"column":36},"end":{"line":63,"column":38}},"10":{"start":{"line":63,"column":38},"end":{"line":75,"column":36}},"11":{"start":{"line":75,"column":36},"end":{"line":84,"column":42}},"12":{"start":{"line":84,"column":42},"end":{"line":94,"column":42}},"13":{"start":{"line":94,"column":42},"end":{"line":103,"column":66}},"14":{"start":{"line":103,"column":66},"end":{"line":110,"column":52}},"15":{"start":{"line":110,"column":52},"end":{"line":124,"column":42}},"16":{"start":{"line":124,"column":42},"end":{"line":131,"column":44}},"17":{"start":{"line":131,"column":44},"end":{"line":139,"column":42}},"18":{"start":{"line":139,"column":42},"end":{"line":145,"column":44}},"19":{"start":{"line":145,"column":44},"end":{"line":153,"column":68}},"20":{"start":{"line":153,"column":68},"end":{"line":158,"column":48}},"21":{"start":{"line":158,"column":48},"end":{"line":166,"column":44}},"22":{"start":{"line":166,"column":44},"end":{"line":173,"column":44}},"23":{"start":{"line":173,"column":44},"end":{"line":181,"column":38}},"24":{"start":{"line":181,"column":38},"end":{"line":188,"column":38}},"25":{"start":{"line":188,"column":38},"end":{"line":188,"column":87}},"26":{"start":{"line":188,"column":87},"end":{"line":188,"column":136}},"27":{"start":{"line":188,"column":136},"end":{"line":188,"column":273}},"28":{"start":{"line":188,"column":186},"end":{"line":188,"column":209}},"29":{"start":{"line":188,"column":209},"end":{"line":188,"column":234}},"30":{"start":{"line":188,"column":234},"end":{"line":188,"column":251}},"31":{"start":{"line":188,"column":251},"end":{"line":188,"column":272}},"32":{"start":{"line":188,"column":273},"end":{"line":188,"column":381}},"33":{"start":{"line":188,"column":318},"end":{"line":188,"column":347}},"34":{"start":{"line":188,"column":347},"end":{"line":188,"column":362}},"35":{"start":{"line":188,"column":362},"end":{"line":188,"column":380}},"36":{"start":{"line":188,"column":381},"end":{"line":188,"column":593}},"37":{"start":{"line":188,"column":410},"end":{"line":188,"column":530}},"38":{"start":{"line":188,"column":530},"end":{"line":188,"column":550}},"39":{"start":{"line":188,"column":550},"end":{"line":188,"column":573}},"40":{"start":{"line":188,"column":573},"end":{"line":188,"column":592}},"41":{"start":{"line":188,"column":593},"end":{"line":188,"column":825}},"42":{"start":{"line":188,"column":619},"end":{"line":188,"column":736}},"43":{"start":{"line":188,"column":736},"end":{"line":188,"column":749}},"44":{"start":{"line":188,"column":749},"end":{"line":188,"column":762}},"45":{"start":{"line":188,"column":762},"end":{"line":188,"column":782}},"46":{"start":{"line":188,"column":782},"end":{"line":188,"column":805}},"47":{"start":{"line":188,"column":805},"end":{"line":188,"column":824}},"48":{"start":{"line":188,"column":825},"end":{"line":188,"column":1115}},"49":{"start":{"line":188,"column":848},"end":{"line":188,"column":978}},"50":{"start":{"line":188,"column":978},"end":{"line":188,"column":1022}},"51":{"start":{"line":188,"column":1022},"end":{"line":188,"column":1034}},"52":{"start":{"line":188,"column":1034},"end":{"line":188,"column":1057}},"53":{"start":{"line":188,"column":1057},"end":{"line":188,"column":1082}},"54":{"start":{"line":188,"column":1082},"end":{"line":188,"column":1096}},"55":{"start":{"line":188,"column":1096},"end":{"line":188,"column":1114}},"56":{"start":{"line":188,"column":1115},"end":{"line":188,"column":1469}},"57":{"start":{"line":188,"column":1188},"end":{"line":188,"column":1329}},"58":{"start":{"line":188,"column":1329},"end":{"line":188,"column":1373}},"59":{"start":{"line":188,"column":1373},"end":{"line":188,"column":1402}},"60":{"start":{"line":188,"column":1402},"end":{"line":188,"column":1433}},"61":{"start":{"line":188,"column":1433},"end":{"line":188,"column":1468}},"62":{"start":{"line":188,"column":1469},"end":{"line":188,"column":1794}},"63":{"start":{"line":188,"column":1498},"end":{"line":188,"column":1634}},"64":{"start":{"line":188,"column":1634},"end":{"line":188,"column":1678}},"65":{"start":{"line":188,"column":1678},"end":{"line":188,"column":1690}},"66":{"start":{"line":188,"column":1690},"end":{"line":188,"column":1713}},"67":{"start":{"line":188,"column":1713},"end":{"line":188,"column":1738}},"68":{"start":{"line":188,"column":1738},"end":{"line":188,"column":1755}},"69":{"start":{"line":188,"column":1755},"end":{"line":188,"column":1772}},"70":{"start":{"line":188,"column":1772},"end":{"line":188,"column":1793}},"71":{"start":{"line":188,"column":1794},"end":{"line":188,"column":2137}},"72":{"start":{"line":188,"column":1824},"end":{"line":188,"column":1961}},"73":{"start":{"line":188,"column":1961},"end":{"line":188,"column":2005}},"74":{"start":{"line":188,"column":2005},"end":{"line":188,"column":2017}},"75":{"start":{"line":188,"column":2017},"end":{"line":188,"column":2040}},"76":{"start":{"line":188,"column":2040},"end":{"line":188,"column":2065}},"77":{"start":{"line":188,"column":2065},"end":{"line":188,"column":2082}},"78":{"start":{"line":188,"column":2082},"end":{"line":188,"column":2099}},"79":{"start":{"line":188,"column":2099},"end":{"line":188,"column":2115}},"80":{"start":{"line":188,"column":2115},"end":{"line":188,"column":2136}},"81":{"start":{"line":188,"column":2137},"end":{"line":188,"column":2428}},"82":{"start":{"line":188,"column":2166},"end":{"line":188,"column":2302}},"83":{"start":{"line":188,"column":2302},"end":{"line":188,"column":2346}},"84":{"start":{"line":188,"column":2346},"end":{"line":188,"column":2358}},"85":{"start":{"line":188,"column":2358},"end":{"line":188,"column":2381}},"86":{"start":{"line":188,"column":2381},"end":{"line":188,"column":2406}},"87":{"start":{"line":188,"column":2406},"end":{"line":188,"column":2427}},"88":{"start":{"line":188,"column":2428},"end":{"line":188,"column":2735}},"89":{"start":{"line":188,"column":2460},"end":{"line":188,"column":2597}},"90":{"start":{"line":188,"column":2597},"end":{"line":188,"column":2639}},"91":{"start":{"line":188,"column":2639},"end":{"line":188,"column":2651}},"92":{"start":{"line":188,"column":2651},"end":{"line":188,"column":2674}},"93":{"start":{"line":188,"column":2674},"end":{"line":188,"column":2699}},"94":{"start":{"line":188,"column":2699},"end":{"line":188,"column":2720}},"95":{"start":{"line":188,"column":2720},"end":{"line":188,"column":2734}},"96":{"start":{"line":188,"column":2735},"end":{"line":188,"column":3011}},"97":{"start":{"line":188,"column":2767},"end":{"line":188,"column":2896}},"98":{"start":{"line":188,"column":2896},"end":{"line":188,"column":2930}},"99":{"start":{"line":188,"column":2930},"end":{"line":188,"column":2955}},"100":{"start":{"line":188,"column":2955},"end":{"line":188,"column":2972}},"101":{"start":{"line":188,"column":2972},"end":{"line":188,"column":2989}},"102":{"start":{"line":188,"column":2989},"end":{"line":188,"column":3010}},"103":{"start":{"line":188,"column":3011},"end":{"line":188,"column":3299}},"104":{"start":{"line":188,"column":3055},"end":{"line":188,"column":3206}},"105":{"start":{"line":188,"column":3206},"end":{"line":188,"column":3250}},"106":{"start":{"line":188,"column":3250},"end":{"line":188,"column":3275}},"107":{"start":{"line":188,"column":3275},"end":{"line":188,"column":3298}},"108":{"start":{"line":188,"column":3299},"end":{"line":188,"column":3857}},"109":{"start":{"line":188,"column":3434},"end":{"line":188,"column":3576}},"110":{"start":{"line":188,"column":3576},"end":{"line":188,"column":3618}},"111":{"start":{"line":188,"column":3618},"end":{"line":188,"column":3641}},"112":{"start":{"line":188,"column":3641},"end":{"line":188,"column":3660}},"113":{"start":{"line":188,"column":3660},"end":{"line":188,"column":3693}},"114":{"start":{"line":188,"column":3693},"end":{"line":188,"column":3722}},"115":{"start":{"line":188,"column":3722},"end":{"line":188,"column":3763}},"116":{"start":{"line":188,"column":3763},"end":{"line":188,"column":3802}},"117":{"start":{"line":188,"column":3802},"end":{"line":188,"column":3833}},"118":{"start":{"line":188,"column":3833},"end":{"line":188,"column":3856}},"119":{"start":{"line":188,"column":3857},"end":{"line":188,"column":4085}},"120":{"start":{"line":188,"column":3889},"end":{"line":188,"column":4027}},"121":{"start":{"line":188,"column":4027},"end":{"line":188,"column":4063}},"122":{"start":{"line":188,"column":4063},"end":{"line":188,"column":4084}},"123":{"start":{"line":188,"column":4085},"end":{"line":188,"column":4403}},"124":{"start":{"line":188,"column":4133},"end":{"line":188,"column":4266}},"125":{"start":{"line":188,"column":4266},"end":{"line":188,"column":4303}},"126":{"start":{"line":188,"column":4303},"end":{"line":188,"column":4328}},"127":{"start":{"line":188,"column":4328},"end":{"line":188,"column":4351}},"128":{"start":{"line":188,"column":4351},"end":{"line":188,"column":4373}},"129":{"start":{"line":188,"column":4373},"end":{"line":188,"column":4402}},"130":{"start":{"line":188,"column":4403},"end":{"line":188,"column":4664}},"131":{"start":{"line":188,"column":4435},"end":{"line":188,"column":4567}},"132":{"start":{"line":188,"column":4567},"end":{"line":188,"column":4604}},"133":{"start":{"line":188,"column":4604},"end":{"line":188,"column":4642}},"134":{"start":{"line":188,"column":4642},"end":{"line":188,"column":4663}},"135":{"start":{"line":188,"column":4664},"end":{"line":188,"column":4982}},"136":{"start":{"line":188,"column":4717},"end":{"line":188,"column":4847}},"137":{"start":{"line":188,"column":4847},"end":{"line":188,"column":4881}},"138":{"start":{"line":188,"column":4881},"end":{"line":188,"column":4906}},"139":{"start":{"line":188,"column":4906},"end":{"line":188,"column":4929}},"140":{"start":{"line":188,"column":4929},"end":{"line":188,"column":4952}},"141":{"start":{"line":188,"column":4952},"end":{"line":188,"column":4981}},"142":{"start":{"line":188,"column":4982},"end":{"line":188,"column":5255}},"143":{"start":{"line":188,"column":5038},"end":{"line":188,"column":5188}},"144":{"start":{"line":188,"column":5188},"end":{"line":188,"column":5225}},"145":{"start":{"line":188,"column":5225},"end":{"line":188,"column":5254}},"146":{"start":{"line":188,"column":5255},"end":{"line":188,"column":5562}},"147":{"start":{"line":188,"column":5300},"end":{"line":188,"column":5442}},"148":{"start":{"line":188,"column":5442},"end":{"line":188,"column":5486}},"149":{"start":{"line":188,"column":5486},"end":{"line":188,"column":5511}},"150":{"start":{"line":188,"column":5511},"end":{"line":188,"column":5534}},"151":{"start":{"line":188,"column":5534},"end":{"line":188,"column":5561}},"152":{"start":{"line":188,"column":5562},"end":{"line":188,"column":5883}},"153":{"start":{"line":188,"column":5615},"end":{"line":188,"column":5749}},"154":{"start":{"line":188,"column":5749},"end":{"line":188,"column":5787}},"155":{"start":{"line":188,"column":5787},"end":{"line":188,"column":5812}},"156":{"start":{"line":188,"column":5812},"end":{"line":188,"column":5835}},"157":{"start":{"line":188,"column":5835},"end":{"line":188,"column":5882}},"158":{"start":{"line":188,"column":5883},"end":{"line":188,"column":6196}},"159":{"start":{"line":188,"column":5936},"end":{"line":188,"column":6066}},"160":{"start":{"line":188,"column":6066},"end":{"line":188,"column":6100}},"161":{"start":{"line":188,"column":6100},"end":{"line":188,"column":6125}},"162":{"start":{"line":188,"column":6125},"end":{"line":188,"column":6148}},"163":{"start":{"line":188,"column":6148},"end":{"line":188,"column":6171}},"164":{"start":{"line":188,"column":6171},"end":{"line":188,"column":6195}},"165":{"start":{"line":188,"column":6196},"end":{"line":188,"column":6484}},"166":{"start":{"line":188,"column":6237},"end":{"line":188,"column":6368}},"167":{"start":{"line":188,"column":6368},"end":{"line":188,"column":6406}},"168":{"start":{"line":188,"column":6406},"end":{"line":188,"column":6431}},"169":{"start":{"line":188,"column":6431},"end":{"line":188,"column":6454}},"170":{"start":{"line":188,"column":6454},"end":{"line":188,"column":6483}},"171":{"start":{"line":188,"column":6484},"end":{"line":193,"column":30}},"172":{"start":{"line":189,"column":0},"end":{"line":189,"column":131}},"173":{"start":{"line":190,"column":0},"end":{"line":190,"column":38}},"174":{"start":{"line":191,"column":0},"end":{"line":191,"column":25}},"175":{"start":{"line":192,"column":0},"end":{"line":192,"column":23}},"176":{"start":{"line":193,"column":0},"end":{"line":193,"column":29}}},"branchMap":{},"l":{"1":16,"5":16,"12":16,"18":16,"25":16,"34":16,"44":16,"52":16,"63":16,"75":16,"84":16,"94":16,"103":16,"110":16,"124":16,"131":16,"139":16,"145":16,"153":16,"158":16,"166":16,"173":16,"181":16,"188":21,"189":1,"190":1,"191":1,"192":1,"193":1}},
"/Users/lebui/equix/src/lib/enum/MessageType.js":{"path":"/Users/lebui/equix/src/lib/enum/MessageType.js","s":{"1":16},"b":{},"f":{},"fnMap":{},"statementMap":{"1":{"start":{"line":1,"column":0},"end":{"line":16,"column":21}}},"branchMap":{},"l":{"1":16}},
"/Users/lebui/equix/src/lib/enum/RequestType.js":{"path":"/Users/lebui/equix/src/lib/enum/RequestType.js","s":{"1":16},"b":{},"f":{},"fnMap":{},"statementMap":{"1":{"start":{"line":1,"column":0},"end":{"line":25,"column":19}}},"branchMap":{},"l":{"1":16}},
"/Users/lebui/equix/src/lib/base/FunctionUtils.js":{"path":"/Users/lebui/equix/src/lib/base/FunctionUtils.js","s":{"1":26,"2":26,"3":26,"4":26,"5":26,"6":26,"7":26,"8":26,"9":26,"10":26,"11":26,"12":26,"13":26,"14":26,"15":26,"16":26,"17":26,"18":26,"19":26,"20":26,"21":26,"22":26,"23":26,"24":26,"25":26,"26":26,"27":26,"28":26,"29":26,"30":22,"31":26,"32":26,"33":26,"34":22,"35":22,"36":0,"37":0,"38":22,"39":89,"40":89,"41":69,"42":20,"43":1,"44":19,"45":10,"46":19,"47":19,"48":19,"49":0,"50":0,"51":22,"52":10,"53":8,"54":2,"55":2,"56":2,"57":2,"58":0,"59":0,"60":22,"61":9,"62":9,"63":0,"64":9,"65":8,"66":9,"67":0,"68":9,"69":0,"70":9,"71":0,"72":9,"73":0,"74":9,"75":0,"76":9,"77":0,"78":9,"79":0,"80":9,"81":0,"82":9,"83":0,"84":9,"85":0,"86":9,"87":0,"88":9,"89":0,"90":9,"91":0,"92":9,"93":1,"94":0,"95":1,"96":0,"97":1,"98":0,"99":1,"100":0,"101":1,"102":0,"103":1,"104":0,"105":1,"106":0,"107":1,"108":0,"109":1,"110":0,"111":1,"112":0,"113":1,"114":0,"115":1,"116":0,"117":9,"118":0,"119":0,"120":22,"121":0,"122":0,"123":0,"124":0,"125":0,"126":0,"127":0,"128":0,"129":0,"130":0,"131":0,"132":0,"133":0,"134":0,"135":0,"136":0,"137":0,"138":0,"139":0,"140":0,"141":0,"142":0,"143":0,"144":0,"145":0,"146":0,"147":0,"148":0,"149":0,"150":22,"151":0,"152":0,"153":0,"154":22,"155":0,"156":0,"157":0,"158":0,"159":0,"160":0,"161":0,"162":0,"163":0,"164":0,"165":22,"166":53,"167":53,"168":32,"169":21,"170":21,"171":21,"172":35,"173":35,"174":7,"175":0,"176":0,"177":0,"178":0,"179":0,"180":0,"181":0,"182":14,"183":22,"184":0,"185":0,"186":0,"187":0,"188":0,"189":0,"190":0,"191":0,"192":0,"193":0,"194":0,"195":0,"196":0,"197":0,"198":0,"199":22,"200":0,"201":0,"202":0,"203":0,"204":0,"205":0,"206":0,"207":0,"208":0,"209":0,"210":0,"211":0,"212":0,"213":0,"214":22,"215":6,"216":0,"217":6,"218":22,"219":0,"220":0,"221":0,"222":0,"223":22,"224":1,"225":22,"226":0,"227":0,"228":0,"229":0,"230":0,"231":0,"232":0,"233":22,"234":0,"235":0,"236":0,"237":0,"238":22,"239":0,"240":22,"241":0,"242":22,"243":13,"244":0,"245":0,"246":0,"247":0,"248":0,"249":0,"250":13,"251":22,"252":0,"253":0,"254":0,"255":0,"256":0,"257":0,"258":0,"259":0,"260":22,"261":1,"262":1,"263":1,"264":0,"265":0,"266":0,"267":0,"268":22,"269":3,"270":1,"271":2,"272":22,"273":44,"274":44,"275":44,"276":22,"277":45,"278":45,"279":0,"280":0,"281":0,"282":0,"283":0,"284":0,"285":0,"286":0,"287":0,"288":0,"289":0,"290":0,"291":0,"292":0,"293":0,"294":0,"295":0,"296":0,"297":0,"298":0,"299":22,"300":10,"301":0,"302":10,"303":0,"304":10,"305":10,"306":0,"307":10,"308":10,"309":22,"310":62,"311":62,"312":62,"313":62,"314":0,"315":0,"316":0,"317":62,"318":0,"319":62,"320":124,"321":62,"322":0,"323":0,"324":22,"325":2,"326":2,"327":1,"328":1,"329":1,"330":1,"331":1,"332":1,"333":0,"334":0},"b":{"1":[0,26],"2":[26,26],"3":[69,20],"4":[1,19],"5":[10,9],"6":[9,10],"7":[8,2],"8":[2,0],"9":[2,0],"10":[0,9],"11":[8,1],"12":[0,9],"13":[0,9],"14":[0,9],"15":[0,9],"16":[0,9],"17":[0,9],"18":[0,9],"19":[0,9],"20":[0,9],"21":[0,9],"22":[0,9],"23":[0,9],"24":[0,9],"25":[1,8],"26":[0,1],"27":[0,1],"28":[0,1],"29":[0,1],"30":[0,1],"31":[0,1],"32":[0,1],"33":[0,1],"34":[0,1],"35":[0,1],"36":[0,1],"37":[0,1],"38":[0,0],"39":[0,0],"40":[0,0],"41":[0,0],"42":[0,0],"43":[0,0],"44":[0,0],"45":[0,0],"46":[0,0],"47":[0,0],"48":[0,0],"49":[0,0],"50":[0,0],"51":[0,0],"52":[0,0],"53":[32,21],"54":[53,53],"55":[21,0],"56":[7,28],"57":[0,0],"58":[0,0],"59":[0,0],"60":[0,0],"61":[0,0],"62":[0,0],"63":[0,0],"64":[0,0],"65":[0,0],"66":[0,6],"67":[0,0],"68":[0,13],"69":[0,0],"70":[0,0],"71":[0,0],"72":[1,0],"73":[1,1,1],"74":[1,1],"75":[0,0],"76":[1,2],"77":[3,2],"78":[2,2],"79":[45,0],"80":[0,0],"81":[0,0],"82":[0,0],"83":[0,0],"84":[0,10],"85":[0,10],"86":[10,0],"87":[0,62],"88":[0,62],"89":[62,62,62],"90":[1,1],"91":[2,2,2]},"f":{"1":26,"2":0,"3":0,"4":89,"5":10,"6":9,"7":0,"8":0,"9":0,"10":53,"11":0,"12":0,"13":6,"14":0,"15":1,"16":0,"17":0,"18":0,"19":0,"20":13,"21":0,"22":1,"23":3,"24":44,"25":45,"26":10,"27":62,"28":2},"fnMap":{"1":{"name":"_interopRequireDefault","line":462,"loc":{"start":{"line":462,"column":121},"end":{"line":462,"column":157}}},"2":{"name":"guid","line":462,"loc":{"start":{"line":462,"column":263},"end":{"line":462,"column":278}}},"3":{"name":"s4","line":462,"loc":{"start":{"line":462,"column":279},"end":{"line":462,"column":292}}},"4":{"name":"formatNumber","line":462,"loc":{"start":{"line":462,"column":429},"end":{"line":462,"column":479}}},"5":{"name":"round","line":462,"loc":{"start":{"line":462,"column":803},"end":{"line":462,"column":832}}},"6":{"name":"changeFixed","line":462,"loc":{"start":{"line":462,"column":1189},"end":{"line":462,"column":1219}}},"7":{"name":"findAll","line":462,"loc":{"start":{"line":462,"column":3017},"end":{"line":462,"column":3060}}},"8":{"name":"toString","line":462,"loc":{"start":{"line":462,"column":3749},"end":{"line":462,"column":3773}}},"9":{"name":"roundFloat","line":462,"loc":{"start":{"line":462,"column":3829},"end":{"line":462,"column":3868}}},"10":{"name":"firstOrDefault","line":462,"loc":{"start":{"line":462,"column":4129},"end":{"line":462,"column":4167}}},"11":{"name":"getDistinctList","line":462,"loc":{"start":{"line":462,"column":4503},"end":{"line":462,"column":4544}}},"12":{"name":"convertFormatToNumber","line":462,"loc":{"start":{"line":462,"column":4815},"end":{"line":462,"column":4859}}},"13":{"name":"clone","line":462,"loc":{"start":{"line":462,"column":5296},"end":{"line":462,"column":5319}}},"14":{"name":"cloneNewAddressMemory","line":462,"loc":{"start":{"line":462,"column":5396},"end":{"line":462,"column":5435}}},"15":{"name":"log","line":462,"loc":{"start":{"line":462,"column":5538},"end":{"line":462,"column":5558}}},"16":{"name":"mergeList","line":462,"loc":{"start":{"line":462,"column":5580},"end":{"line":462,"column":5612}}},"17":{"name":"merge","line":462,"loc":{"start":{"line":462,"column":5753},"end":{"line":462,"column":5785}}},"18":{"name":"getKey","line":462,"loc":{"start":{"line":462,"column":5891},"end":{"line":462,"column":5914}}},"19":{"name":"getJsonMsg","line":462,"loc":{"start":{"line":462,"column":5947},"end":{"line":462,"column":5974}}},"20":{"name":"getStompUrl","line":462,"loc":{"start":{"line":462,"column":6006},"end":{"line":462,"column":6031}}},"21":{"name":"replaceComma","line":462,"loc":{"start":{"line":462,"column":6183},"end":{"line":462,"column":6209}}},"22":{"name":"fromNetworkMessage","line":462,"loc":{"start":{"line":462,"column":6411},"end":{"line":462,"column":6451}}},"23":{"name":"getJsonObject","line":462,"loc":{"start":{"line":462,"column":6703},"end":{"line":462,"column":6730}}},"24":{"name":"toNetworkMessage","line":462,"loc":{"start":{"line":462,"column":6798},"end":{"line":462,"column":6828}}},"25":{"name":"formatExt","line":462,"loc":{"start":{"line":462,"column":6894},"end":{"line":462,"column":6917}}},"26":{"name":"isNullOrEmpty","line":462,"loc":{"start":{"line":462,"column":7430},"end":{"line":462,"column":7458}}},"27":{"name":"StringFormat","line":462,"loc":{"start":{"line":462,"column":7665},"end":{"line":462,"column":7699}}},"28":{"name":"getRealtimeKey","line":462,"loc":{"start":{"line":462,"column":8089},"end":{"line":462,"column":8118}}}},"statementMap":{"1":{"start":{"line":1,"column":13},"end":{"line":1,"column":70}},"2":{"start":{"line":1,"column":70},"end":{"line":9,"column":10}},"3":{"start":{"line":9,"column":10},"end":{"line":19,"column":26}},"4":{"start":{"line":19,"column":26},"end":{"line":32,"column":12}},"5":{"start":{"line":32,"column":12},"end":{"line":43,"column":24}},"6":{"start":{"line":43,"column":24},"end":{"line":109,"column":16}},"7":{"start":{"line":109,"column":16},"end":{"line":163,"column":18}},"8":{"start":{"line":163,"column":18},"end":{"line":171,"column":22}},"9":{"start":{"line":171,"column":22},"end":{"line":191,"column":30}},"10":{"start":{"line":191,"column":30},"end":{"line":228,"column":32}},"11":{"start":{"line":228,"column":32},"end":{"line":247,"column":44}},"12":{"start":{"line":247,"column":44},"end":{"line":268,"column":12}},"13":{"start":{"line":268,"column":12},"end":{"line":273,"column":44}},"14":{"start":{"line":273,"column":44},"end":{"line":280,"column":8}},"15":{"start":{"line":280,"column":8},"end":{"line":286,"column":20}},"16":{"start":{"line":286,"column":20},"end":{"line":304,"column":12}},"17":{"start":{"line":304,"column":12},"end":{"line":316,"column":14}},"18":{"start":{"line":316,"column":14},"end":{"line":323,"column":22}},"19":{"start":{"line":323,"column":22},"end":{"line":329,"column":24}},"20":{"start":{"line":329,"column":24},"end":{"line":342,"column":26}},"21":{"start":{"line":342,"column":26},"end":{"line":356,"column":38}},"22":{"start":{"line":356,"column":38},"end":{"line":370,"column":28}},"23":{"start":{"line":370,"column":28},"end":{"line":379,"column":34}},"24":{"start":{"line":379,"column":34},"end":{"line":387,"column":20}},"25":{"start":{"line":387,"column":20},"end":{"line":417,"column":28}},"26":{"start":{"line":417,"column":28},"end":{"line":437,"column":26}},"27":{"start":{"line":437,"column":26},"end":{"line":462,"column":30}},"28":{"start":{"line":462,"column":30},"end":{"line":462,"column":68}},"29":{"start":{"line":462,"column":68},"end":{"line":462,"column":121}},"30":{"start":{"line":462,"column":121},"end":{"line":462,"column":204}},"31":{"start":{"line":462,"column":158},"end":{"line":462,"column":203}},"32":{"start":{"line":462,"column":204},"end":{"line":462,"column":235}},"33":{"start":{"line":462,"column":235},"end":{"line":462,"column":263}},"34":{"start":{"line":462,"column":263},"end":{"line":462,"column":429}},"35":{"start":{"line":462,"column":279},"end":{"line":462,"column":365}},"36":{"start":{"line":462,"column":293},"end":{"line":462,"column":364}},"37":{"start":{"line":462,"column":365},"end":{"line":462,"column":428}},"38":{"start":{"line":462,"column":429},"end":{"line":462,"column":803}},"39":{"start":{"line":462,"column":480},"end":{"line":462,"column":789}},"40":{"start":{"line":462,"column":484},"end":{"line":462,"column":512}},"41":{"start":{"line":462,"column":499},"end":{"line":462,"column":512}},"42":{"start":{"line":462,"column":512},"end":{"line":462,"column":541}},"43":{"start":{"line":462,"column":528},"end":{"line":462,"column":541}},"44":{"start":{"line":462,"column":541},"end":{"line":462,"column":600}},"45":{"start":{"line":462,"column":573},"end":{"line":462,"column":600}},"46":{"start":{"line":462,"column":600},"end":{"line":462,"column":634}},"47":{"start":{"line":462,"column":634},"end":{"line":462,"column":693}},"48":{"start":{"line":462,"column":693},"end":{"line":462,"column":759}},"49":{"start":{"line":462,"column":770},"end":{"line":462,"column":788}},"50":{"start":{"line":462,"column":789},"end":{"line":462,"column":802}},"51":{"start":{"line":462,"column":803},"end":{"line":462,"column":1189}},"52":{"start":{"line":462,"column":833},"end":{"line":462,"column":861}},"53":{"start":{"line":462,"column":848},"end":{"line":462,"column":861}},"54":{"start":{"line":462,"column":861},"end":{"line":462,"column":907}},"55":{"start":{"line":462,"column":907},"end":{"line":462,"column":1188}},"56":{"start":{"line":462,"column":921},"end":{"line":462,"column":1081}},"57":{"start":{"line":462,"column":948},"end":{"line":462,"column":1081}},"58":{"start":{"line":462,"column":1081},"end":{"line":462,"column":1116}},"59":{"start":{"line":462,"column":1123},"end":{"line":462,"column":1187}},"60":{"start":{"line":462,"column":1189},"end":{"line":462,"column":3017}},"61":{"start":{"line":462,"column":1220},"end":{"line":462,"column":3000}},"62":{"start":{"line":462,"column":1224},"end":{"line":462,"column":1258}},"63":{"start":{"line":462,"column":1242},"end":{"line":462,"column":1258}},"64":{"start":{"line":462,"column":1258},"end":{"line":462,"column":1307}},"65":{"start":{"line":462,"column":1278},"end":{"line":462,"column":1307}},"66":{"start":{"line":462,"column":1307},"end":{"line":462,"column":1344}},"67":{"start":{"line":462,"column":1334},"end":{"line":462,"column":1344}},"68":{"start":{"line":462,"column":1344},"end":{"line":462,"column":1414}},"69":{"start":{"line":462,"column":1376},"end":{"line":462,"column":1414}},"70":{"start":{"line":462,"column":1414},"end":{"line":462,"column":1486}},"71":{"start":{"line":462,"column":1447},"end":{"line":462,"column":1486}},"72":{"start":{"line":462,"column":1486},"end":{"line":462,"column":1554}},"73":{"start":{"line":462,"column":1517},"end":{"line":462,"column":1554}},"74":{"start":{"line":462,"column":1554},"end":{"line":462,"column":1624}},"75":{"start":{"line":462,"column":1586},"end":{"line":462,"column":1624}},"76":{"start":{"line":462,"column":1624},"end":{"line":462,"column":1690}},"77":{"start":{"line":462,"column":1654},"end":{"line":462,"column":1690}},"78":{"start":{"line":462,"column":1690},"end":{"line":462,"column":1758}},"79":{"start":{"line":462,"column":1721},"end":{"line":462,"column":1758}},"80":{"start":{"line":462,"column":1758},"end":{"line":462,"column":1822}},"81":{"start":{"line":462,"column":1787},"end":{"line":462,"column":1822}},"82":{"start":{"line":462,"column":1822},"end":{"line":462,"column":1888}},"83":{"start":{"line":462,"column":1852},"end":{"line":462,"column":1888}},"84":{"start":{"line":462,"column":1888},"end":{"line":462,"column":1950}},"85":{"start":{"line":462,"column":1916},"end":{"line":462,"column":1950}},"86":{"start":{"line":462,"column":1950},"end":{"line":462,"column":2014}},"87":{"start":{"line":462,"column":1979},"end":{"line":462,"column":2014}},"88":{"start":{"line":462,"column":2014},"end":{"line":462,"column":2074}},"89":{"start":{"line":462,"column":2041},"end":{"line":462,"column":2074}},"90":{"start":{"line":462,"column":2074},"end":{"line":462,"column":2136}},"91":{"start":{"line":462,"column":2102},"end":{"line":462,"column":2136}},"92":{"start":{"line":462,"column":2136},"end":{"line":462,"column":2954}},"93":{"start":{"line":462,"column":2165},"end":{"line":462,"column":2233}},"94":{"start":{"line":462,"column":2196},"end":{"line":462,"column":2233}},"95":{"start":{"line":462,"column":2233},"end":{"line":462,"column":2303}},"96":{"start":{"line":462,"column":2265},"end":{"line":462,"column":2303}},"97":{"start":{"line":462,"column":2303},"end":{"line":462,"column":2369}},"98":{"start":{"line":462,"column":2333},"end":{"line":462,"column":2369}},"99":{"start":{"line":462,"column":2369},"end":{"line":462,"column":2437}},"100":{"start":{"line":462,"column":2400},"end":{"line":462,"column":2437}},"101":{"start":{"line":462,"column":2437},"end":{"line":462,"column":2501}},"102":{"start":{"line":462,"column":2466},"end":{"line":462,"column":2501}},"103":{"start":{"line":462,"column":2501},"end":{"line":462,"column":2567}},"104":{"start":{"line":462,"column":2531},"end":{"line":462,"column":2567}},"105":{"start":{"line":462,"column":2567},"end":{"line":462,"column":2629}},"106":{"start":{"line":462,"column":2595},"end":{"line":462,"column":2629}},"107":{"start":{"line":462,"column":2629},"end":{"line":462,"column":2693}},"108":{"start":{"line":462,"column":2658},"end":{"line":462,"column":2693}},"109":{"start":{"line":462,"column":2693},"end":{"line":462,"column":2753}},"110":{"start":{"line":462,"column":2720},"end":{"line":462,"column":2753}},"111":{"start":{"line":462,"column":2753},"end":{"line":462,"column":2815}},"112":{"start":{"line":462,"column":2781},"end":{"line":462,"column":2815}},"113":{"start":{"line":462,"column":2815},"end":{"line":462,"column":2876}},"114":{"start":{"line":462,"column":2842},"end":{"line":462,"column":2876}},"115":{"start":{"line":462,"column":2876},"end":{"line":462,"column":2953}},"116":{"start":{"line":462,"column":2903},"end":{"line":462,"column":2952}},"117":{"start":{"line":462,"column":2954},"end":{"line":462,"column":2970}},"118":{"start":{"line":462,"column":2981},"end":{"line":462,"column":2999}},"119":{"start":{"line":462,"column":3000},"end":{"line":462,"column":3016}},"120":{"start":{"line":462,"column":3017},"end":{"line":462,"column":3749}},"121":{"start":{"line":462,"column":3061},"end":{"line":462,"column":3076}},"122":{"start":{"line":462,"column":3076},"end":{"line":462,"column":3087}},"123":{"start":{"line":462,"column":3087},"end":{"line":462,"column":3733}},"124":{"start":{"line":462,"column":3091},"end":{"line":462,"column":3120}},"125":{"start":{"line":462,"column":3105},"end":{"line":462,"column":3120}},"126":{"start":{"line":462,"column":3120},"end":{"line":462,"column":3703}},"127":{"start":{"line":462,"column":3144},"end":{"line":462,"column":3171}},"128":{"start":{"line":462,"column":3171},"end":{"line":462,"column":3426}},"129":{"start":{"line":462,"column":3190},"end":{"line":462,"column":3425}},"130":{"start":{"line":462,"column":3194},"end":{"line":462,"column":3397}},"131":{"start":{"line":462,"column":3232},"end":{"line":462,"column":3396}},"132":{"start":{"line":462,"column":3270},"end":{"line":462,"column":3368}},"133":{"start":{"line":462,"column":3299},"end":{"line":462,"column":3308}},"134":{"start":{"line":462,"column":3314},"end":{"line":462,"column":3336}},"135":{"start":{"line":462,"column":3336},"end":{"line":462,"column":3367}},"136":{"start":{"line":462,"column":3374},"end":{"line":462,"column":3396}},"137":{"start":{"line":462,"column":3407},"end":{"line":462,"column":3424}},"138":{"start":{"line":462,"column":3433},"end":{"line":462,"column":3702}},"139":{"start":{"line":462,"column":3454},"end":{"line":462,"column":3701}},"140":{"start":{"line":462,"column":3458},"end":{"line":462,"column":3673}},"141":{"start":{"line":462,"column":3498},"end":{"line":462,"column":3672}},"142":{"start":{"line":462,"column":3538},"end":{"line":462,"column":3642}},"143":{"start":{"line":462,"column":3569},"end":{"line":462,"column":3578}},"144":{"start":{"line":462,"column":3584},"end":{"line":462,"column":3608}},"145":{"start":{"line":462,"column":3608},"end":{"line":462,"column":3641}},"146":{"start":{"line":462,"column":3648},"end":{"line":462,"column":3672}},"147":{"start":{"line":462,"column":3683},"end":{"line":462,"column":3700}},"148":{"start":{"line":462,"column":3714},"end":{"line":462,"column":3732}},"149":{"start":{"line":462,"column":3733},"end":{"line":462,"column":3748}},"150":{"start":{"line":462,"column":3749},"end":{"line":462,"column":3829}},"151":{"start":{"line":462,"column":3774},"end":{"line":462,"column":3815}},"152":{"start":{"line":462,"column":3791},"end":{"line":462,"column":3815}},"153":{"start":{"line":462,"column":3815},"end":{"line":462,"column":3828}},"154":{"start":{"line":462,"column":3829},"end":{"line":462,"column":4129}},"155":{"start":{"line":462,"column":3869},"end":{"line":462,"column":4119}},"156":{"start":{"line":462,"column":3873},"end":{"line":462,"column":3927}},"157":{"start":{"line":462,"column":3908},"end":{"line":462,"column":3927}},"158":{"start":{"line":462,"column":3927},"end":{"line":462,"column":3947}},"159":{"start":{"line":462,"column":3947},"end":{"line":462,"column":3991}},"160":{"start":{"line":462,"column":3973},"end":{"line":462,"column":3990}},"161":{"start":{"line":462,"column":3991},"end":{"line":462,"column":4024}},"162":{"start":{"line":462,"column":4024},"end":{"line":462,"column":4091}},"163":{"start":{"line":462,"column":4101},"end":{"line":462,"column":4118}},"164":{"start":{"line":462,"column":4119},"end":{"line":462,"column":4128}},"165":{"start":{"line":462,"column":4129},"end":{"line":462,"column":4503}},"166":{"start":{"line":462,"column":4168},"end":{"line":462,"column":4490}},"167":{"start":{"line":462,"column":4172},"end":{"line":462,"column":4215}},"168":{"start":{"line":462,"column":4203},"end":{"line":462,"column":4215}},"169":{"start":{"line":462,"column":4215},"end":{"line":462,"column":4460}},"170":{"start":{"line":462,"column":4239},"end":{"line":462,"column":4266}},"171":{"start":{"line":462,"column":4266},"end":{"line":462,"column":4356}},"172":{"start":{"line":462,"column":4285},"end":{"line":462,"column":4355}},"173":{"start":{"line":462,"column":4289},"end":{"line":462,"column":4327}},"174":{"start":{"line":462,"column":4311},"end":{"line":462,"column":4326}},"175":{"start":{"line":462,"column":4337},"end":{"line":462,"column":4354}},"176":{"start":{"line":462,"column":4363},"end":{"line":462,"column":4459}},"177":{"start":{"line":462,"column":4384},"end":{"line":462,"column":4458}},"178":{"start":{"line":462,"column":4388},"end":{"line":462,"column":4430}},"179":{"start":{"line":462,"column":4412},"end":{"line":462,"column":4429}},"180":{"start":{"line":462,"column":4440},"end":{"line":462,"column":4457}},"181":{"start":{"line":462,"column":4471},"end":{"line":462,"column":4489}},"182":{"start":{"line":462,"column":4490},"end":{"line":462,"column":4502}},"183":{"start":{"line":462,"column":4503},"end":{"line":462,"column":4815}},"184":{"start":{"line":462,"column":4545},"end":{"line":462,"column":4584}},"185":{"start":{"line":462,"column":4573},"end":{"line":462,"column":4584}},"186":{"start":{"line":462,"column":4584},"end":{"line":462,"column":4611}},"187":{"start":{"line":462,"column":4600},"end":{"line":462,"column":4611}},"188":{"start":{"line":462,"column":4611},"end":{"line":462,"column":4622}},"189":{"start":{"line":462,"column":4622},"end":{"line":462,"column":4634}},"190":{"start":{"line":462,"column":4634},"end":{"line":462,"column":4650}},"191":{"start":{"line":462,"column":4650},"end":{"line":462,"column":4802}},"192":{"start":{"line":462,"column":4680},"end":{"line":462,"column":4692}},"193":{"start":{"line":462,"column":4692},"end":{"line":462,"column":4801}},"194":{"start":{"line":462,"column":4714},"end":{"line":462,"column":4800}},"195":{"start":{"line":462,"column":4740},"end":{"line":462,"column":4749}},"196":{"start":{"line":462,"column":4755},"end":{"line":462,"column":4771}},"197":{"start":{"line":462,"column":4771},"end":{"line":462,"column":4799}},"198":{"start":{"line":462,"column":4802},"end":{"line":462,"column":4814}},"199":{"start":{"line":462,"column":4815},"end":{"line":462,"column":5296}},"200":{"start":{"line":462,"column":4860},"end":{"line":462,"column":5286}},"201":{"start":{"line":462,"column":4864},"end":{"line":462,"column":4904}},"202":{"start":{"line":462,"column":4895},"end":{"line":462,"column":4904}},"203":{"start":{"line":462,"column":4904},"end":{"line":462,"column":5226}},"204":{"start":{"line":462,"column":4928},"end":{"line":462,"column":4980}},"205":{"start":{"line":462,"column":4980},"end":{"line":462,"column":5189}},"206":{"start":{"line":462,"column":5008},"end":{"line":462,"column":5061}},"207":{"start":{"line":462,"column":5061},"end":{"line":462,"column":5114}},"208":{"start":{"line":462,"column":5114},"end":{"line":462,"column":5152}},"209":{"start":{"line":462,"column":5152},"end":{"line":462,"column":5188}},"210":{"start":{"line":462,"column":5189},"end":{"line":462,"column":5225}},"211":{"start":{"line":462,"column":5226},"end":{"line":462,"column":5258}},"212":{"start":{"line":462,"column":5268},"end":{"line":462,"column":5285}},"213":{"start":{"line":462,"column":5286},"end":{"line":462,"column":5295}},"214":{"start":{"line":462,"column":5296},"end":{"line":462,"column":5396}},"215":{"start":{"line":462,"column":5320},"end":{"line":462,"column":5352}},"216":{"start":{"line":462,"column":5337},"end":{"line":462,"column":5352}},"217":{"start":{"line":462,"column":5352},"end":{"line":462,"column":5395}},"218":{"start":{"line":462,"column":5396},"end":{"line":462,"column":5538}},"219":{"start":{"line":462,"column":5436},"end":{"line":462,"column":5468}},"220":{"start":{"line":462,"column":5453},"end":{"line":462,"column":5468}},"221":{"start":{"line":462,"column":5468},"end":{"line":462,"column":5507}},"222":{"start":{"line":462,"column":5507},"end":{"line":462,"column":5537}},"223":{"start":{"line":462,"column":5538},"end":{"line":462,"column":5580}},"224":{"start":{"line":462,"column":5559},"end":{"line":462,"column":5579}},"225":{"start":{"line":462,"column":5580},"end":{"line":462,"column":5753}},"226":{"start":{"line":462,"column":5613},"end":{"line":462,"column":5739}},"227":{"start":{"line":462,"column":5617},"end":{"line":462,"column":5658}},"228":{"start":{"line":462,"column":5658},"end":{"line":462,"column":5696}},"229":{"start":{"line":462,"column":5674},"end":{"line":462,"column":5695}},"230":{"start":{"line":462,"column":5696},"end":{"line":462,"column":5711}},"231":{"start":{"line":462,"column":5721},"end":{"line":462,"column":5738}},"232":{"start":{"line":462,"column":5739},"end":{"line":462,"column":5752}},"233":{"start":{"line":462,"column":5753},"end":{"line":462,"column":5891}},"234":{"start":{"line":462,"column":5786},"end":{"line":462,"column":5874}},"235":{"start":{"line":462,"column":5790},"end":{"line":462,"column":5846}},"236":{"start":{"line":462,"column":5856},"end":{"line":462,"column":5873}},"237":{"start":{"line":462,"column":5874},"end":{"line":462,"column":5890}},"238":{"start":{"line":462,"column":5891},"end":{"line":462,"column":5947}},"239":{"start":{"line":462,"column":5915},"end":{"line":462,"column":5946}},"240":{"start":{"line":462,"column":5947},"end":{"line":462,"column":6006}},"241":{"start":{"line":462,"column":5975},"end":{"line":462,"column":6005}},"242":{"start":{"line":462,"column":6006},"end":{"line":462,"column":6183}},"243":{"start":{"line":462,"column":6032},"end":{"line":462,"column":6182}},"244":{"start":{"line":462,"column":6055},"end":{"line":462,"column":6074}},"245":{"start":{"line":462,"column":6074},"end":{"line":462,"column":6096}},"246":{"start":{"line":462,"column":6084},"end":{"line":462,"column":6096}},"247":{"start":{"line":462,"column":6096},"end":{"line":462,"column":6121}},"248":{"start":{"line":462,"column":6107},"end":{"line":462,"column":6121}},"249":{"start":{"line":462,"column":6121},"end":{"line":462,"column":6163}},"250":{"start":{"line":462,"column":6170},"end":{"line":462,"column":6181}},"251":{"start":{"line":462,"column":6183},"end":{"line":462,"column":6411}},"252":{"start":{"line":462,"column":6210},"end":{"line":462,"column":6238}},"253":{"start":{"line":462,"column":6238},"end":{"line":462,"column":6267}},"254":{"start":{"line":462,"column":6267},"end":{"line":462,"column":6295}},"255":{"start":{"line":462,"column":6295},"end":{"line":462,"column":6324}},"256":{"start":{"line":462,"column":6324},"end":{"line":462,"column":6399}},"257":{"start":{"line":462,"column":6352},"end":{"line":462,"column":6386}},"258":{"start":{"line":462,"column":6386},"end":{"line":462,"column":6398}},"259":{"start":{"line":462,"column":6399},"end":{"line":462,"column":6410}},"260":{"start":{"line":462,"column":6411},"end":{"line":462,"column":6703}},"261":{"start":{"line":462,"column":6452},"end":{"line":462,"column":6690}},"262":{"start":{"line":462,"column":6564},"end":{"line":462,"column":6595}},"263":{"start":{"line":462,"column":6595},"end":{"line":462,"column":6629}},"264":{"start":{"line":462,"column":6629},"end":{"line":462,"column":6674}},"265":{"start":{"line":462,"column":6647},"end":{"line":462,"column":6673}},"266":{"start":{"line":462,"column":6674},"end":{"line":462,"column":6689}},"267":{"start":{"line":462,"column":6690},"end":{"line":462,"column":6702}},"268":{"start":{"line":462,"column":6703},"end":{"line":462,"column":6798}},"269":{"st
[...]
,"72":{"start":{"line":92,"column":0},"end":{"line":92,"column":24}},"73":{"start":{"line":93,"column":0},"end":{"line":93,"column":75}},"74":{"start":{"line":94,"column":0},"end":{"line":94,"column":32}}},"branchMap":{"1":{"line":87,"type":"if","locations":[{"start":{"line":87,"column":728},"end":{"line":87,"column":728}},{"start":{"line":87,"column":728},"end":{"line":87,"column":728}}]},"2":{"line":87,"type":"if","locations":[{"start":{"line":87,"column":1110},"end":{"line":87,"column":1110}},{"start":{"line":87,"column":1110},"end":{"line":87,"column":1110}}]},"3":{"line":87,"type":"if","locations":[{"start":{"line":87,"column":1123},"end":{"line":87,"column":1123}},{"start":{"line":87,"column":1123},"end":{"line":87,"column":1123}}]},"4":{"line":87,"type":"if","locations":[{"start":{"line":87,"column":1201},"end":{"line":87,"column":1201}},{"start":{"line":87,"column":1201},"end":{"line":87,"column":1201}}]},"5":{"line":87,"type":"if","locations":[{"start":{"line":87,"column":1251},"end":{"line":87,"column":1251}},{"start":{"line":87,"column":1251},"end":{"line":87,"column":1251}}]},"6":{"line":87,"type":"if","locations":[{"start":{"line":87,"column":1530},"end":{"line":87,"column":1530}},{"start":{"line":87,"column":1530},"end":{"line":87,"column":1530}}]},"7":{"line":87,"type":"if","locations":[{"start":{"line":87,"column":1544},"end":{"line":87,"column":1544}},{"start":{"line":87,"column":1544},"end":{"line":87,"column":1544}}]},"8":{"line":87,"type":"if","locations":[{"start":{"line":87,"column":1629},"end":{"line":87,"column":1629}},{"start":{"line":87,"column":1629},"end":{"line":87,"column":1629}}]},"9":{"line":87,"type":"if","locations":[{"start":{"line":87,"column":1679},"end":{"line":87,"column":1679}},{"start":{"line":87,"column":1679},"end":{"line":87,"column":1679}}]},"10":{"line":87,"type":"if","locations":[{"start":{"line":87,"column":1855},"end":{"line":87,"column":1855}},{"start":{"line":87,"column":1855},"end":{"line":87,"column":1855}}]},"11":{"line":87,"type":"if","locations":[{"start":{"line":87,"column":2071},"end":{"line":87,"column":2071}},{"start":{"line":87,"column":2071},"end":{"line":87,"column":2071}}]},"12":{"line":87,"type":"if","locations":[{"start":{"line":87,"column":2167},"end":{"line":87,"column":2167}},{"start":{"line":87,"column":2167},"end":{"line":87,"column":2167}}]}},"l":{"1":1,"32":1,"53":1,"60":1,"74":1,"80":1,"87":3,"88":2,"89":2,"91":2,"92":2,"93":2,"94":2}},
"/Users/lebui/equix/src/reducers/OrderModify/OrderModifyInitialState.js":{"path":"/Users/lebui/equix/src/reducers/OrderModify/OrderModifyInitialState.js","s":{"1":1,"2":1,"3":1,"4":1,"5":1,"6":1,"7":1},"b":{},"f":{},"fnMap":{},"statementMap":{"1":{"start":{"line":1,"column":13},"end":{"line":1,"column":70}},"2":{"start":{"line":1,"column":70},"end":{"line":17,"column":21}},"3":{"start":{"line":17,"column":21},"end":{"line":17,"column":48}},"4":{"start":{"line":17,"column":48},"end":{"line":20,"column":60}},"5":{"start":{"line":27,"column":0},"end":{"line":62,"column":20}},"6":{"start":{"line":70,"column":0},"end":{"line":71,"column":18}},"7":{"start":{"line":71,"column":18},"end":{"line":74,"column":13}}},"branchMap":{},"l":{"1":1,"17":1,"27":1,"70":1,"71":1}},
"/Users/lebui/equix/src/reducers/OrderModify/OrderModifyReducer.js":{"path":"/Users/lebui/equix/src/reducers/OrderModify/OrderModifyReducer.js","s":{"1":1,"2":1,"3":1,"4":1,"5":1,"6":1,"7":1,"8":1,"9":1,"10":1,"11":1,"12":1,"13":1,"14":6,"15":6,"16":6,"17":0,"18":6,"19":6,"20":1,"21":1,"22":1,"23":1,"24":1,"25":1,"26":1,"27":1,"28":1,"29":1,"30":1,"31":1,"32":1,"33":1,"34":1,"35":1,"36":1},"b":{"1":[6,0],"2":[6,6],"3":[0,6],"4":[1,1,1,1,1]},"f":{"1":6},"fnMap":{"1":{"name":"OrderModifyInitialState","line":22,"loc":{"start":{"line":22,"column":665},"end":{"line":22,"column":699}}}},"statementMap":{"1":{"start":{"line":1,"column":13},"end":{"line":1,"column":70}},"2":{"start":{"line":1,"column":70},"end":{"line":22,"column":24}},"3":{"start":{"line":22,"column":24},"end":{"line":22,"column":85}},"4":{"start":{"line":22,"column":85},"end":{"line":22,"column":147}},"5":{"start":{"line":22,"column":147},"end":{"line":22,"column":207}},"6":{"start":{"line":22,"column":207},"end":{"line":22,"column":248}},"7":{"start":{"line":22,"column":248},"end":{"line":22,"column":311}},"8":{"start":{"line":22,"column":311},"end":{"line":22,"column":376}},"9":{"start":{"line":22,"column":376},"end":{"line":22,"column":467}},"10":{"start":{"line":22,"column":467},"end":{"line":22,"column":548}},"11":{"start":{"line":22,"column":548},"end":{"line":22,"column":629}},"12":{"start":{"line":22,"column":629},"end":{"line":22,"column":665}},"13":{"start":{"line":22,"column":665},"end":{"line":67,"column":14}},"14":{"start":{"line":22,"column":700},"end":{"line":22,"column":782}},"15":{"start":{"line":22,"column":782},"end":{"line":22,"column":806}},"16":{"start":{"line":23,"column":0},"end":{"line":23,"column":73}},"17":{"start":{"line":23,"column":36},"end":{"line":23,"column":73}},"18":{"start":{"line":24,"column":0},"end":{"line":24,"column":48}},"19":{"start":{"line":25,"column":0},"end":{"line":64,"column":19}},"20":{"start":{"line":27,"column":0},"end":{"line":29,"column":39}},"21":{"start":{"line":30,"column":0},"end":{"line":30,"column":16}},"22":{"start":{"line":31,"column":0},"end":{"line":31,"column":17}},"23":{"start":{"line":33,"column":0},"end":{"line":34,"column":50}},"24":{"start":{"line":35,"column":0},"end":{"line":35,"column":17}},"25":{"start":{"line":36,"column":0},"end":{"line":36,"column":18}},"26":{"start":{"line":38,"column":0},"end":{"line":44,"column":64}},"27":{"start":{"line":45,"column":0},"end":{"line":45,"column":17}},"28":{"start":{"line":46,"column":0},"end":{"line":46,"column":18}},"29":{"start":{"line":48,"column":0},"end":{"line":50,"column":51}},"30":{"start":{"line":51,"column":0},"end":{"line":51,"column":18}},"31":{"start":{"line":52,"column":0},"end":{"line":52,"column":19}},"32":{"start":{"line":54,"column":0},"end":{"line":60,"column":40}},"33":{"start":{"line":62,"column":0},"end":{"line":62,"column":68}},"34":{"start":{"line":63,"column":0},"end":{"line":63,"column":17}},"35":{"start":{"line":64,"column":0},"end":{"line":64,"column":18}},"36":{"start":{"line":67,"column":0},"end":{"line":67,"column":13}}},"branchMap":{"1":{"line":22,"type":"cond-expr","locations":[{"start":{"line":22,"column":756},"end":{"line":22,"column":768}},{"start":{"line":22,"column":769},"end":{"line":22,"column":781}}]},"2":{"line":22,"type":"binary-expr","locations":[{"start":{"line":22,"column":710},"end":{"line":22,"column":729}},{"start":{"line":22,"column":731},"end":{"line":22,"column":755}}]},"3":{"line":23,"type":"if","locations":[{"start":{"line":23,"column":0},"end":{"line":23,"column":0}},{"start":{"line":23,"column":0},"end":{"line":23,"column":0}}]},"4":{"line":25,"type":"switch","locations":[{"start":{"line":26,"column":0},"end":{"line":31,"column":17}},{"start":{"line":32,"column":0},"end":{"line":36,"column":18}},{"start":{"line":37,"column":0},"end":{"line":46,"column":18}},{"start":{"line":47,"column":0},"end":{"line":52,"column":19}},{"start":{"line":53,"column":0},"end":{"line":64,"column":18}}]}},"l":{"1":1,"22":6,"23":6,"24":6,"25":6,"27":1,"30":1,"31":1,"33":1,"35":1,"36":1,"38":1,"45":1,"46":1,"48":1,"51":1,"52":1,"54":1,"62":1,"63":1,"64":1,"67":1}},
"/Users/lebui/equix/src/reducers/OpenPositions/openPositionInitialState.js":{"path":"/Users/lebui/equix/src/reducers/OpenPositions/openPositionInitialState.js","s":{"1":1,"2":1,"3":1,"4":1,"5":1,"6":1,"7":1},"b":{},"f":{},"fnMap":{},"statementMap":{"1":{"start":{"line":1,"column":13},"end":{"line":1,"column":70}},"2":{"start":{"line":1,"column":70},"end":{"line":17,"column":21}},"3":{"start":{"line":17,"column":21},"end":{"line":17,"column":48}},"4":{"start":{"line":17,"column":48},"end":{"line":20,"column":66}},"5":{"start":{"line":27,"column":0},"end":{"line":33,"column":28}},"6":{"start":{"line":41,"column":0},"end":{"line":42,"column":18}},"7":{"start":{"line":42,"column":18},"end":{"line":44,"column":13}}},"branchMap":{},"l":{"1":1,"17":1,"27":1,"41":1,"42":1}},
"/Users/lebui/equix/src/reducers/OpenPositions/openPositionReducer.js":{"path":"/Users/lebui/equix/src/reducers/OpenPositions/openPositionReducer.js","s":{"1":1,"2":1,"3":1,"4":1,"5":1,"6":1,"7":1,"8":1,"9":1,"10":1,"11":1,"12":1,"13":1,"14":6,"15":6,"16":6,"17":1,"18":5,"19":5,"20":1,"21":1,"22":1,"23":1,"24":2,"25":2,"26":2,"27":1,"28":2,"29":2,"30":2,"31":1,"32":2,"33":2,"34":2,"35":2,"36":1},"b":{"1":[4,2],"2":[6,6],"3":[1,5],"4":[1,1,2],"5":[1,1],"6":[1,1]},"f":{"1":6},"fnMap":{"1":{"name":"openPositionReducer","line":25,"loc":{"start":{"line":25,"column":652},"end":{"line":25,"column":682}}}},"statementMap":{"1":{"start":{"line":1,"column":13},"end":{"line":1,"column":70}},"2":{"start":{"line":1,"column":70},"end":{"line":25,"column":20}},"3":{"start":{"line":25,"column":20},"end":{"line":25,"column":81}},"4":{"start":{"line":25,"column":81},"end":{"line":25,"column":144}},"5":{"start":{"line":25,"column":144},"end":{"line":25,"column":204}},"6":{"start":{"line":25,"column":204},"end":{"line":25,"column":245}},"7":{"start":{"line":25,"column":245},"end":{"line":25,"column":320}},"8":{"start":{"line":25,"column":320},"end":{"line":25,"column":397}},"9":{"start":{"line":25,"column":397},"end":{"line":25,"column":474}},"10":{"start":{"line":25,"column":474},"end":{"line":25,"column":549}},"11":{"start":{"line":25,"column":549},"end":{"line":25,"column":616}},"12":{"start":{"line":25,"column":616},"end":{"line":25,"column":652}},"13":{"start":{"line":25,"column":652},"end":{"line":58,"column":14}},"14":{"start":{"line":25,"column":683},"end":{"line":25,"column":765}},"15":{"start":{"line":25,"column":765},"end":{"line":25,"column":789}},"16":{"start":{"line":26,"column":0},"end":{"line":26,"column":75}},"17":{"start":{"line":26,"column":37},"end":{"line":26,"column":74}},"18":{"start":{"line":27,"column":0},"end":{"line":27,"column":80}},"19":{"start":{"line":29,"column":0},"end":{"line":56,"column":19}},"20":{"start":{"line":31,"column":0},"end":{"line":31,"column":50}},"21":{"start":{"line":32,"column":0},"end":{"line":32,"column":17}},"22":{"start":{"line":34,"column":0},"end":{"line":36,"column":84}},"23":{"start":{"line":37,"column":0},"end":{"line":37,"column":18}},"24":{"start":{"line":39,"column":0},"end":{"line":39,"column":16}},"25":{"start":{"line":40,"column":0},"end":{"line":40,"column":40}},"26":{"start":{"line":41,"column":0},"end":{"line":42,"column":13}},"27":{"start":{"line":42,"column":0},"end":{"line":42,"column":12}},"28":{"start":{"line":45,"column":0},"end":{"line":45,"column":29}},"29":{"start":{"line":46,"column":0},"end":{"line":46,"column":58}},"30":{"start":{"line":47,"column":0},"end":{"line":48,"column":26}},"31":{"start":{"line":48,"column":0},"end":{"line":48,"column":25}},"32":{"start":{"line":51,"column":0},"end":{"line":51,"column":21}},"33":{"start":{"line":52,"column":0},"end":{"line":54,"column":51}},"34":{"start":{"line":55,"column":0},"end":{"line":55,"column":17}},"35":{"start":{"line":56,"column":0},"end":{"line":56,"column":18}},"36":{"start":{"line":58,"column":0},"end":{"line":58,"column":13}}},"branchMap":{"1":{"line":25,"type":"cond-expr","locations":[{"start":{"line":25,"column":739},"end":{"line":25,"column":751}},{"start":{"line":25,"column":752},"end":{"line":25,"column":764}}]},"2":{"line":25,"type":"binary-expr","locations":[{"start":{"line":25,"column":693},"end":{"line":25,"column":712}},{"start":{"line":25,"column":714},"end":{"line":25,"column":738}}]},"3":{"line":26,"type":"if","locations":[{"start":{"line":26,"column":0},"end":{"line":26,"column":0}},{"start":{"line":26,"column":0},"end":{"line":26,"column":0}}]},"4":{"line":29,"type":"switch","locations":[{"start":{"line":30,"column":0},"end":{"line":32,"column":17}},{"start":{"line":33,"column":0},"end":{"line":37,"column":18}},{"start":{"line":38,"column":0},"end":{"line":56,"column":18}}]},"5":{"line":41,"type":"if","locations":[{"start":{"line":41,"column":0},"end":{"line":41,"column":0}},{"start":{"line":41,"column":0},"end":{"line":41,"column":0}}]},"6":{"line":47,"type":"if","locations":[{"start":{"line":47,"column":0},"end":{"line":47,"column":0}},{"start":{"line":47,"column":0},"end":{"line":47,"column":0}}]}},"l":{"1":1,"25":6,"26":6,"27":5,"29":5,"31":1,"32":1,"34":1,"37":1,"39":2,"40":2,"41":2,"42":1,"45":2,"46":2,"47":2,"48":1,"51":2,"52":2,"55":2,"56":2,"58":1}},
"/Users/lebui/equix/src/reducers/UserInfo/userInfoAction.js":{"path":"/Users/lebui/equix/src/reducers/UserInfo/userInfoAction.js","s":{"1":1,"2":1,"3":1,"4":1,"5":1,"6":1,"7":1,"8":1,"9":1,"10":1,"11":1,"12":1,"13":1,"14":1,"15":1,"16":1,"17":1,"18":1,"19":1,"20":2,"21":2,"22":1,"23":1,"24":1,"25":2,"26":1,"27":1,"28":1,"29":1,"30":1},"b":{"1":[1,0],"2":[1,1]},"f":{"1":2,"2":2,"3":1,"4":1},"fnMap":{"1":{"name":"callBackUpdateUserInfoRequest","line":47,"loc":{"start":{"line":47,"column":668},"end":{"line":47,"column":711}}},"2":{"name":"UpdatingUserInfo","line":47,"loc":{"start":{"line":47,"column":806},"end":{"line":47,"column":833}}},"3":{"name":"UpdateUserInfoRequest","line":47,"loc":{"start":{"line":47,"column":864},"end":{"line":47,"column":904}}},"4":{"name":"(anonymous_4)","line":48,"loc":{"start":{"line":48,"column":7},"end":{"line":48,"column":25}}}},"statementMap":{"1":{"start":{"line":1,"column":13},"end":{"line":1,"column":70}},"2":{"start":{"line":1,"column":70},"end":{"line":32,"column":60}},"3":{"start":{"line":32,"column":60},"end":{"line":40,"column":34}},"4":{"start":{"line":40,"column":34},"end":{"line":47,"column":44}},"5":{"start":{"line":47,"column":44},"end":{"line":47,"column":107}},"6":{"start":{"line":47,"column":107},"end":{"line":47,"column":167}},"7":{"start":{"line":47,"column":167},"end":{"line":47,"column":204}},"8":{"start":{"line":47,"column":204},"end":{"line":47,"column":243}},"9":{"start":{"line":47,"column":243},"end":{"line":47,"column":282}},"10":{"start":{"line":47,"column":282},"end":{"line":47,"column":355}},"11":{"start":{"line":47,"column":355},"end":{"line":47,"column":401}},"12":{"start":{"line":47,"column":401},"end":{"line":47,"column":454}},"13":{"start":{"line":47,"column":454},"end":{"line":47,"column":508}},"14":{"start":{"line":47,"column":508},"end":{"line":47,"column":562}},"15":{"start":{"line":47,"column":562},"end":{"line":47,"column":588}},"16":{"start":{"line":47,"column":588},"end":{"line":47,"column":616}},"17":{"start":{"line":47,"column":616},"end":{"line":47,"column":668}},"18":{"start":{"line":47,"column":636},"end":{"line":47,"column":668}},"19":{"start":{"line":47,"column":668},"end":{"line":47,"column":806}},"20":{"start":{"line":47,"column":712},"end":{"line":47,"column":730}},"21":{"start":{"line":47,"column":730},"end":{"line":47,"column":805}},"22":{"start":{"line":47,"column":766},"end":{"line":47,"column":783}},"23":{"start":{"line":47,"column":788},"end":{"line":47,"column":805}},"24":{"start":{"line":47,"column":806},"end":{"line":47,"column":864}},"25":{"start":{"line":47,"column":834},"end":{"line":47,"column":863}},"26":{"start":{"line":47,"column":864},"end":{"line":51,"column":39}},"27":{"start":{"line":48,"column":0},"end":{"line":51,"column":38}},"28":{"start":{"line":49,"column":0},"end":{"line":49,"column":24}},"29":{"start":{"line":50,"column":0},"end":{"line":50,"column":97}},"30":{"start":{"line":51,"column":0},"end":{"line":51,"column":36}}},"branchMap":{"1":{"line":47,"type":"if","locations":[{"start":{"line":47,"column":616},"end":{"line":47,"column":616}},{"start":{"line":47,"column":616},"end":{"line":47,"column":616}}]},"2":{"line":47,"type":"if","locations":[{"start":{"line":47,"column":730},"end":{"line":47,"column":730}},{"start":{"line":47,"column":730},"end":{"line":47,"column":730}}]}},"l":{"1":1,"32":1,"40":1,"47":2,"48":1,"49":1,"50":1,"51":1}},
"/Users/lebui/equix/src/reducers/AddCode/AddCodeReducer.js":{"path":"/Users/lebui/equix/src/reducers/AddCode/AddCodeReducer.js","s":{"1":1,"2":1,"3":1,"4":1,"5":1,"6":1,"7":1,"8":1,"9":1,"10":1,"11":1,"12":1,"13":5,"14":5,"15":5,"16":1,"17":4,"18":4,"19":1,"20":1,"21":1,"22":1,"23":1,"24":1,"25":1,"26":1,"27":1},"b":{"1":[4,1],"2":[5,5],"3":[1,4],"4":[1,1,1,1]},"f":{"1":5},"fnMap":{"1":{"name":"AddCodeReducer","line":21,"loc":{"start":{"line":21,"column":515},"end":{"line":21,"column":540}}}},"statementMap":{"1":{"start":{"line":1,"column":13},"end":{"line":1,"column":70}},"2":{"start":{"line":1,"column":70},"end":{"line":21,"column":15}},"3":{"start":{"line":21,"column":15},"end":{"line":21,"column":76}},"4":{"start":{"line":21,"column":76},"end":{"line":21,"column":134}},"5":{"start":{"line":21,"column":134},"end":{"line":21,"column":194}},"6":{"start":{"line":21,"column":194},"end":{"line":21,"column":235}},"7":{"start":{"line":21,"column":235},"end":{"line":21,"column":290}},"8":{"start":{"line":21,"column":290},"end":{"line":21,"column":365}},"9":{"start":{"line":21,"column":365},"end":{"line":21,"column":422}},"10":{"start":{"line":21,"column":422},"end":{"line":21,"column":479}},"11":{"start":{"line":21,"column":479},"end":{"line":21,"column":515}},"12":{"start":{"line":21,"column":515},"end":{"line":42,"column":14}},"13":{"start":{"line":21,"column":541},"end":{"line":21,"column":623}},"14":{"start":{"line":21,"column":623},"end":{"line":21,"column":647}},"15":{"start":{"line":22,"column":0},"end":{"line":22,"column":73}},"16":{"start":{"line":22,"column":36},"end":{"line":22,"column":73}},"17":{"start":{"line":23,"column":0},"end":{"line":23,"column":80}},"18":{"start":{"line":24,"column":0},"end":{"line":38,"column":7}},"19":{"start":{"line":26,"column":0},"end":{"line":26,"column":50}},"20":{"start":{"line":27,"column":0},"end":{"line":27,"column":17}},"21":{"start":{"line":29,"column":0},"end":{"line":30,"column":51}},"22":{"start":{"line":31,"column":0},"end":{"line":31,"column":18}},"23":{"start":{"line":33,"column":0},"end":{"line":34,"column":43}},"24":{"start":{"line":35,"column":0},"end":{"line":35,"column":18}},"25":{"start":{"line":37,"column":0},"end":{"line":37,"column":16}},"26":{"start":{"line":38,"column":0},"end":{"line":38,"column":6}},"27":{"start":{"line":42,"column":0},"end":{"line":42,"column":13}}},"branchMap":{"1":{"line":21,"type":"cond-expr","locations":[{"start":{"line":21,"column":597},"end":{"line":21,"column":609}},{"start":{"line":21,"column":610},"end":{"line":21,"column":622}}]},"2":{"line":21,"type":"binary-expr","locations":[{"start":{"line":21,"column":551},"end":{"line":21,"column":570}},{"start":{"line":21,"column":572},"end":{"line":21,"column":596}}]},"3":{"line":22,"type":"if","locations":[{"start":{"line":22,"column":0},"end":{"line":22,"column":0}},{"start":{"line":22,"column":0},"end":{"line":22,"column":0}}]},"4":{"line":24,"type":"switch","locations":[{"start":{"line":25,"column":0},"end":{"line":27,"column":17}},{"start":{"line":28,"column":0},"end":{"line":31,"column":18}},{"start":{"line":32,"column":0},"end":{"line":35,"column":18}},{"start":{"line":36,"column":0},"end":{"line":38,"column":6}}]}},"l":{"1":1,"21":5,"22":5,"23":4,"24":4,"26":1,"27":1,"29":1,"31":1,"33":1,"35":1,"37":1,"38":1,"42":1}},
"/Users/lebui/equix/src/reducers/AddCode/AddCodeInitialState.js":{"path":"/Users/lebui/equix/src/reducers/AddCode/AddCodeInitialState.js","s":{"1":1,"2":1,"3":1,"4":1,"5":1,"6":1,"7":1},"b":{},"f":{},"fnMap":{},"statementMap":{"1":{"start":{"line":1,"column":13},"end":{"line":1,"column":70}},"2":{"start":{"line":1,"column":70},"end":{"line":17,"column":21}},"3":{"start":{"line":17,"column":21},"end":{"line":17,"column":48}},"4":{"start":{"line":17,"column":48},"end":{"line":20,"column":56}},"5":{"start":{"line":26,"column":0},"end":{"line":32,"column":19}},"6":{"start":{"line":40,"column":0},"end":{"line":41,"column":18}},"7":{"start":{"line":41,"column":18},"end":{"line":44,"column":13}}},"branchMap":{},"l":{"1":1,"17":1,"26":1,"40":1,"41":1}}}
