TN:
SF:/Users/lebui/equix/src/lib/enum/Global.js
FNF:0
FNH:0
DA:1,16
LF:1
LH:1
BRF:0
BRH:0
end_of_record
TN:
SF:/Users/lebui/equix/src/lib/base/DataManager.js
FN:1,(anonymous_1)
FN:1,defineProperties
FN:1,(anonymous_3)
FN:5,_interopRequireWildcard
FN:5,_classCallCheck
FN:27,(anonymous_6)
FN:29,DataManager
FN:30,processReceiveMsg
FN:83,regisResponseHandler
FN:90,clearReciveDataDic
FN:97,regisRealtimeHandler
FN:159,regisFunction
FN:170,unregisFunction
FN:177,regisListDataRealtimeHandler
FN:193,unregisListDataRealtimeHandler
FN:208,regisBroadcastHandler
FN:225,unregisBroadcastHandler
FN:239,processResponse
FN:253,reProcessResponse
FN:269,processRealtime
FN:282,processListDataRealtime
FN:296,processBroadcast
FN:309,getRequestKey
FN:315,updateMemmoryBroadcast
FN:340,updateMemmoryResponse
FN:360,updateMemmoryEntity
FN:378,isHistory
FN:383,processProadcastDone
FNF:28
FNH:28
FNDA:14,(anonymous_1)
FNDA:14,defineProperties
FNDA:14,(anonymous_3)
FNDA:14,_interopRequireWildcard
FNDA:10,_classCallCheck
FNDA:14,(anonymous_6)
FNDA:10,DataManager
FNDA:7,processReceiveMsg
FNDA:54,regisResponseHandler
FNDA:17,clearReciveDataDic
FNDA:20,regisRealtimeHandler
FNDA:8,regisFunction
FNDA:4,unregisFunction
FNDA:3,regisListDataRealtimeHandler
FNDA:2,unregisListDataRealtimeHandler
FNDA:9,regisBroadcastHandler
FNDA:1,unregisBroadcastHandler
FNDA:3,processResponse
FNDA:43,reProcessResponse
FNDA:2,processRealtime
FNDA:2,processListDataRealtime
FNDA:6,processBroadcast
FNDA:57,getRequestKey
FNDA:8,updateMemmoryBroadcast
FNDA:5,updateMemmoryResponse
FNDA:4,updateMemmoryEntity
FNDA:17,isHistory
FNDA:4,processProadcastDone
DA:1,294
DA:4,14
DA:5,14
DA:10,14
DA:11,14
DA:12,14
DA:13,14
DA:14,14
DA:15,14
DA:16,14
DA:18,14
DA:20,14
DA:25,14
DA:29,11
DA:30,14
DA:34,7
DA:36,7
DA:38,1
DA:41,1
DA:42,1
DA:43,1
DA:44,1
DA:46,1
DA:47,1
DA:49,1
DA:50,1
DA:51,1
DA:53,1
DA:54,1
DA:56,1
DA:57,1
DA:60,1
DA:61,1
DA:66,5
DA:67,5
DA:68,5
DA:69,3
DA:72,2
DA:73,1
DA:76,2
DA:77,1
DA:79,2
DA:83,1
DA:88,54
DA:89,54
DA:90,54
DA:95,17
DA:96,17
DA:97,17
DA:101,20
DA:102,20
DA:103,5
DA:105,15
DA:106,1
DA:107,1
DA:108,2
DA:109,2
DA:110,2
DA:111,2
DA:112,2
DA:113,1
DA:114,1
DA:116,1
DA:117,1
DA:118,1
DA:121,2
DA:122,2
DA:123,1
DA:124,1
DA:125,1
DA:127,1
DA:133,14
DA:135,14
DA:136,14
DA:137,14
DA:139,13
DA:140,13
DA:141,13
DA:144,1
DA:145,1
DA:146,1
DA:149,14
DA:150,14
DA:151,13
DA:152,13
DA:153,13
DA:155,1
DA:159,0
DA:164,8
DA:165,8
DA:166,2
DA:167,2
DA:168,2
DA:170,6
DA:175,4
DA:176,4
DA:177,4
DA:182,3
DA:183,3
DA:184,2
DA:185,4
DA:186,4
DA:189,1
DA:193,0
DA:198,2
DA:199,2
DA:200,1
DA:201,2
DA:202,2
DA:205,1
DA:208,0
DA:213,9
DA:214,9
DA:215,0
DA:216,9
DA:217,9
DA:218,8
DA:219,8
DA:220,8
DA:222,1
DA:225,0
DA:231,1
DA:232,1
DA:233,0
DA:234,1
DA:235,1
DA:236,1
DA:239,0
DA:244,3
DA:245,3
DA:246,3
DA:247,0
DA:249,0
DA:250,0
DA:253,0
DA:258,43
DA:259,43
DA:260,43
DA:261,20
DA:262,20
DA:264,0
DA:265,20
DA:266,20
DA:269,0
DA:274,2
DA:275,2
DA:276,1
DA:277,1
DA:278,1
DA:279,1
DA:282,0
DA:287,2
DA:288,2
DA:289,0
DA:291,2
DA:292,2
DA:293,1
DA:296,0
DA:301,6
DA:302,6
DA:303,2
DA:304,4
DA:305,4
DA:306,1
DA:309,0
DA:314,57
DA:315,57
DA:319,8
DA:320,8
DA:321,8
DA:323,1
DA:324,1
DA:325,1
DA:328,1
DA:329,1
DA:330,1
DA:331,1
DA:334,1
DA:335,1
DA:336,1
DA:340,0
DA:345,5
DA:346,5
DA:348,1
DA:350,1
DA:351,1
DA:352,1
DA:353,1
DA:354,1
DA:356,1
DA:360,1
DA:365,4
DA:366,4
DA:367,2
DA:368,2
DA:369,2
DA:370,2
DA:374,1
DA:378,0
DA:383,17
DA:387,14
LF:201
LH:182
BRDA:1,1,0,294
BRDA:1,1,1,294
BRDA:1,2,0,294
BRDA:1,2,1,0
BRDA:1,3,0,14
BRDA:1,3,1,0
BRDA:1,4,0,0
BRDA:1,4,1,14
BRDA:5,5,0,14
BRDA:5,5,1,0
BRDA:5,6,0,14
BRDA:5,6,1,14
BRDA:5,7,0,0
BRDA:5,7,1,0
BRDA:5,8,0,0
BRDA:5,8,1,0
BRDA:5,9,0,0
BRDA:5,9,1,10
BRDA:36,10,0,1
BRDA:36,10,1,5
BRDA:43,11,0,0
BRDA:43,11,1,1
BRDA:50,12,0,1
BRDA:50,12,1,0
BRDA:68,13,0,3
BRDA:68,13,1,2
BRDA:72,14,0,1
BRDA:72,14,1,1
BRDA:76,15,0,1
BRDA:76,15,1,1
BRDA:102,16,0,5
BRDA:102,16,1,15
BRDA:102,17,0,20
BRDA:102,17,1,15
BRDA:105,18,0,1
BRDA:105,18,1,14
BRDA:110,19,0,2
BRDA:110,19,1,0
BRDA:112,20,0,1
BRDA:112,20,1,1
BRDA:122,21,0,1
BRDA:122,21,1,1
BRDA:135,22,0,14
BRDA:135,22,1,0
BRDA:137,23,0,13
BRDA:137,23,1,1
BRDA:150,24,0,13
BRDA:150,24,1,1
BRDA:165,25,0,2
BRDA:165,25,1,6
BRDA:176,26,0,4
BRDA:176,26,1,0
BRDA:183,27,0,2
BRDA:183,27,1,1
BRDA:199,28,0,1
BRDA:199,28,1,1
BRDA:214,29,0,0
BRDA:214,29,1,9
BRDA:214,30,0,9
BRDA:214,30,1,9
BRDA:214,30,2,9
BRDA:217,31,0,8
BRDA:217,31,1,1
BRDA:232,32,0,0
BRDA:232,32,1,1
BRDA:232,33,0,1
BRDA:232,33,1,1
BRDA:235,34,0,1
BRDA:235,34,1,0
BRDA:246,35,0,0
BRDA:246,35,1,3
BRDA:246,36,0,3
BRDA:246,36,1,3
BRDA:260,37,0,20
BRDA:260,37,1,23
BRDA:260,38,0,43
BRDA:260,38,1,43
BRDA:261,39,0,20
BRDA:261,39,1,0
BRDA:275,40,0,1
BRDA:275,40,1,1
BRDA:275,41,0,2
BRDA:275,41,1,1
BRDA:275,41,2,1
BRDA:278,42,0,1
BRDA:278,42,1,0
BRDA:288,43,0,0
BRDA:288,43,1,2
BRDA:288,44,0,2
BRDA:288,44,1,2
BRDA:292,45,0,1
BRDA:292,45,1,1
BRDA:302,46,0,2
BRDA:302,46,1,4
BRDA:302,47,0,6
BRDA:302,47,1,5
BRDA:302,47,2,4
BRDA:305,48,0,1
BRDA:305,48,1,3
BRDA:314,49,0,40
BRDA:314,49,1,17
BRDA:321,50,0,1
BRDA:321,50,1,1
BRDA:321,50,2,1
BRDA:321,50,3,5
BRDA:346,51,0,1
BRDA:346,51,1,3
BRDA:348,52,0,1
BRDA:348,52,1,0
BRDA:366,53,0,2
BRDA:366,53,1,2
BRDA:366,54,0,4
BRDA:366,54,1,3
BRDA:370,55,0,1
BRDA:370,55,1,1
BRF:115
BRH:93
end_of_record
TN:
SF:/Users/lebui/equix/src/lib/base/MessageDef.js
FN:188,RealtimeEntity
FN:188,NetworkStatusBroadcast
FN:188,CompressedMessage
FN:188,PartialMessage
FN:188,PingRequest
FN:188,SubscribeEntityRequest
FN:188,FirstLoginRequest
FN:188,SecondLoginRequest
FN:188,UserLogoutRequest
FN:188,GetUserLayoutRequest
FN:188,ResendOtpPassRequest
FN:188,CreateTerminalEnvironmentRequest
FN:188,GetListTradingDealRequest
FN:188,GetListBussinessInfo
FN:188,PriceSubscribeRequest
FN:188,GetListSymbolRequest
FN:188,UpdateUserInfoRequest
FN:188,GetListMemberSymbolMappingRequest
FN:188,UpdateUserLayoutRequest
FN:188,NewOrderSingleRequest
FN:188,GetListAccountRequest
FN:188,CancelOrderRequest
FN:188,UpdateOrderRequest
FNF:23
FNH:22
FNDA:2,RealtimeEntity
FNDA:1,NetworkStatusBroadcast
FNDA:1,CompressedMessage
FNDA:1,PartialMessage
FNDA:1,PingRequest
FNDA:1,SubscribeEntityRequest
FNDA:12,FirstLoginRequest
FNDA:4,SecondLoginRequest
FNDA:4,UserLogoutRequest
FNDA:3,GetUserLayoutRequest
FNDA:4,ResendOtpPassRequest
FNDA:4,CreateTerminalEnvironmentRequest
FNDA:8,GetListTradingDealRequest
FNDA:2,GetListBussinessInfo
FNDA:21,PriceSubscribeRequest
FNDA:7,GetListSymbolRequest
FNDA:4,UpdateUserInfoRequest
FNDA:3,GetListMemberSymbolMappingRequest
FNDA:3,UpdateUserLayoutRequest
FNDA:1,NewOrderSingleRequest
FNDA:14,GetListAccountRequest
FNDA:0,CancelOrderRequest
FNDA:1,UpdateOrderRequest
DA:1,16
DA:5,16
DA:12,16
DA:18,16
DA:25,16
DA:34,16
DA:44,16
DA:52,16
DA:63,16
DA:75,16
DA:84,16
DA:94,16
DA:103,16
DA:110,16
DA:124,16
DA:131,16
DA:139,16
DA:145,16
DA:153,16
DA:158,16
DA:166,16
DA:173,16
DA:181,16
DA:188,21
DA:189,1
DA:190,1
DA:191,1
DA:192,1
DA:193,1
LF:29
LH:29
BRF:0
BRH:0
end_of_record
TN:
SF:/Users/lebui/equix/src/lib/enum/MessageType.js
FNF:0
FNH:0
DA:1,16
LF:1
LH:1
BRF:0
BRH:0
end_of_record
TN:
SF:/Users/lebui/equix/src/lib/enum/RequestType.js
FNF:0
FNH:0
DA:1,16
LF:1
LH:1
BRF:0
BRH:0
end_of_record
TN:
SF:/Users/lebui/equix/src/lib/base/FunctionUtils.js
FN:462,_interopRequireDefault
FN:462,guid
FN:462,s4
FN:462,formatNumber
FN:462,round
FN:462,changeFixed
FN:462,findAll
FN:462,toString
FN:462,roundFloat
FN:462,firstOrDefault
FN:462,getDistinctList
FN:462,convertFormatToNumber
FN:462,clone
FN:462,cloneNewAddressMemory
FN:462,log
FN:462,mergeList
FN:462,merge
FN:462,getKey
FN:462,getJsonMsg
FN:462,getStompUrl
FN:462,replaceComma
FN:462,fromNetworkMessage
FN:462,getJsonObject
FN:462,toNetworkMessage
FN:462,formatExt
FN:462,isNullOrEmpty
FN:462,StringFormat
FN:462,getRealtimeKey
FNF:28
FNH:15
FNDA:26,_interopRequireDefault
FNDA:0,guid
FNDA:0,s4
FNDA:89,formatNumber
FNDA:10,round
FNDA:9,changeFixed
FNDA:0,findAll
FNDA:0,toString
FNDA:0,roundFloat
FNDA:53,firstOrDefault
FNDA:0,getDistinctList
FNDA:0,convertFormatToNumber
FNDA:6,clone
FNDA:0,cloneNewAddressMemory
FNDA:1,log
FNDA:0,mergeList
FNDA:0,merge
FNDA:0,getKey
FNDA:0,getJsonMsg
FNDA:13,getStompUrl
FNDA:0,replaceComma
FNDA:1,fromNetworkMessage
FNDA:3,getJsonObject
FNDA:44,toNetworkMessage
FNDA:45,formatExt
FNDA:10,isNullOrEmpty
FNDA:62,StringFormat
FNDA:2,getRealtimeKey
DA:1,26
DA:9,26
DA:19,26
DA:32,26
DA:43,26
DA:109,26
DA:163,26
DA:171,26
DA:191,26
DA:228,26
DA:247,26
DA:268,26
DA:273,26
DA:280,26
DA:286,26
DA:304,26
DA:316,26
DA:323,26
DA:329,26
DA:342,26
DA:356,26
DA:370,26
DA:379,26
DA:387,26
DA:417,26
DA:437,26
DA:462,124
DA:463,2
DA:464,2
DA:465,1
DA:467,1
DA:469,1
DA:470,1
DA:472,1
DA:473,1
DA:475,0
DA:477,0
LF:37
LH:35
BRDA:462,1,0,0
BRDA:462,1,1,26
BRDA:462,2,0,26
BRDA:462,2,1,26
BRDA:462,3,0,69
BRDA:462,3,1,20
BRDA:462,4,0,1
BRDA:462,4,1,19
BRDA:462,5,0,10
BRDA:462,5,1,9
BRDA:462,6,0,9
BRDA:462,6,1,10
BRDA:462,7,0,8
BRDA:462,7,1,2
BRDA:462,8,0,2
BRDA:462,8,1,0
BRDA:462,9,0,2
BRDA:462,9,1,0
BRDA:462,10,0,0
BRDA:462,10,1,9
BRDA:462,11,0,8
BRDA:462,11,1,1
BRDA:462,12,0,0
BRDA:462,12,1,9
BRDA:462,13,0,0
BRDA:462,13,1,9
BRDA:462,14,0,0
BRDA:462,14,1,9
BRDA:462,15,0,0
BRDA:462,15,1,9
BRDA:462,16,0,0
BRDA:462,16,1,9
BRDA:462,17,0,0
BRDA:462,17,1,9
BRDA:462,18,0,0
BRDA:462,18,1,9
BRDA:462,19,0,0
BRDA:462,19,1,9
BRDA:462,20,0,0
BRDA:462,20,1,9
BRDA:462,21,0,0
BRDA:462,21,1,9
BRDA:462,22,0,0
BRDA:462,22,1,9
BRDA:462,23,0,0
BRDA:462,23,1,9
BRDA:462,24,0,0
BRDA:462,24,1,9
BRDA:462,25,0,1
BRDA:462,25,1,8
BRDA:462,26,0,0
BRDA:462,26,1,1
BRDA:462,27,0,0
BRDA:462,27,1,1
BRDA:462,28,0,0
BRDA:462,28,1,1
BRDA:462,29,0,0
BRDA:462,29,1,1
BRDA:462,30,0,0
BRDA:462,30,1,1
BRDA:462,31,0,0
BRDA:462,31,1,1
BRDA:462,32,0,0
BRDA:462,32,1,1
BRDA:462,33,0,0
BRDA:462,33,1,1
BRDA:462,34,0,0
BRDA:462,34,1,1
BRDA:462,35,0,0
BRDA:462,35,1,1
BRDA:462,36,0,0
BRDA:462,36,1,1
BRDA:462,37,0,0
BRDA:462,37,1,1
BRDA:462,38,0,0
BRDA:462,38,1,0
BRDA:462,39,0,0
BRDA:462,39,1,0
BRDA:462,40,0,0
BRDA:462,40,1,0
BRDA:462,41,0,0
BRDA:462,41,1,0
BRDA:462,42,0,0
BRDA:462,42,1,0
BRDA:462,43,0,0
BRDA:462,43,1,0
BRDA:462,44,0,0
BRDA:462,44,1,0
BRDA:462,45,0,0
BRDA:462,45,1,0
BRDA:462,46,0,0
BRDA:462,46,1,0
BRDA:462,47,0,0
BRDA:462,47,1,0
BRDA:462,48,0,0
BRDA:462,48,1,0
BRDA:462,49,0,0
BRDA:462,49,1,0
BRDA:462,50,0,0
BRDA:462,50,1,0
BRDA:462,51,0,0
BRDA:462,51,1,0
BRDA:462,52,0,0
BRDA:462,52,1,0
BRDA:462,53,0,32
BRDA:462,53,1,21
BRDA:462,54,0,53
BRDA:462,54,1,53
BRDA:462,55,0,21
BRDA:462,55,1,0
BRDA:462,56,0,7
BRDA:462,56,1,28
BRDA:462,57,0,0
BRDA:462,57,1,0
BRDA:462,58,0,0
BRDA:462,58,1,0
BRDA:462,59,0,0
BRDA:462,59,1,0
BRDA:462,60,0,0
BRDA:462,60,1,0
BRDA:462,61,0,0
BRDA:462,61,1,0
BRDA:462,62,0,0
BRDA:462,62,1,0
BRDA:462,63,0,0
BRDA:462,63,1,0
BRDA:462,64,0,0
BRDA:462,64,1,0
BRDA:462,65,0,0
BRDA:462,65,1,0
BRDA:462,66,0,0
BRDA:462,66,1,6
BRDA:462,67,0,0
BRDA:462,67,1,0
BRDA:462,68,0,0
BRDA:462,68,1,13
BRDA:462,69,0,0
BRDA:462,69,1,0
BRDA:462,70,0,0
BRDA:462,70,1,0
BRDA:462,71,0,0
BRDA:462,71,1,0
BRDA:462,72,0,1
BRDA:462,72,1,0
BRDA:462,73,0,1
BRDA:462,73,1,1
BRDA:462,73,2,1
BRDA:462,74,0,1
BRDA:462,74,1,1
BRDA:462,75,0,0
BRDA:462,75,1,0
BRDA:462,76,0,1
BRDA:462,76,1,2
BRDA:462,77,0,3
BRDA:462,77,1,2
BRDA:462,78,0,2
BRDA:462,78,1,2
BRDA:462,79,0,45
BRDA:462,79,1,0
BRDA:462,80,0,0
BRDA:462,80,1,0
BRDA:462,81,0,0
BRDA:462,81,1,0
BRDA:462,82,0,0
BRDA:462,82,1,0
BRDA:462,83,0,0
BRDA:462,83,1,0
BRDA:462,84,0,0
BRDA:462,84,1,10
BRDA:462,85,0,0
BRDA:462,85,1,10
BRDA:462,86,0,10
BRDA:462,86,1,0
BRDA:462,87,0,0
BRDA:462,87,1,62
BRDA:462,88,0,0
BRDA:462,88,1,62
BRDA:462,89,0,62
BRDA:462,89,1,62
BRDA:462,89,2,62
BRDA:464,90,0,1
BRDA:464,90,1,1
BRDA:464,91,0,2
BRDA:464,91,1,2
BRDA:464,91,2,2
BRF:185
BRH:80
end_of_record
TN:
SF:/Users/lebui/equix/src/lib/enum/RoutingType.js
FNF:0
FNH:0
DA:1,15
LF:1
LH:1
BRF:0
BRH:0
end_of_record
TN:
SF:/Users/lebui/equix/src/lib/enum/MsgBroadcast.js
FNF:0
FNH:0
DA:1,14
LF:1
LH:1
BRF:0
BRH:0
end_of_record
TN:
SF:/Users/lebui/equix/src/lib/enum/BroadcastKey.js
FNF:0
FNH:0
DA:1,15
LF:1
LH:1
BRF:0
BRH:0
end_of_record
TN:
SF:/Users/lebui/equix/src/lib/enum/MsgResponse.js
FNF:0
FNH:0
DA:1,15
LF:1
LH:1
BRF:0
BRH:0
end_of_record
TN:
SF:/Users/lebui/equix/src/lib/enum/MsgEntity.js
FNF:0
FNH:0
DA:1,14
LF:1
LH:1
BRF:0
BRH:0
end_of_record
TN:
SF:/Users/lebui/equix/src/lib/enum/RealtimeKey.js
FNF:0
FNH:0
DA:1,14
LF:1
LH:1
BRF:0
BRH:0
end_of_record
TN:
SF:/Users/lebui/equix/src/lib/base/MultiHandler.js
FN:1,(anonymous_1)
FN:1,defineProperties
FN:1,(anonymous_3)
FN:4,_interopRequireDefault
FN:4,_classCallCheck
FN:10,(anonymous_6)
FN:12,MultiHandler
FN:17,addHandler
FN:22,(anonymous_9)
FN:31,removeHandler
FN:36,(anonymous_11)
FN:42,sendMessage
FN:55,sendMessageListDataCommand
FNF:13
FNH:13
FNDA:15,(anonymous_1)
FNDA:15,defineProperties
FNDA:15,(anonymous_3)
FNDA:15,_interopRequireDefault
FNDA:28,_classCallCheck
FNDA:15,(anonymous_6)
FNDA:28,MultiHandler
FNDA:41,addHandler
FNDA:22,(anonymous_9)
FNDA:7,removeHandler
FNDA:9,(anonymous_11)
FNDA:6,sendMessage
FNDA:5,sendMessageListDataCommand
DA:1,60
DA:2,15
DA:4,28
DA:8,15
DA:12,28
DA:13,28
DA:14,1
DA:15,27
DA:16,27
DA:17,27
DA:21,41
DA:22,37
DA:23,22
DA:25,37
DA:26,35
DA:28,2
DA:31,4
DA:36,7
DA:37,9
DA:39,7
DA:40,1
DA:42,6
DA:47,6
DA:48,1
DA:49,5
DA:50,5
DA:51,7
DA:52,7
DA:53,7
DA:55,0
DA:61,5
DA:62,1
DA:63,4
DA:64,4
DA:65,9
DA:66,9
DA:67,9
DA:69,15
LF:38
LH:37
BRDA:1,1,0,60
BRDA:1,1,1,60
BRDA:1,2,0,60
BRDA:1,2,1,0
BRDA:1,3,0,15
BRDA:1,3,1,0
BRDA:1,4,0,0
BRDA:1,4,1,15
BRDA:4,5,0,0
BRDA:4,5,1,15
BRDA:4,6,0,15
BRDA:4,6,1,15
BRDA:4,7,0,0
BRDA:4,7,1,28
BRDA:13,8,0,1
BRDA:13,8,1,27
BRDA:21,9,0,37
BRDA:21,9,1,4
BRDA:21,10,0,41
BRDA:21,10,1,39
BRDA:25,11,0,35
BRDA:25,11,1,2
BRDA:39,12,0,1
BRDA:39,12,1,6
BRDA:47,13,0,1
BRDA:47,13,1,5
BRDA:47,14,0,6
BRDA:47,14,1,6
BRDA:61,15,0,1
BRDA:61,15,1,4
BRDA:61,16,0,5
BRDA:61,16,1,5
BRF:32
BRH:27
end_of_record
TN:
SF:/Users/lebui/equix/src/lib/base/NetworkManager.js
FN:1,(anonymous_1)
FN:1,defineProperties
FN:1,(anonymous_3)
FN:15,_interopRequireWildcard
FN:15,_interopRequireDefault
FN:15,_classCallCheck
FN:34,(anonymous_7)
FN:36,NetworkManager
FN:41,isConnecting
FN:45,connectMe
FN:54,logoutMe
FN:68,reconnectMe
FN:78,(anonymous_13)
FN:88,disconnectMe
FN:101,updateDefaultQueue
FN:115,receiveTopic
FN:119,sendRequestMessage
FN:145,doSendMessage
FN:151,onConnected
FN:171,(anonymous_20)
FN:191,onDisConnected
FN:201,onConnectError
FN:244,onReceiveMessage
FN:280,S4
FN:285,newGUID
FN:291,genarateKey
FN:301,getRequestType
FN:312,routingMessage
FNF:28
FNH:26
FNDA:12,(anonymous_1)
FNDA:12,defineProperties
FNDA:12,(anonymous_3)
FNDA:12,_interopRequireWildcard
FNDA:24,_interopRequireDefault
FNDA:14,_classCallCheck
FNDA:12,(anonymous_7)
FNDA:14,NetworkManager
FNDA:1,isConnecting
FNDA:12,connectMe
FNDA:2,logoutMe
FNDA:1,reconnectMe
FNDA:0,(anonymous_13)
FNDA:1,disconnectMe
FNDA:1,updateDefaultQueue
FNDA:1,receiveTopic
FNDA:73,sendRequestMessage
FNDA:44,doSendMessage
FNDA:1,onConnected
FNDA:0,(anonymous_20)
FNDA:1,onDisConnected
FNDA:1,onConnectError
FNDA:1,onReceiveMessage
FNDA:473,S4
FNDA:59,newGUID
FNDA:58,genarateKey
FNDA:6,getRequestType
FNDA:56,routingMessage
DA:1,216
DA:4,12
DA:5,12
DA:6,12
DA:15,24
DA:17,12
DA:18,12
DA:19,12
DA:20,12
DA:21,12
DA:23,12
DA:32,12
DA:36,14
DA:37,14
DA:38,14
DA:39,14
DA:40,14
DA:41,14
DA:45,1
DA:49,12
DA:50,12
DA:51,12
DA:52,12
DA:54,0
DA:59,2
DA:60,2
DA:61,2
DA:62,2
DA:63,2
DA:64,0
DA:65,0
DA:68,0
DA:73,1
DA:74,1
DA:75,1
DA:76,1
DA:77,1
DA:78,1
DA:79,0
DA:80,0
DA:83,0
DA:84,0
DA:88,0
DA:93,1
DA:94,1
DA:95,1
DA:96,1
DA:97,0
DA:98,0
DA:101,0
DA:106,1
DA:107,1
DA:108,1
DA:110,0
DA:111,0
DA:113,0
DA:115,0
DA:119,1
DA:123,73
DA:124,73
DA:125,30
DA:126,30
DA:129,43
DA:130,43
DA:131,4
DA:132,43
DA:133,6
DA:134,43
DA:135,43
DA:136,43
DA:137,43
DA:138,43
DA:140,43
DA:141,43
DA:142,42
DA:145,0
DA:150,44
DA:151,44
DA:155,1
DA:156,1
DA:157,0
DA:158,0
DA:159,0
DA:160,0
DA:161,0
DA:164,0
DA:165,0
DA:166,0
DA:167,0
DA:170,0
DA:171,0
DA:172,0
DA:173,0
DA:174,0
DA:176,0
DA:177,0
DA:178,0
DA:179,0
DA:181,0
DA:182,0
DA:184,0
DA:185,0
DA:187,0
DA:191,0
DA:196,1
DA:197,1
DA:198,0
DA:199,0
DA:201,0
DA:206,1
DA:207,1
DA:208,0
DA:209,0
DA:210,0
DA:211,0
DA:212,0
DA:213,0
DA:214,0
DA:216,0
DA:217,0
DA:220,0
DA:221,0
DA:222,0
DA:223,0
DA:224,0
DA:227,0
DA:228,0
DA:229,0
DA:230,0
DA:233,0
DA:234,0
DA:235,0
DA:238,0
DA:239,0
DA:240,0
DA:242,0
DA:244,0
DA:249,1
DA:250,1
DA:251,1
DA:252,0
DA:253,0
DA:254,0
DA:256,0
DA:258,0
DA:259,0
DA:260,0
DA:262,0
DA:263,0
DA:264,0
DA:265,0
DA:266,0
DA:267,0
DA:268,0
DA:269,0
DA:270,0
DA:271,0
DA:272,0
DA:274,0
DA:277,0
DA:278,0
DA:280,1
DA:285,473
DA:290,59
DA:291,59
DA:295,58
DA:296,58
DA:297,40
DA:298,18
DA:299,0
DA:300,58
DA:301,58
DA:305,6
DA:306,2
DA:307,4
DA:308,4
DA:309,1
DA:310,3
DA:311,1
DA:312,2
DA:316,56
DA:317,56
DA:318,56
DA:320,6
DA:321,6
DA:323,0
DA:324,0
DA:326,0
DA:327,0
DA:329,2
DA:330,2
DA:332,0
DA:333,0
DA:335,0
DA:336,0
DA:338,0
DA:339,0
DA:341,0
DA:342,0
DA:344,9
DA:345,9
DA:347,8
DA:348,8
DA:350,0
DA:351,0
DA:353,0
DA:354,0
DA:356,0
DA:357,0
DA:359,0
DA:360,0
DA:362,6
DA:363,6
DA:365,0
DA:366,0
DA:369,2
DA:370,2
DA:372,22
DA:373,22
DA:375,1
DA:377,56
DA:378,56
LF:222
LH:108
BRDA:1,1,0,216
BRDA:1,1,1,216
BRDA:1,2,0,216
BRDA:1,2,1,0
BRDA:1,3,0,12
BRDA:1,3,1,0
BRDA:1,4,0,0
BRDA:1,4,1,12
BRDA:15,5,0,12
BRDA:15,5,1,0
BRDA:15,6,0,12
BRDA:15,6,1,12
BRDA:15,7,0,0
BRDA:15,7,1,0
BRDA:15,8,0,0
BRDA:15,8,1,0
BRDA:15,9,0,24
BRDA:15,9,1,0
BRDA:15,10,0,24
BRDA:15,10,1,24
BRDA:15,11,0,0
BRDA:15,11,1,14
BRDA:61,12,0,2
BRDA:61,12,1,0
BRDA:63,13,0,0
BRDA:63,13,1,2
BRDA:74,14,0,0
BRDA:74,14,1,1
BRDA:77,15,0,1
BRDA:77,15,1,0
BRDA:77,16,0,1
BRDA:77,16,1,1
BRDA:79,17,0,0
BRDA:79,17,1,0
BRDA:83,18,0,0
BRDA:83,18,1,0
BRDA:94,19,0,1
BRDA:94,19,1,0
BRDA:96,20,0,0
BRDA:96,20,1,1
BRDA:107,21,0,1
BRDA:107,21,1,0
BRDA:107,22,0,1
BRDA:107,22,1,0
BRDA:124,23,0,30
BRDA:124,23,1,43
BRDA:124,24,0,73
BRDA:124,24,1,43
BRDA:130,25,0,4
BRDA:130,25,1,39
BRDA:132,26,0,6
BRDA:132,26,1,37
BRDA:135,27,0,0
BRDA:135,27,1,43
BRDA:135,28,0,43
BRDA:135,28,1,43
BRDA:137,29,0,43
BRDA:137,29,1,0
BRDA:141,30,0,42
BRDA:141,30,1,1
BRDA:141,31,0,43
BRDA:141,31,1,43
BRDA:156,32,0,1
BRDA:156,32,1,0
BRDA:159,33,0,0
BRDA:159,33,1,0
BRDA:164,34,0,0
BRDA:164,34,1,0
BRDA:172,35,0,0
BRDA:172,35,1,0
BRDA:177,36,0,0
BRDA:177,36,1,0
BRDA:178,37,0,0
BRDA:178,37,1,0
BRDA:184,38,0,0
BRDA:184,38,1,0
BRDA:197,39,0,1
BRDA:197,39,1,0
BRDA:207,40,0,1
BRDA:207,40,1,0
BRDA:210,41,0,0
BRDA:210,41,1,0
BRDA:211,42,0,0
BRDA:211,42,1,0
BRDA:216,43,0,0
BRDA:216,43,1,0
BRDA:220,44,0,0
BRDA:220,44,1,0
BRDA:220,45,0,0
BRDA:220,45,1,0
BRDA:224,46,0,0
BRDA:224,46,1,0
BRDA:224,47,0,0
BRDA:224,47,1,0
BRDA:230,48,0,0
BRDA:230,48,1,0
BRDA:230,49,0,0
BRDA:230,49,1,0
BRDA:238,50,0,0
BRDA:238,50,1,0
BRDA:252,51,0,0
BRDA:252,51,1,0
BRDA:256,52,0,0
BRDA:256,52,1,0
BRDA:259,53,0,0
BRDA:259,53,1,0
BRDA:263,54,0,0
BRDA:263,54,1,0
BRDA:267,55,0,0
BRDA:267,55,1,0
BRDA:270,56,0,0
BRDA:270,56,1,0
BRDA:277,57,0,0
BRDA:277,57,1,0
BRDA:277,58,0,0
BRDA:277,58,1,0
BRDA:296,59,0,40
BRDA:296,59,1,18
BRDA:298,60,0,0
BRDA:298,60,1,18
BRDA:305,61,0,2
BRDA:305,61,1,4
BRDA:305,62,0,6
BRDA:305,62,1,5
BRDA:308,63,0,1
BRDA:308,63,1,3
BRDA:310,64,0,1
BRDA:310,64,1,2
BRDA:318,65,0,6
BRDA:318,65,1,0
BRDA:318,65,2,0
BRDA:318,65,3,2
BRDA:318,65,4,0
BRDA:318,65,5,0
BRDA:318,65,6,0
BRDA:318,65,7,0
BRDA:318,65,8,9
BRDA:318,65,9,8
BRDA:318,65,10,0
BRDA:318,65,11,0
BRDA:318,65,12,0
BRDA:318,65,13,0
BRDA:318,65,14,6
BRDA:318,65,15,0
BRDA:318,65,16,0
BRDA:318,65,17,2
BRDA:318,65,18,22
BRDA:318,65,19,1
BRF:148
BRH:60
end_of_record
TN:
SF:/Users/lebui/equix/src/lib/base/RabbitMQClient.js
FN:1,(anonymous_1)
FN:1,defineProperties
FN:1,(anonymous_3)
FN:5,_interopRequireDefault
FN:5,_classCallCheck
FN:24,(anonymous_6)
FN:26,RabbitMQClient
FN:29,connect
FN:49,reconnect
FN:62,isNotLogedOn
FN:66,updateQueue
FN:77,disconnect
FN:91,clientOnConnect
FN:112,clientOnError
FN:120,clientOnReceved
FN:126,sendMessage
FN:144,genarateQueue
FN:149,getConnected
FN:153,getChangedQueue
FN:157,getExchange
FN:161,getReceiveTopic
FNF:21
FNH:20
FNDA:13,(anonymous_1)
FNDA:13,defineProperties
FNDA:13,(anonymous_3)
FNDA:26,_interopRequireDefault
FNDA:16,_classCallCheck
FNDA:13,(anonymous_6)
FNDA:16,RabbitMQClient
FNDA:13,connect
FNDA:0,reconnect
FNDA:1,isNotLogedOn
FNDA:1,updateQueue
FNDA:4,disconnect
FNDA:1,clientOnConnect
FNDA:1,clientOnError
FNDA:1,clientOnReceved
FNDA:45,sendMessage
FNDA:14,genarateQueue
FNDA:1,getConnected
FNDA:44,getChangedQueue
FNDA:57,getExchange
FNDA:44,getReceiveTopic
DA:1,182
DA:3,13
DA:4,13
DA:5,26
DA:10,13
DA:11,13
DA:12,13
DA:22,13
DA:26,16
DA:27,16
DA:28,0
DA:29,16
DA:33,13
DA:34,13
DA:35,0
DA:37,13
DA:38,13
DA:43,13
DA:45,13
DA:46,13
DA:47,13
DA:48,13
DA:49,13
DA:54,0
DA:55,0
DA:56,0
DA:58,0
DA:59,0
DA:60,0
DA:61,0
DA:62,0
DA:66,1
DA:70,1
DA:71,0
DA:72,0
DA:74,1
DA:75,0
DA:76,0
DA:77,0
DA:82,4
DA:83,4
DA:84,0
DA:85,0
DA:86,0
DA:88,0
DA:89,0
DA:90,0
DA:91,0
DA:96,1
DA:97,1
DA:98,1
DA:99,0
DA:100,0
DA:102,1
DA:103,0
DA:104,0
DA:105,0
DA:106,0
DA:107,0
DA:109,0
DA:110,0
DA:112,1
DA:118,1
DA:119,1
DA:120,0
DA:124,1
DA:125,1
DA:126,0
DA:130,45
DA:131,45
DA:132,0
DA:133,0
DA:134,0
DA:139,0
DA:140,0
DA:142,0
DA:144,0
DA:148,14
DA:149,14
DA:153,1
DA:157,44
DA:161,57
DA:165,44
LF:83
LH:43
BRDA:1,1,0,182
BRDA:1,1,1,182
BRDA:1,2,0,182
BRDA:1,2,1,0
BRDA:1,3,0,13
BRDA:1,3,1,0
BRDA:1,4,0,0
BRDA:1,4,1,13
BRDA:5,5,0,0
BRDA:5,5,1,26
BRDA:5,6,0,26
BRDA:5,6,1,26
BRDA:5,7,0,0
BRDA:5,7,1,16
BRDA:27,8,0,0
BRDA:27,8,1,16
BRDA:34,9,0,0
BRDA:34,9,1,13
BRDA:37,10,0,13
BRDA:37,10,1,0
BRDA:54,11,0,0
BRDA:54,11,1,0
BRDA:70,12,0,0
BRDA:70,12,1,1
BRDA:74,13,0,0
BRDA:74,13,1,1
BRDA:82,14,0,0
BRDA:82,14,1,4
BRDA:83,15,0,0
BRDA:83,15,1,4
BRDA:84,16,0,0
BRDA:84,16,1,0
BRDA:98,17,0,0
BRDA:98,17,1,1
BRDA:103,18,0,0
BRDA:103,18,1,0
BRDA:103,19,0,0
BRDA:103,19,1,0
BRDA:109,20,0,0
BRDA:109,20,1,0
BRDA:119,21,0,0
BRDA:119,21,1,1
BRDA:125,22,0,0
BRDA:125,22,1,1
BRDA:131,23,0,45
BRDA:131,23,1,0
BRDA:132,24,0,0
BRDA:132,24,1,0
BRF:48
BRH:20
end_of_record
TN:
SF:/Users/lebui/equix/src/lib/config.js
FNF:0
FNH:0
DA:1,14
LF:1
LH:1
BRF:0
BRH:0
end_of_record
TN:
SF:/Users/lebui/equix/src/lib/base/PartialMessageStorage.js
FN:1,(anonymous_1)
FN:1,defineProperties
FN:1,(anonymous_3)
FN:1,_classCallCheck
FN:1,(anonymous_5)
FN:2,PartialMessageStorage
FN:5,getMessageData
FN:8,appendMessage
FNF:8
FNH:8
FNDA:13,(anonymous_1)
FNDA:13,defineProperties
FNDA:13,(anonymous_3)
FNDA:7,_classCallCheck
FNDA:13,(anonymous_5)
FNDA:7,PartialMessageStorage
FNDA:1,getMessageData
FNDA:6,appendMessage
DA:1,26
DA:2,13
DA:3,7
DA:4,7
DA:5,13
DA:8,1
DA:11,6
DA:12,1
DA:13,1
DA:15,5
DA:16,2
DA:17,2
DA:19,3
DA:20,1
DA:21,1
DA:23,2
DA:24,2
DA:25,13
LF:18
LH:18
BRDA:1,1,0,26
BRDA:1,1,1,26
BRDA:1,2,0,26
BRDA:1,2,1,0
BRDA:1,3,0,13
BRDA:1,3,1,0
BRDA:1,4,0,0
BRDA:1,4,1,13
BRDA:1,5,0,0
BRDA:1,5,1,7
BRDA:11,6,0,1
BRDA:11,6,1,5
BRDA:15,7,0,2
BRDA:15,7,1,3
BRDA:15,8,0,5
BRDA:15,8,1,4
BRDA:19,9,0,1
BRDA:19,9,1,2
BRF:18
BRH:14
end_of_record
TN:
SF:/Users/lebui/equix/src/__mocks__/react-native.js
FN:1,(anonymous_1)
FN:1,defineProperties
FN:1,(anonymous_3)
FN:1,_classCallCheck
FN:1,_possibleConstructorReturn
FN:1,_inherits
FN:21,create
FN:25,(anonymous_8)
FN:25,View
FN:25,render
FN:28,(anonymous_11)
FN:28,PixelRatio
FN:28,get
FNF:13
FNH:6
FNDA:1,(anonymous_1)
FNDA:2,defineProperties
FNDA:2,(anonymous_3)
FNDA:0,_classCallCheck
FNDA:0,_possibleConstructorReturn
FNDA:2,_inherits
FNDA:0,create
FNDA:1,(anonymous_8)
FNDA:0,View
FNDA:0,render
FNDA:1,(anonymous_11)
FNDA:0,PixelRatio
FNDA:0,get
DA:1,2
DA:12,1
DA:13,1
DA:20,1
DA:22,1
DA:25,1
DA:26,1
DA:28,1
DA:29,1
DA:36,1
DA:37,1
DA:38,1
DA:39,1
DA:40,1
DA:41,1
DA:42,1
DA:43,1
DA:44,1
DA:45,1
DA:47,1
DA:48,1
LF:21
LH:21
BRDA:1,1,0,2
BRDA:1,1,1,2
BRDA:1,2,0,2
BRDA:1,2,1,0
BRDA:1,3,0,1
BRDA:1,3,1,1
BRDA:1,4,0,1
BRDA:1,4,1,1
BRDA:1,5,0,0
BRDA:1,5,1,0
BRDA:1,6,0,0
BRDA:1,6,1,0
BRDA:1,7,0,0
BRDA:1,7,1,0
BRDA:1,8,0,0
BRDA:1,8,1,0
BRDA:1,8,2,0
BRDA:1,9,0,0
BRDA:1,9,1,2
BRDA:1,10,0,2
BRDA:1,10,1,0
BRDA:1,11,0,2
BRDA:1,11,1,2
BRDA:1,12,0,2
BRDA:1,12,1,0
BRDA:1,13,0,2
BRDA:1,13,1,0
BRF:27
BRH:13
end_of_record
TN:
SF:/Users/lebui/equix/src/components/FormTestView.js
FN:1,(anonymous_1)
FN:1,defineProperties
FN:1,(anonymous_3)
FN:1,_interopRequireDefault
FN:1,_classCallCheck
FN:1,_possibleConstructorReturn
FN:1,_inherits
FN:5,(anonymous_8)
FN:7,FormTestView
FN:8,render
FNF:10
FNH:10
FNDA:1,(anonymous_1)
FNDA:1,defineProperties
FNDA:1,(anonymous_3)
FNDA:1,_interopRequireDefault
FNDA:2,_classCallCheck
FNDA:2,_possibleConstructorReturn
FNDA:1,_inherits
FNDA:1,(anonymous_8)
FNDA:2,FormTestView
FNDA:2,render
DA:1,2
DA:5,1
DA:7,2
DA:8,1
DA:12,2
DA:13,2
DA:14,1
DA:20,1
LF:8
LH:8
BRDA:1,1,0,1
BRDA:1,1,1,1
BRDA:1,2,0,1
BRDA:1,2,1,0
BRDA:1,3,0,1
BRDA:1,3,1,0
BRDA:1,4,0,0
BRDA:1,4,1,1
BRDA:1,5,0,0
BRDA:1,5,1,1
BRDA:1,6,0,1
BRDA:1,6,1,1
BRDA:1,7,0,0
BRDA:1,7,1,2
BRDA:1,8,0,0
BRDA:1,8,1,2
BRDA:1,9,0,0
BRDA:1,9,1,2
BRDA:1,10,0,2
BRDA:1,10,1,0
BRDA:1,10,2,0
BRDA:1,11,0,0
BRDA:1,11,1,1
BRDA:1,12,0,1
BRDA:1,12,1,0
BRDA:1,13,0,1
BRDA:1,13,1,1
BRDA:1,14,0,1
BRDA:1,14,1,0
BRDA:1,15,0,1
BRDA:1,15,1,0
BRF:31
BRH:18
end_of_record
TN:
SF:/Users/lebui/equix/src/lib/constants.js
FN:1,_interopRequireDefault
FNF:1
FNH:1
FNDA:17,_interopRequireDefault
DA:1,17
LF:1
LH:1
BRDA:1,1,0,0
BRDA:1,1,1,17
BRDA:1,2,0,17
BRDA:1,2,1,17
BRF:4
BRH:3
end_of_record
TN:
SF:/Users/lebui/equix/src/reducers/auth/authReducer.js
FN:63,authReducer
FNF:1
FNH:1
FNDA:11,authReducer
DA:1,1
DA:63,11
DA:64,11
DA:65,11
DA:66,11
DA:72,1
DA:76,1
DA:79,1
DA:85,1
DA:86,1
DA:90,1
DA:97,1
DA:98,1
DA:108,1
DA:112,1
DA:113,1
DA:116,1
DA:117,1
DA:118,1
DA:122,1
DA:131,1
DA:143,1
DA:151,1
DA:159,1
DA:166,1
DA:171,1
LF:26
LH:26
BRDA:63,1,0,11
BRDA:63,1,1,0
BRDA:63,2,0,11
BRDA:63,2,1,11
BRDA:64,3,0,0
BRDA:64,3,1,11
BRDA:66,4,0,1
BRDA:66,4,1,1
BRDA:66,4,2,1
BRDA:66,4,3,1
BRDA:66,4,4,1
BRDA:66,4,5,1
BRDA:66,4,6,1
BRDA:66,4,7,1
BRDA:66,4,8,1
BRDA:66,4,9,1
BRF:16
BRH:14
end_of_record
TN:
SF:/Users/lebui/equix/src/reducers/auth/authInitialState.js
FNF:0
FNH:0
DA:1,3
DA:17,3
DA:27,3
DA:49,3
DA:50,3
LF:5
LH:5
BRF:0
BRH:0
end_of_record
TN:
SF:/Users/lebui/equix/src/lib/fieldValidation.js
FN:70,_interopRequireDefault
FN:70,fieldValidation
FNF:2
FNH:2
FNDA:4,_interopRequireDefault
FNDA:6,fieldValidation
DA:1,2
DA:70,6
DA:71,6
DA:72,6
DA:78,3
DA:79,3
DA:80,3
DA:81,2
DA:83,3
DA:84,1
DA:86,1
DA:87,1
DA:89,2
DA:91,2
DA:92,2
DA:94,0
DA:103,2
DA:105,2
DA:106,2
DA:107,2
DA:108,2
DA:110,0
DA:112,2
DA:113,2
DA:115,3
LF:25
LH:23
BRDA:70,1,0,0
BRDA:70,1,1,4
BRDA:70,2,0,4
BRDA:70,2,1,4
BRDA:72,3,0,3
BRDA:72,3,1,2
BRDA:80,4,0,2
BRDA:80,4,1,1
BRDA:80,5,0,3
BRDA:80,5,1,3
BRDA:83,6,0,1
BRDA:83,6,1,2
BRDA:107,7,0,2
BRDA:107,7,1,0
BRF:14
BRH:12
end_of_record
TN:
SF:/Users/lebui/equix/src/reducers/auth/authFormValidation.js
FN:28,formValidation
FNF:1
FNH:1
FNDA:7,formValidation
DA:1,2
DA:28,2
DA:29,7
DA:30,7
DA:35,1
DA:36,1
DA:37,1
DA:42,2
DA:43,2
DA:47,1
DA:50,1
DA:53,2
DA:54,2
DA:57,3
DA:61,3
DA:62,2
DA:63,2
DA:67,3
DA:69,3
DA:70,3
DA:76,1
LF:21
LH:21
BRDA:29,1,0,6
BRDA:29,1,1,1
BRDA:30,2,0,1
BRDA:30,2,1,2
BRDA:30,2,2,1
BRDA:30,2,3,3
BRDA:43,3,0,1
BRDA:43,3,1,1
BRDA:43,4,0,2
BRDA:43,4,1,1
BRDA:43,4,2,1
BRDA:43,4,3,1
BRDA:57,5,0,3
BRDA:57,5,1,2
BRDA:57,5,2,2
BRDA:57,5,3,2
BRDA:61,6,0,2
BRDA:61,6,1,1
BRDA:61,7,0,3
BRDA:61,7,1,2
BRDA:62,8,0,2
BRDA:62,8,1,0
BRF:22
BRH:21
end_of_record
TN:
SF:/Users/lebui/equix/src/lib/base/DateTime.js
FN:245,_interopRequireDefault
FN:245,getFullDateTimeFormat
FN:245,getDateFormat
FN:245,getTimeFormat
FN:245,getFullFileSaverDateTimeFormat
FN:245,format
FN:245,getdayOfWeek
FN:245,isValidDate
FN:245,validateDateWithFormat
FN:245,convertToDateWithFormat
FN:245,convertToDatetime
FN:245,dateDiff
FN:245,timeDiff
FN:245,getDateOnly
FN:245,getMiliSeconds
FN:245,convertToUTCTime
FN:245,getCurrentYear
FN:245,inRange
FN:245,compareDateTime
FN:245,compareDate
FN:245,getStartOfMonth
FN:245,getEndOfMonth
FN:245,convertToDate
FN:245,addSecondsToTime
FN:245,addDaysToTime
FN:245,addWeekToTime
FN:245,addMonthsToTime
FN:245,convertToLocalTime
FN:245,convertToLocalTimeString
FN:245,getDateString
FN:245,getTimeString
FN:245,getDateTimeFullString
FNF:32
FNH:32
FNDA:8,_interopRequireDefault
FNDA:31,getFullDateTimeFormat
FNDA:20,getDateFormat
FNDA:4,getTimeFormat
FNDA:18,getFullFileSaverDateTimeFormat
FNDA:1,format
FNDA:1,getdayOfWeek
FNDA:3,isValidDate
FNDA:3,validateDateWithFormat
FNDA:3,convertToDateWithFormat
FNDA:14,convertToDatetime
FNDA:1,dateDiff
FNDA:1,timeDiff
FNDA:1,getDateOnly
FNDA:1,getMiliSeconds
FNDA:2,convertToUTCTime
FNDA:1,getCurrentYear
FNDA:3,inRange
FNDA:5,compareDateTime
FNDA:6,compareDate
FNDA:1,getStartOfMonth
FNDA:1,getEndOfMonth
FNDA:1,convertToDate
FNDA:1,addSecondsToTime
FNDA:1,addDaysToTime
FNDA:1,addWeekToTime
FNDA:1,addMonthsToTime
FNDA:2,convertToLocalTime
FNDA:1,convertToLocalTimeString
FNDA:3,getDateString
FNDA:3,getTimeString
FNDA:14,getDateTimeFullString
DA:1,8
DA:12,8
DA:17,8
DA:22,8
DA:27,8
DA:32,8
DA:37,8
DA:42,8
DA:51,8
DA:64,8
DA:76,8
DA:88,8
DA:93,8
DA:98,8
DA:103,8
DA:108,8
DA:113,8
DA:120,8
DA:136,8
DA:150,8
DA:158,8
DA:166,8
DA:177,8
DA:193,8
DA:197,8
DA:201,8
DA:205,8
DA:209,8
DA:214,8
DA:220,8
DA:234,8
DA:245,31
DA:246,14
DA:247,13
DA:249,1
DA:254,12
LF:36
LH:36
BRDA:245,1,0,0
BRDA:245,1,1,8
BRDA:245,2,0,8
BRDA:245,2,1,8
BRDA:245,3,0,1
BRDA:245,3,1,2
BRDA:245,4,0,1
BRDA:245,4,1,1
BRDA:245,5,0,2
BRDA:245,5,1,1
BRDA:245,6,0,2
BRDA:245,6,1,1
BRDA:245,7,0,1
BRDA:245,7,1,2
BRDA:245,8,0,1
BRDA:245,8,1,1
BRDA:245,9,0,0
BRDA:245,9,1,1
BRDA:245,10,0,1
BRDA:245,10,1,1
BRDA:245,11,0,3
BRDA:245,11,1,2
BRDA:245,12,0,1
BRDA:245,12,1,1
BRDA:245,13,0,4
BRDA:245,13,1,2
BRDA:245,14,0,1
BRDA:245,14,1,1
BRDA:245,15,0,1
BRDA:245,15,1,0
BRDA:245,16,0,1
BRDA:245,16,1,0
BRDA:245,17,0,1
BRDA:245,17,1,0
BRDA:245,18,0,0
BRDA:245,18,1,1
BRDA:245,19,0,0
BRDA:245,19,1,1
BRDA:245,20,0,1
BRDA:245,20,1,1
BRDA:245,21,0,1
BRDA:245,21,1,2
BRDA:245,22,0,1
BRDA:245,22,1,1
BRDA:245,23,0,2
BRDA:245,23,1,1
BRDA:245,24,0,1
BRDA:245,24,1,2
BRDA:245,25,0,1
BRDA:245,25,1,1
BRDA:245,26,0,2
BRDA:245,26,1,1
BRDA:246,27,0,1
BRDA:246,27,1,13
BRDA:247,28,0,1
BRDA:247,28,1,12
BRDA:247,29,0,13
BRDA:247,29,1,12
BRF:58
BRH:51
end_of_record
TN:
SF:/Users/lebui/equix/src/__mocks__/react-native-router-flux.js
FN:3,(anonymous_1)
FN:4,(anonymous_2)
FN:5,(anonymous_3)
FNF:3
FNH:0
FNDA:0,(anonymous_1)
FNDA:0,(anonymous_2)
FNDA:0,(anonymous_3)
DA:1,8
LF:1
LH:1
BRF:0
BRH:0
end_of_record
TN:
SF:/Users/lebui/equix/src/reducers/mocks/Store.js
FN:13,_interopRequireDefault
FNF:1
FNH:1
FNDA:18,_interopRequireDefault
DA:12,9
DA:13,18
DA:15,9
DA:23,9
DA:25,9
LF:5
LH:5
BRDA:13,1,0,9
BRDA:13,1,1,9
BRDA:13,2,0,18
BRDA:13,2,1,18
BRF:4
BRH:4
end_of_record
TN:
SF:/Users/lebui/equix/src/reducers/auth/authActions.js
FN:312,logoutState
FN:312,loginState
FN:312,logoutRequest
FN:312,logoutSuccess
FN:312,callbaclLogout
FN:312,logout
FN:312,(anonymous_7)
FN:312,onAuthFormFieldChange
FN:312,resendOtpPassWordSuccess
FN:312,resendOtpPassWordFail
FN:312,getSessionToken
FN:312,(anonymous_12)
FN:312,loginRequest
FN:312,resendSmsPassRequest
FN:312,loginSuccess
FN:312,loadUserLayout
FN:312,fisrtLoginSuccess
FN:312,loginFailure
FN:312,onBroadcastReceived
FN:312,callbackLogin
FN:312,callbackGetUserLayout
FN:312,callbackInitializeEnvironmentsWork
FN:312,callbackSecondLogin
FN:312,login
FN:312,(anonymous_25)
FN:312,(anonymous_26)
FN:312,resendSmsPassword
FN:312,(anonymous_28)
FN:312,callbackResednSmsPassword
FNF:29
FNH:28
FNDA:1,logoutState
FNDA:2,loginState
FNDA:1,logoutRequest
FNDA:2,logoutSuccess
FNDA:1,callbaclLogout
FNDA:1,logout
FNDA:1,(anonymous_7)
FNDA:1,onAuthFormFieldChange
FNDA:2,resendOtpPassWordSuccess
FNDA:2,resendOtpPassWordFail
FNDA:1,getSessionToken
FNDA:1,(anonymous_12)
FNDA:11,loginRequest
FNDA:1,resendSmsPassRequest
FNDA:1,loginSuccess
FNDA:2,loadUserLayout
FNDA:2,fisrtLoginSuccess
FNDA:4,loginFailure
FNDA:1,onBroadcastReceived
FNDA:2,callbackLogin
FNDA:1,callbackGetUserLayout
FNDA:0,callbackInitializeEnvironmentsWork
FNDA:2,callbackSecondLogin
FNDA:10,login
FNDA:1,(anonymous_25)
FNDA:9,(anonymous_26)
FNDA:1,resendSmsPassword
FNDA:1,(anonymous_28)
FNDA:2,callbackResednSmsPassword
DA:1,1
DA:79,1
DA:87,1
DA:97,1
DA:103,1
DA:109,1
DA:113,1
DA:127,1
DA:137,1
DA:142,1
DA:150,1
DA:169,1
DA:175,1
DA:181,1
DA:187,1
DA:193,1
DA:200,1
DA:207,1
DA:222,1
DA:232,1
DA:249,1
DA:260,1
DA:271,1
DA:301,1
DA:312,11
DA:313,2
DA:314,2
DA:315,1
DA:317,1
LF:29
LH:29
BRDA:312,1,0,1
BRDA:312,1,1,0
BRDA:312,2,0,0
BRDA:312,2,1,1
BRDA:312,3,0,0
BRDA:312,3,1,1
BRDA:312,4,0,1
BRDA:312,4,1,0
BRDA:312,5,0,1
BRDA:312,5,1,0
BRDA:312,6,0,1
BRDA:312,6,1,0
BRDA:312,7,0,2
BRDA:312,7,1,0
BRDA:312,8,0,1
BRDA:312,8,1,1
BRDA:312,9,0,1
BRDA:312,9,1,0
BRDA:312,10,0,0
BRDA:312,10,1,1
BRDA:312,11,0,1
BRDA:312,11,1,0
BRDA:312,12,0,0
BRDA:312,12,1,0
BRDA:312,13,0,0
BRDA:312,13,1,0
BRDA:312,14,0,0
BRDA:312,14,1,0
BRDA:312,15,0,0
BRDA:312,15,1,1
BRDA:312,16,0,1
BRDA:312,16,1,0
BRDA:312,17,0,0
BRDA:312,17,1,0
BRDA:312,18,0,0
BRDA:312,18,1,0
BRDA:312,19,0,2
BRDA:312,19,1,0
BRDA:312,20,0,1
BRDA:312,20,1,1
BRDA:312,21,0,1
BRDA:312,21,1,9
BRDA:312,22,0,1
BRDA:312,22,1,0
BRDA:312,23,0,9
BRDA:312,23,1,0
BRDA:313,24,0,2
BRDA:313,24,1,0
BRDA:314,25,0,1
BRDA:314,25,1,1
BRF:50
BRH:24
end_of_record
TN:
SF:/Users/lebui/equix/src/lib/__mocks__/BackendFactory.js
FN:13,BackendFactory
FNF:1
FNH:1
FNDA:5,BackendFactory
DA:1,2
DA:13,5
DA:14,5
LF:3
LH:3
BRDA:13,1,0,4
BRDA:13,1,1,1
BRDA:13,2,0,5
BRDA:13,2,1,1
BRF:4
BRH:4
end_of_record
TN:
SF:/Users/lebui/equix/src/lib/__mocks__/Backend.js
FN:1,(anonymous_1)
FN:1,defineProperties
FN:1,(anonymous_3)
FN:1,_classCallCheck
FN:15,(anonymous_5)
FN:22,Backend
FN:29,logout
FN:29,logout$
FN:36,login
FN:36,login$
FN:43,signup
FN:43,signup$
FN:50,resetPassword
FN:50,resetPassword$
FN:57,getProfile
FN:57,getProfile$
FN:64,updateProfile
FN:64,updateProfile$
FNF:18
FNH:18
FNDA:3,(anonymous_1)
FNDA:3,defineProperties
FNDA:3,(anonymous_3)
FNDA:7,_classCallCheck
FNDA:3,(anonymous_5)
FNDA:7,Backend
FNDA:1,logout
FNDA:1,logout$
FNDA:1,login
FNDA:1,login$
FNDA:1,signup
FNDA:1,signup$
FNDA:1,resetPassword
FNDA:1,resetPassword$
FNDA:1,getProfile
FNDA:1,getProfile$
FNDA:1,updateProfile
FNDA:1,updateProfile$
DA:1,18
DA:13,3
DA:22,7
DA:23,7
DA:26,7
DA:29,7
DA:36,1
DA:43,1
DA:50,1
DA:57,1
DA:64,1
DA:71,3
LF:12
LH:12
BRDA:1,1,0,18
BRDA:1,1,1,18
BRDA:1,2,0,18
BRDA:1,2,1,0
BRDA:1,3,0,3
BRDA:1,3,1,0
BRDA:1,4,0,0
BRDA:1,4,1,3
BRDA:1,5,0,0
BRDA:1,5,1,7
BRDA:29,6,0,1
BRDA:29,6,1,0
BRDA:29,6,2,0
BRDA:29,6,3,0
BRDA:36,7,0,1
BRDA:36,7,1,0
BRDA:36,7,2,0
BRDA:36,7,3,0
BRDA:43,8,0,1
BRDA:43,8,1,0
BRDA:43,8,2,0
BRDA:43,8,3,0
BRDA:50,9,0,1
BRDA:50,9,1,0
BRDA:50,9,2,0
BRDA:50,9,3,0
BRDA:57,10,0,1
BRDA:57,10,1,0
BRDA:57,10,2,0
BRDA:57,10,3,0
BRDA:64,11,0,1
BRDA:64,11,1,0
BRDA:64,11,2,0
BRDA:64,11,3,0
BRF:34
BRH:12
end_of_record
TN:
SF:/Users/lebui/equix/src/lib/QuantEdge.js
FN:1,(anonymous_1)
FN:1,defineProperties
FN:1,(anonymous_3)
FN:5,_interopRequireDefault
FN:5,_classCallCheck
FN:9,(anonymous_6)
FN:11,QuantEdge
FN:15,login
FN:21,secondLogin
FN:28,logout
FN:32,resendOtpPassword
FN:38,initializeEnvironmentsWork
FN:42,getListTradingDeal
FN:54,requestGetListMemberSymbolMapping
FN:58,requestGetUserLayout
FN:61,requestUpdateUserLayout
FN:64,requestPriceSubscribeRequest
FN:67,requestUpdateUserInfo
FN:70,requestGetListBussinessInfo
FN:73,requestGetListAccount
FN:76,requestGetListSymbol
FN:79,requestNewOrderSingle
FN:82,requestCancelOrder
FN:85,requestUpdateOrder
FNF:24
FNH:23
FNDA:9,(anonymous_1)
FNDA:9,defineProperties
FNDA:9,(anonymous_3)
FNDA:9,_interopRequireDefault
FNDA:11,_classCallCheck
FNDA:9,(anonymous_6)
FNDA:11,QuantEdge
FNDA:10,login
FNDA:2,secondLogin
FNDA:2,logout
FNDA:2,resendOtpPassword
FNDA:2,initializeEnvironmentsWork
FNDA:6,getListTradingDeal
FNDA:1,requestGetListMemberSymbolMapping
FNDA:1,requestGetUserLayout
FNDA:1,requestUpdateUserLayout
FNDA:19,requestPriceSubscribeRequest
FNDA:2,requestUpdateUserInfo
FNDA:2,requestGetListBussinessInfo
FNDA:14,requestGetListAccount
FNDA:5,requestGetListSymbol
FNDA:1,requestNewOrderSingle
FNDA:0,requestCancelOrder
FNDA:1,requestUpdateOrder
DA:1,153
DA:5,11
DA:6,9
DA:7,9
DA:11,11
DA:12,11
DA:13,9
DA:15,9
DA:19,10
DA:20,10
DA:21,10
DA:25,2
DA:26,2
DA:27,2
DA:28,2
DA:32,2
DA:36,2
DA:37,2
DA:38,2
DA:42,2
DA:46,6
DA:47,6
DA:48,6
DA:49,6
DA:50,6
DA:51,6
DA:52,6
DA:53,6
DA:54,6
DA:57,1
DA:58,1
DA:61,1
DA:64,1
DA:67,19
DA:70,2
DA:73,2
DA:76,14
DA:79,5
DA:82,1
DA:85,0
DA:88,9
LF:41
LH:40
BRDA:1,1,0,153
BRDA:1,1,1,153
BRDA:1,2,0,153
BRDA:1,2,1,0
BRDA:1,3,0,9
BRDA:1,3,1,0
BRDA:1,4,0,0
BRDA:1,4,1,9
BRDA:5,5,0,9
BRDA:5,5,1,0
BRDA:5,6,0,9
BRDA:5,6,1,9
BRDA:5,7,0,0
BRDA:5,7,1,11
BRDA:12,8,0,9
BRDA:12,8,1,2
BRF:16
BRH:11
end_of_record
TN:
SF:/Users/lebui/equix/src/lib/base/RequestManager.js
FN:1,(anonymous_1)
FN:1,defineProperties
FN:1,(anonymous_3)
FN:6,_interopRequireWildcard
FN:6,_interopRequireDefault
FN:6,_classCallCheck
FN:10,(anonymous_7)
FN:11,RequestManager
FN:18,requestFirstLogin
FN:26,requestSecondLogin
FN:35,requestResendOtpPassword
FN:43,requestLogout
FN:48,requestInitializeEnvironmentsWork
FN:54,requestGetListTradingDeal
FN:60,requestGetListMemberSymbolMapping
FN:65,requestGetUserLayout
FN:71,requestUpdateUserLayout
FN:76,requestPriceSubscribeRequest
FN:81,requestGetListSymbol
FN:86,requestUpdateUserInfo
FN:92,requestNewOrderSingle
FN:98,requestGetListAccount
FN:104,requestGetListBussinessInfo
FN:111,requestCancelOrder
FN:116,requestUpdateOrder
FNF:25
FNH:24
FNDA:10,(anonymous_1)
FNDA:10,defineProperties
FNDA:10,(anonymous_3)
FNDA:10,_interopRequireWildcard
FNDA:20,_interopRequireDefault
FNDA:11,_classCallCheck
FNDA:10,(anonymous_7)
FNDA:11,RequestManager
FNDA:11,requestFirstLogin
FNDA:3,requestSecondLogin
FNDA:3,requestResendOtpPassword
FNDA:3,requestLogout
FNDA:3,requestInitializeEnvironmentsWork
FNDA:7,requestGetListTradingDeal
FNDA:2,requestGetListMemberSymbolMapping
FNDA:2,requestGetUserLayout
FNDA:2,requestUpdateUserLayout
FNDA:20,requestPriceSubscribeRequest
FNDA:6,requestGetListSymbol
FNDA:3,requestUpdateUserInfo
FNDA:1,requestNewOrderSingle
FNDA:14,requestGetListAccount
FNDA:2,requestGetListBussinessInfo
FNDA:0,requestCancelOrder
FNDA:1,requestUpdateOrder
DA:1,170
DA:4,10
DA:5,10
DA:6,20
DA:8,10
DA:11,11
DA:12,11
DA:13,10
DA:14,11
DA:15,8
DA:16,11
DA:17,11
DA:18,11
DA:22,11
DA:23,11
DA:24,11
DA:25,11
DA:26,11
DA:30,3
DA:31,3
DA:32,3
DA:33,3
DA:34,3
DA:35,3
DA:39,3
DA:40,3
DA:41,3
DA:42,3
DA:43,3
DA:47,3
DA:48,3
DA:52,3
DA:53,3
DA:54,3
DA:58,7
DA:59,7
DA:60,7
DA:63,2
DA:64,2
DA:65,2
DA:68,2
DA:69,2
DA:70,2
DA:71,2
DA:74,2
DA:75,2
DA:76,2
DA:79,20
DA:80,20
DA:81,20
DA:84,6
DA:85,6
DA:86,6
DA:90,3
DA:91,3
DA:92,3
DA:96,1
DA:97,1
DA:98,1
DA:102,14
DA:103,14
DA:104,14
DA:109,2
DA:110,2
DA:111,2
DA:114,0
DA:115,0
DA:116,0
DA:119,1
DA:120,1
DA:121,10
LF:71
LH:68
BRDA:1,1,0,170
BRDA:1,1,1,170
BRDA:1,2,0,170
BRDA:1,2,1,0
BRDA:1,3,0,10
BRDA:1,3,1,0
BRDA:1,4,0,0
BRDA:1,4,1,10
BRDA:6,5,0,10
BRDA:6,5,1,0
BRDA:6,6,0,10
BRDA:6,6,1,10
BRDA:6,7,0,0
BRDA:6,7,1,0
BRDA:6,8,0,0
BRDA:6,8,1,0
BRDA:6,9,0,20
BRDA:6,9,1,0
BRDA:6,10,0,20
BRDA:6,10,1,20
BRDA:6,11,0,0
BRDA:6,11,1,11
BRDA:12,12,0,10
BRDA:12,12,1,1
BRDA:14,13,0,8
BRDA:14,13,1,3
BRF:26
BRH:16
end_of_record
TN:
SF:/Users/lebui/equix/src/lib/__mocks__/AppAuthToken.js
FN:1,(anonymous_1)
FN:1,defineProperties
FN:1,(anonymous_3)
FN:1,_classCallCheck
FN:13,(anonymous_5)
FN:13,AppAuthToken
FN:13,getSessionToken
FN:13,getSessionToken$
FN:23,storeSessionToken
FN:23,storeSessionToken$
FN:32,deleteSessionToken
FN:32,deleteSessionToken$
FNF:12
FNH:12
FNDA:2,(anonymous_1)
FNDA:2,defineProperties
FNDA:2,(anonymous_3)
FNDA:2,_classCallCheck
FNDA:2,(anonymous_5)
FNDA:2,AppAuthToken
FNDA:1,getSessionToken
FNDA:1,getSessionToken$
FNDA:1,storeSessionToken
FNDA:1,storeSessionToken$
FNDA:1,deleteSessionToken
FNDA:1,deleteSessionToken$
DA:1,6
DA:12,2
DA:13,2
DA:23,1
DA:32,1
DA:38,2
LF:6
LH:6
BRDA:1,1,0,6
BRDA:1,1,1,6
BRDA:1,2,0,6
BRDA:1,2,1,0
BRDA:1,3,0,2
BRDA:1,3,1,0
BRDA:1,4,0,0
BRDA:1,4,1,2
BRDA:1,5,0,0
BRDA:1,5,1,2
BRDA:13,6,0,1
BRDA:13,6,1,0
BRDA:13,6,2,0
BRDA:13,6,3,0
BRDA:23,7,0,1
BRDA:23,7,1,0
BRDA:23,7,2,0
BRDA:23,7,3,0
BRDA:32,8,0,1
BRDA:32,8,1,0
BRDA:32,8,2,0
BRDA:32,8,3,0
BRF:22
BRH:9
end_of_record
TN:
SF:/Users/lebui/equix/src/reducers/OrderModify/OrderModifyAction.js
FN:169,getTextOrderType
FN:169,(anonymous_2)
FN:169,responsePriceSub
FN:169,responseAccount
FN:169,broadcastCurentPrice
FN:169,onBroadcastReceived
FN:169,callBackPriceSubscribeRequest
FN:169,callBackGetListAccountRequest
FN:169,getDataWapper
FN:169,loadingState
FN:169,unsubcribePrice
FN:169,subcribePrice
FN:169,(anonymous_13)
FN:169,(anonymous_14)
FN:169,requestUpdateOrder
FN:169,(anonymous_16)
FN:169,callbackNewOrderSingle
FN:169,responseNewOrderSingle
FNF:18
FNH:18
FNDA:5,getTextOrderType
FNDA:5,(anonymous_2)
FNDA:3,responsePriceSub
FNDA:2,responseAccount
FNDA:2,broadcastCurentPrice
FNDA:2,onBroadcastReceived
FNDA:1,callBackPriceSubscribeRequest
FNDA:1,callBackGetListAccountRequest
FNDA:3,getDataWapper
FNDA:9,loadingState
FNDA:1,unsubcribePrice
FNDA:8,subcribePrice
FNDA:7,(anonymous_13)
FNDA:1,(anonymous_14)
FNDA:1,requestUpdateOrder
FNDA:1,(anonymous_16)
FNDA:1,callbackNewOrderSingle
FNDA:2,responseNewOrderSingle
DA:1,1
DA:29,1
DA:44,1
DA:50,1
DA:56,1
DA:62,1
DA:82,1
DA:96,1
DA:110,1
DA:123,1
DA:129,1
DA:133,1
DA:153,1
DA:163,1
DA:169,9
DA:170,2
LF:16
LH:16
BRDA:169,1,0,1
BRDA:169,1,1,4
BRDA:169,2,0,1
BRDA:169,2,1,3
BRDA:169,3,0,1
BRDA:169,3,1,2
BRDA:169,4,0,1
BRDA:169,4,1,1
BRDA:169,5,0,2
BRDA:169,5,1,0
BRDA:169,6,0,2
BRDA:169,6,1,0
BRDA:169,7,0,2
BRDA:169,7,1,0
BRDA:169,8,0,1
BRDA:169,8,1,1
BRDA:169,9,0,0
BRDA:169,9,1,0
BRDA:169,10,0,0
BRDA:169,10,1,1
BRDA:169,11,0,1
BRDA:169,11,1,1
BRDA:169,12,0,1
BRDA:169,12,1,0
BRDA:169,13,0,2
BRDA:169,13,1,0
BRDA:169,14,0,1
BRDA:169,14,1,1
BRDA:169,15,0,0
BRDA:169,15,1,0
BRDA:169,16,0,1
BRDA:169,16,1,0
BRDA:169,17,0,2
BRDA:169,17,1,0
BRDA:169,18,0,1
BRDA:169,18,1,1
BRDA:169,19,0,0
BRDA:169,19,1,0
BRDA:169,20,0,7
BRDA:169,20,1,1
BRDA:169,21,0,8
BRDA:169,21,1,8
BRDA:169,21,2,8
BRDA:169,22,0,1
BRDA:169,22,1,0
BRF:45
BRH:30
end_of_record
TN:
SF:/Users/lebui/equix/src/lib/enum/ResourcesKeyEnum.js
FNF:0
FNH:0
DA:1,4
LF:1
LH:1
BRF:0
BRH:0
end_of_record
TN:
SF:/Users/lebui/equix/src/lib/enum/OrderTypeEnum.js
FNF:0
FNH:0
DA:1,1
LF:1
LH:1
BRF:0
BRH:0
end_of_record
TN:
SF:/Users/lebui/equix/src/reducers/orderList/orderListActions.js
FN:210,onRealTimeReceived
FN:210,loadingState
FN:210,responseState
FN:210,responseCancelOrderState
FN:210,realTimeState
FN:210,getListTradingDealRequest
FN:210,(anonymous_7)
FN:210,getDataWapper
FN:210,callBackGetListTradingDealRequest
FN:210,callbackCancelOrderRequest
FN:210,requestCancelOrder
FN:210,(anonymous_12)
FN:210,actionModifyClick
FN:211,(anonymous_14)
FNF:14
FNH:7
FNDA:0,onRealTimeReceived
FNDA:6,loadingState
FNDA:5,responseState
FNDA:0,responseCancelOrderState
FNDA:1,realTimeState
FNDA:5,getListTradingDealRequest
FNDA:5,(anonymous_7)
FNDA:5,getDataWapper
FNDA:4,callBackGetListTradingDealRequest
FNDA:0,callbackCancelOrderRequest
FNDA:0,requestCancelOrder
FNDA:0,(anonymous_12)
FNDA:0,actionModifyClick
FNDA:0,(anonymous_14)
DA:1,1
DA:36,1
DA:54,1
DA:59,1
DA:65,1
DA:71,1
DA:77,1
DA:105,1
DA:142,1
DA:194,1
DA:202,1
DA:210,9
DA:211,0
DA:212,0
DA:213,0
LF:15
LH:12
BRDA:210,1,0,1
BRDA:210,1,1,0
BRDA:210,2,0,0
BRDA:210,2,1,0
BRDA:210,3,0,0
BRDA:210,3,1,0
BRDA:210,4,0,0
BRDA:210,4,1,0
BRDA:210,5,0,0
BRDA:210,5,1,5
BRDA:210,6,0,5
BRDA:210,6,1,0
BRDA:210,7,0,9
BRDA:210,7,1,0
BRDA:210,8,0,5
BRDA:210,8,1,4
BRDA:210,9,0,0
BRDA:210,9,1,0
BRDA:210,10,0,2
BRDA:210,10,1,3
BRDA:210,11,0,1
BRDA:210,11,1,2
BRDA:210,12,0,3
BRDA:210,12,1,2
BRDA:210,13,0,2
BRDA:210,13,1,2
BRDA:210,14,0,2
BRDA:210,14,1,2
BRDA:210,15,0,6
BRDA:210,15,1,0
BRDA:210,16,0,4
BRDA:210,16,1,2
BRDA:210,17,0,0
BRDA:210,17,1,0
BRDA:210,18,0,2
BRDA:210,18,1,0
BRDA:210,19,0,8
BRDA:210,19,1,0
BRDA:210,20,0,4
BRDA:210,20,1,4
BRDA:210,21,0,0
BRDA:210,21,1,0
BRDA:210,22,0,1
BRDA:210,22,1,3
BRDA:210,23,0,2
BRDA:210,23,1,2
BRDA:210,24,0,1
BRDA:210,24,1,1
BRDA:210,25,0,2
BRDA:210,25,1,1
BRDA:210,26,0,4
BRDA:210,26,1,0
BRDA:210,27,0,0
BRDA:210,27,1,0
BRDA:212,28,0,0
BRDA:212,28,1,0
BRF:56
BRH:32
end_of_record
TN:
SF:/Users/lebui/equix/src/lib/enum/StateOrderEnum.js
FNF:0
FNH:0
DA:1,1
LF:1
LH:1
BRF:0
BRH:0
end_of_record
TN:
SF:/Users/lebui/equix/src/reducers/OrderDetail/OrderDetailAction.js
FN:168,getTextOrderType
FN:168,(anonymous_2)
FN:168,responsePriceSub
FN:168,responseAccount
FN:168,broadcastCurentPrice
FN:168,onBroadcastReceived
FN:168,callBackPriceSubscribeRequest
FN:168,callBackGetListAccountRequest
FN:168,getDataWapper
FN:168,loadingState
FN:168,unsubcribePrice
FN:168,subcribePrice
FN:168,(anonymous_13)
FN:168,(anonymous_14)
FN:168,requestNewOrderSingle
FN:168,(anonymous_16)
FN:168,callbackNewOrderSingle
FN:168,responseNewOrderSingle
FNF:18
FNH:18
FNDA:5,getTextOrderType
FNDA:5,(anonymous_2)
FNDA:3,responsePriceSub
FNDA:2,responseAccount
FNDA:2,broadcastCurentPrice
FNDA:2,onBroadcastReceived
FNDA:1,callBackPriceSubscribeRequest
FNDA:1,callBackGetListAccountRequest
FNDA:3,getDataWapper
FNDA:9,loadingState
FNDA:1,unsubcribePrice
FNDA:8,subcribePrice
FNDA:7,(anonymous_13)
FNDA:1,(anonymous_14)
FNDA:1,requestNewOrderSingle
FNDA:1,(anonymous_16)
FNDA:1,callbackNewOrderSingle
FNDA:2,responseNewOrderSingle
DA:1,1
DA:28,1
DA:43,1
DA:49,1
DA:55,1
DA:61,1
DA:81,1
DA:95,1
DA:109,1
DA:122,1
DA:128,1
DA:132,1
DA:152,1
DA:162,1
DA:168,9
DA:169,2
LF:16
LH:16
BRDA:168,1,0,1
BRDA:168,1,1,4
BRDA:168,2,0,1
BRDA:168,2,1,3
BRDA:168,3,0,1
BRDA:168,3,1,2
BRDA:168,4,0,1
BRDA:168,4,1,1
BRDA:168,5,0,2
BRDA:168,5,1,0
BRDA:168,6,0,2
BRDA:168,6,1,0
BRDA:168,7,0,2
BRDA:168,7,1,0
BRDA:168,8,0,1
BRDA:168,8,1,1
BRDA:168,9,0,0
BRDA:168,9,1,0
BRDA:168,10,0,0
BRDA:168,10,1,1
BRDA:168,11,0,1
BRDA:168,11,1,1
BRDA:168,12,0,1
BRDA:168,12,1,0
BRDA:168,13,0,2
BRDA:168,13,1,0
BRDA:168,14,0,1
BRDA:168,14,1,1
BRDA:168,15,0,0
BRDA:168,15,1,0
BRDA:168,16,0,1
BRDA:168,16,1,0
BRDA:168,17,0,2
BRDA:168,17,1,0
BRDA:168,18,0,1
BRDA:168,18,1,1
BRDA:168,19,0,0
BRDA:168,19,1,0
BRDA:168,20,0,7
BRDA:168,20,1,1
BRDA:168,21,0,8
BRDA:168,21,1,8
BRDA:168,21,2,8
BRDA:168,22,0,1
BRDA:168,22,1,0
BRF:45
BRH:30
end_of_record
TN:
SF:/Users/lebui/equix/src/reducers/WatchList/WatchListAction.js
FN:177,onBroadcastReceived
FN:177,responsePriceSub
FN:177,broadcastCurentPrice
FN:177,actionBuySellClick
FN:177,(anonymous_5)
FN:177,callBackPriceSubscribeRequest
FN:177,getDataWapper
FN:177,loadingState
FN:177,subcribePrice
FN:184,(anonymous_10)
FN:190,(anonymous_11)
FNF:11
FNH:10
FNDA:1,onBroadcastReceived
FNDA:3,responsePriceSub
FNDA:2,broadcastCurentPrice
FNDA:1,actionBuySellClick
FNDA:0,(anonymous_5)
FNDA:1,callBackPriceSubscribeRequest
FNDA:2,getDataWapper
FNDA:5,loadingState
FNDA:5,subcribePrice
FNDA:4,(anonymous_10)
FNDA:1,(anonymous_11)
DA:1,1
DA:49,1
DA:75,1
DA:81,1
DA:88,1
DA:100,1
DA:129,1
DA:171,1
DA:177,5
DA:178,5
DA:179,5
DA:180,5
DA:181,5
DA:183,5
DA:184,4
DA:185,4
DA:186,4
DA:187,4
DA:190,1
DA:191,1
DA:192,1
LF:21
LH:21
BRDA:177,1,0,1
BRDA:177,1,1,0
BRDA:177,2,0,1
BRDA:177,2,1,0
BRDA:177,3,0,1
BRDA:177,3,1,0
BRDA:177,4,0,2
BRDA:177,4,1,0
BRDA:177,5,0,1
BRDA:177,5,1,1
BRDA:177,6,0,0
BRDA:177,6,1,0
BRDA:177,7,0,0
BRDA:177,7,1,1
BRDA:177,8,0,1
BRDA:177,8,1,0
BRDA:177,9,0,0
BRDA:177,9,1,0
BRDA:177,10,0,1
BRDA:177,10,1,0
BRDA:177,11,0,2
BRDA:177,11,1,0
BRDA:177,12,0,1
BRDA:177,12,1,1
BRDA:177,13,0,0
BRDA:177,13,1,0
BRDA:177,14,0,1
BRDA:177,14,1,0
BRDA:177,15,0,0
BRDA:177,15,1,1
BRDA:177,16,0,0
BRDA:177,16,1,0
BRDA:177,17,0,0
BRDA:177,17,1,0
BRDA:177,18,0,0
BRDA:177,18,1,0
BRDA:177,19,0,0
BRDA:177,19,1,0
BRDA:177,20,0,0
BRDA:177,20,1,0
BRDA:177,21,0,0
BRDA:177,21,1,2
BRDA:177,22,0,0
BRDA:177,22,1,2
BRDA:177,23,0,0
BRDA:177,23,1,2
BRDA:183,24,0,4
BRDA:183,24,1,1
BRDA:183,25,0,5
BRDA:183,25,1,5
BRF:50
BRH:21
end_of_record
TN:
SF:/Users/lebui/equix/src/reducers/WatchList/WatchListActionInitialState.js
FNF:0
FNH:0
DA:1,1
DA:17,1
DA:27,1
DA:46,1
DA:47,1
LF:5
LH:5
BRF:0
BRH:0
end_of_record
TN:
SF:/Users/lebui/equix/src/reducers/WatchList/WatchListActionReducer.js
FN:27,orderListReducer
FN:45,(anonymous_2)
FNF:2
FNH:2
FNDA:4,orderListReducer
FNDA:1,(anonymous_2)
DA:1,1
DA:27,4
DA:28,4
DA:29,4
DA:30,4
DA:32,1
DA:33,1
DA:35,1
DA:37,1
DA:38,1
DA:39,0
DA:41,1
DA:42,1
DA:43,1
DA:44,2
DA:45,1
DA:46,1
DA:49,1
DA:50,1
DA:51,1
DA:55,1
DA:58,1
DA:59,1
DA:60,1
DA:64,1
LF:25
LH:24
BRDA:27,1,0,3
BRDA:27,1,1,1
BRDA:27,2,0,4
BRDA:27,2,1,4
BRDA:28,3,0,0
BRDA:28,3,1,4
BRDA:30,4,0,1
BRDA:30,4,1,1
BRDA:30,4,2,1
BRDA:44,5,0,2
BRDA:44,5,1,0
BRDA:44,6,0,1
BRDA:44,6,1,1
BRDA:44,7,0,0
BRDA:44,7,1,0
BRDA:49,8,0,1
BRDA:49,8,1,0
BRF:17
BRH:12
end_of_record
TN:
SF:/Users/lebui/equix/src/reducers/AddCode/AddCodeActions.js
FN:95,loadingState
FN:95,responseState
FN:95,responseUpdateUserLayoutState
FN:95,realTimeState
FN:95,onRealTimeReceived
FN:95,getListSymbolRequest
FN:95,(anonymous_7)
FN:95,updateUserLayoutRequest
FN:95,(anonymous_9)
FN:95,callBackUpdateUserLayoutRequest
FN:95,callBackGetListSymbolRequest
FNF:11
FNH:8
FNDA:5,loadingState
FNDA:3,responseState
FNDA:2,responseUpdateUserLayoutState
FNDA:1,realTimeState
FNDA:0,onRealTimeReceived
FNDA:4,getListSymbolRequest
FNDA:4,(anonymous_7)
FNDA:0,updateUserLayoutRequest
FNDA:0,(anonymous_9)
FNDA:1,callBackUpdateUserLayoutRequest
FNDA:2,callBackGetListSymbolRequest
DA:1,1
DA:36,1
DA:41,1
DA:47,1
DA:54,1
DA:60,1
DA:64,1
DA:75,1
DA:84,1
DA:95,5
DA:96,2
DA:97,2
DA:98,1
DA:101,2
DA:102,2
DA:103,2
DA:104,2
DA:105,2
DA:106,2
DA:107,2
DA:108,1
DA:109,3
DA:110,1
DA:115,4
DA:116,2
DA:117,1
DA:118,1
DA:120,2
DA:121,2
LF:29
LH:29
BRDA:95,1,0,1
BRDA:95,1,1,0
BRDA:95,2,0,0
BRDA:95,2,1,1
BRDA:95,3,0,1
BRDA:95,3,1,0
BRDA:97,4,0,1
BRDA:97,4,1,1
BRDA:102,5,0,2
BRDA:102,5,1,0
BRDA:105,6,0,2
BRDA:105,6,1,0
BRDA:107,7,0,1
BRDA:107,7,1,1
BRDA:109,8,0,3
BRDA:109,8,1,0
BRDA:109,9,0,2
BRDA:109,9,1,1
BRDA:109,10,0,0
BRDA:109,10,1,0
BRDA:115,11,0,4
BRDA:115,11,1,0
BRDA:115,12,0,2
BRDA:115,12,1,2
BRDA:115,13,0,0
BRDA:115,13,1,0
BRDA:116,14,0,1
BRDA:116,14,1,1
BRDA:120,15,0,2
BRDA:120,15,1,0
BRF:30
BRH:18
end_of_record
TN:
SF:/Users/lebui/equix/src/reducers/orderList/orderListInitialState.js
FNF:0
FNH:0
DA:1,1
DA:17,1
DA:27,1
DA:44,1
DA:45,1
LF:5
LH:5
BRF:0
BRH:0
end_of_record
TN:
SF:/Users/lebui/equix/src/reducers/orderList/orderListReducer.js
FN:28,orderListReducer
FN:73,(anonymous_2)
FN:90,(anonymous_3)
FN:106,(anonymous_4)
FNF:4
FNH:2
FNDA:10,orderListReducer
FNDA:3,(anonymous_2)
FNDA:0,(anonymous_3)
FNDA:0,(anonymous_4)
DA:1,1
DA:28,10
DA:29,10
DA:31,10
DA:36,2
DA:39,10
DA:41,1
DA:45,1
DA:47,1
DA:54,1
DA:56,0
DA:60,0
DA:62,6
DA:63,6
DA:64,1
DA:65,5
DA:66,1
DA:68,4
DA:70,6
DA:71,0
DA:73,6
DA:74,3
DA:76,6
DA:77,3
DA:78,3
DA:80,3
DA:83,6
DA:84,6
DA:86,1
DA:87,1
DA:88,0
DA:90,1
DA:91,0
DA:94,1
DA:95,0
DA:96,0
DA:99,1
DA:101,5
DA:102,1
DA:103,1
DA:104,0
DA:106,1
DA:107,0
DA:110,1
DA:111,0
DA:112,0
DA:115,1
DA:118,4
DA:120,6
DA:123,6
DA:124,6
DA:125,6
DA:127,2
LF:53
LH:42
BRDA:28,1,0,10
BRDA:28,1,1,0
BRDA:28,2,0,10
BRDA:28,2,1,10
BRDA:29,3,0,0
BRDA:29,3,1,10
BRDA:31,4,0,2
BRDA:31,4,1,8
BRDA:31,5,0,10
BRDA:31,5,1,9
BRDA:31,5,2,3
BRDA:31,5,3,3
BRDA:31,5,4,3
BRDA:39,6,0,1
BRDA:39,6,1,1
BRDA:39,6,2,0
BRDA:39,6,3,6
BRDA:63,7,0,1
BRDA:63,7,1,5
BRDA:65,8,0,1
BRDA:65,8,1,4
BRDA:70,9,0,0
BRDA:70,9,1,6
BRDA:76,10,0,3
BRDA:76,10,1,3
BRDA:84,11,0,1
BRDA:84,11,1,5
BRDA:87,12,0,0
BRDA:87,12,1,1
BRDA:94,13,0,0
BRDA:94,13,1,1
BRDA:101,14,0,1
BRDA:101,14,1,4
BRDA:103,15,0,0
BRDA:103,15,1,1
BRDA:110,16,0,0
BRDA:110,16,1,1
BRF:37
BRH:29
end_of_record
TN:
SF:/Users/lebui/equix/src/reducers/OrderDetail/OrderDetailInitialState.js
FNF:0
FNH:0
DA:1,1
DA:17,1
DA:27,1
DA:68,1
DA:69,1
LF:5
LH:5
BRF:0
BRH:0
end_of_record
TN:
SF:/Users/lebui/equix/src/reducers/OrderDetail/OrderDetailReducer.js
FN:22,OrderDetailInitialState
FNF:1
FNH:1
FNDA:6,OrderDetailInitialState
DA:1,1
DA:22,6
DA:23,6
DA:24,6
DA:25,6
DA:27,1
DA:30,1
DA:31,1
DA:33,1
DA:35,1
DA:36,1
DA:38,1
DA:45,1
DA:46,1
DA:48,1
DA:51,1
DA:52,1
DA:54,1
DA:62,1
DA:63,1
DA:64,1
DA:67,1
LF:22
LH:22
BRDA:22,1,0,6
BRDA:22,1,1,0
BRDA:22,2,0,6
BRDA:22,2,1,6
BRDA:23,3,0,0
BRDA:23,3,1,6
BRDA:25,4,0,1
BRDA:25,4,1,1
BRDA:25,4,2,1
BRDA:25,4,3,1
BRDA:25,4,4,1
BRF:11
BRH:9
end_of_record
TN:
SF:/Users/lebui/equix/src/reducers/OpenPositions/openPositionAction.js
FN:87,callBackUpdateUserInfoRequest
FN:87,realTimeState
FN:87,onRealTimeReceived
FN:87,loadingState
FN:87,responseState
FN:87,GetListBussinessInfo
FN:91,(anonymous_7)
FNF:7
FNH:6
FNDA:1,callBackUpdateUserInfoRequest
FNDA:1,realTimeState
FNDA:0,onRealTimeReceived
FNDA:3,loadingState
FNDA:2,responseState
FNDA:2,GetListBussinessInfo
FNDA:2,(anonymous_7)
DA:1,1
DA:32,1
DA:53,1
DA:60,1
DA:74,1
DA:80,1
DA:87,3
DA:88,2
DA:89,2
DA:91,2
DA:92,2
DA:93,2
DA:94,2
LF:13
LH:13
BRDA:87,1,0,1
BRDA:87,1,1,0
BRDA:87,2,0,2
BRDA:87,2,1,0
BRDA:87,3,0,1
BRDA:87,3,1,1
BRDA:87,4,0,0
BRDA:87,4,1,0
BRDA:87,5,0,1
BRDA:87,5,1,0
BRDA:87,6,0,2
BRDA:87,6,1,0
BRDA:87,7,0,1
BRDA:87,7,1,1
BRDA:87,8,0,0
BRDA:87,8,1,0
BRDA:87,9,0,1
BRDA:87,9,1,0
BRDA:87,10,0,1
BRDA:87,10,1,0
BRDA:87,11,0,0
BRDA:87,11,1,0
BRDA:87,12,0,0
BRDA:87,12,1,0
BRF:24
BRH:10
end_of_record
TN:
SF:/Users/lebui/equix/src/reducers/OrderModify/OrderModifyInitialState.js
FNF:0
FNH:0
DA:1,1
DA:17,1
DA:27,1
DA:70,1
DA:71,1
LF:5
LH:5
BRF:0
BRH:0
end_of_record
TN:
SF:/Users/lebui/equix/src/reducers/OrderModify/OrderModifyReducer.js
FN:22,OrderModifyInitialState
FNF:1
FNH:1
FNDA:6,OrderModifyInitialState
DA:1,1
DA:22,6
DA:23,6
DA:24,6
DA:25,6
DA:27,1
DA:30,1
DA:31,1
DA:33,1
DA:35,1
DA:36,1
DA:38,1
DA:45,1
DA:46,1
DA:48,1
DA:51,1
DA:52,1
DA:54,1
DA:62,1
DA:63,1
DA:64,1
DA:67,1
LF:22
LH:22
BRDA:22,1,0,6
BRDA:22,1,1,0
BRDA:22,2,0,6
BRDA:22,2,1,6
BRDA:23,3,0,0
BRDA:23,3,1,6
BRDA:25,4,0,1
BRDA:25,4,1,1
BRDA:25,4,2,1
BRDA:25,4,3,1
BRDA:25,4,4,1
BRF:11
BRH:9
end_of_record
TN:
SF:/Users/lebui/equix/src/reducers/OpenPositions/openPositionInitialState.js
FNF:0
FNH:0
DA:1,1
DA:17,1
DA:27,1
DA:41,1
DA:42,1
LF:5
LH:5
BRF:0
BRH:0
end_of_record
TN:
SF:/Users/lebui/equix/src/reducers/OpenPositions/openPositionReducer.js
FN:25,openPositionReducer
FNF:1
FNH:1
FNDA:6,openPositionReducer
DA:1,1
DA:25,6
DA:26,6
DA:27,5
DA:29,5
DA:31,1
DA:32,1
DA:34,1
DA:37,1
DA:39,2
DA:40,2
DA:41,2
DA:42,1
DA:45,2
DA:46,2
DA:47,2
DA:48,1
DA:51,2
DA:52,2
DA:55,2
DA:56,2
DA:58,1
LF:22
LH:22
BRDA:25,1,0,4
BRDA:25,1,1,2
BRDA:25,2,0,6
BRDA:25,2,1,6
BRDA:26,3,0,1
BRDA:26,3,1,5
BRDA:29,4,0,1
BRDA:29,4,1,1
BRDA:29,4,2,2
BRDA:41,5,0,1
BRDA:41,5,1,1
BRDA:47,6,0,1
BRDA:47,6,1,1
BRF:13
BRH:13
end_of_record
TN:
SF:/Users/lebui/equix/src/reducers/UserInfo/userInfoAction.js
FN:47,callBackUpdateUserInfoRequest
FN:47,UpdatingUserInfo
FN:47,UpdateUserInfoRequest
FN:48,(anonymous_4)
FNF:4
FNH:4
FNDA:2,callBackUpdateUserInfoRequest
FNDA:2,UpdatingUserInfo
FNDA:1,UpdateUserInfoRequest
FNDA:1,(anonymous_4)
DA:1,1
DA:32,1
DA:40,1
DA:47,2
DA:48,1
DA:49,1
DA:50,1
DA:51,1
LF:8
LH:8
BRDA:47,1,0,1
BRDA:47,1,1,0
BRDA:47,2,0,1
BRDA:47,2,1,1
BRF:4
BRH:3
end_of_record
TN:
SF:/Users/lebui/equix/src/reducers/AddCode/AddCodeReducer.js
FN:21,AddCodeReducer
FNF:1
FNH:1
FNDA:5,AddCodeReducer
DA:1,1
DA:21,5
DA:22,5
DA:23,4
DA:24,4
DA:26,1
DA:27,1
DA:29,1
DA:31,1
DA:33,1
DA:35,1
DA:37,1
DA:38,1
DA:42,1
LF:14
LH:14
BRDA:21,1,0,4
BRDA:21,1,1,1
BRDA:21,2,0,5
BRDA:21,2,1,5
BRDA:22,3,0,1
BRDA:22,3,1,4
BRDA:24,4,0,1
BRDA:24,4,1,1
BRDA:24,4,2,1
BRDA:24,4,3,1
BRF:10
BRH:10
end_of_record
TN:
SF:/Users/lebui/equix/src/reducers/AddCode/AddCodeInitialState.js
FNF:0
FNH:0
DA:1,1
DA:17,1
DA:26,1
DA:40,1
DA:41,1
LF:5
LH:5
BRF:0
BRH:0
end_of_record
